
AVRASM ver. 2.1.30  D:\term8\Micro\HWs\Final Project\3\Debug\List\clock.asm Thu Jun 30 03:43:51 2022

D:\term8\Micro\HWs\Final Project\3\Debug\List\clock.asm(1088): warning: Register r5 already defined by the .DEF directive
D:\term8\Micro\HWs\Final Project\3\Debug\List\clock.asm(1089): warning: Register r4 already defined by the .DEF directive
D:\term8\Micro\HWs\Final Project\3\Debug\List\clock.asm(1090): warning: Register r7 already defined by the .DEF directive
D:\term8\Micro\HWs\Final Project\3\Debug\List\clock.asm(1091): warning: Register r6 already defined by the .DEF directive
D:\term8\Micro\HWs\Final Project\3\Debug\List\clock.asm(1092): warning: Register r9 already defined by the .DEF directive
D:\term8\Micro\HWs\Final Project\3\Debug\List\clock.asm(1093): warning: Register r8 already defined by the .DEF directive
D:\term8\Micro\HWs\Final Project\3\Debug\List\clock.asm(1094): warning: Register r11 already defined by the .DEF directive
D:\term8\Micro\HWs\Final Project\3\Debug\List\clock.asm(1095): warning: Register r10 already defined by the .DEF directive
                 
                 
                 ;CodeVisionAVR C Compiler V3.12 Advanced
                 ;(C) Copyright 1998-2014 Pavel Haiduc, HP InfoTech s.r.l.
                 ;http://www.hpinfotech.com
                 
                 ;Build configuration    : Debug
                 ;Chip type              : ATmega32
                 ;Program type           : Application
                 ;Clock frequency        : 8.000000 MHz
                 ;Memory model           : Small
                 ;Optimize for           : Size
                 ;(s)printf features     : int, width
                 ;(s)scanf features      : int, width
                 ;External RAM size      : 0
                 ;Data Stack size        : 512 byte(s)
                 ;Heap size              : 0 byte(s)
                 ;Promote 'char' to 'int': Yes
                 ;'char' is unsigned     : Yes
                 ;8 bit enums            : Yes
                 ;Global 'const' stored in FLASH: Yes
                 ;Enhanced function parameter passing: Yes
                 ;Enhanced core instructions: On
                 ;Automatic register allocation for global variables: On
                 ;Smart register allocation: On
                 
                 	#define _MODEL_SMALL_
                 
                 	#pragma AVRPART ADMIN PART_NAME ATmega32
                 	#pragma AVRPART MEMORY PROG_FLASH 32768
                 	#pragma AVRPART MEMORY EEPROM 1024
                 	#pragma AVRPART MEMORY INT_SRAM SIZE 2048
                 	#pragma AVRPART MEMORY INT_SRAM START_ADDR 0x60
                 
                 	#define CALL_SUPPORTED 1
                 
                 	.LISTMAC
                 	.EQU UDRE=0x5
                 	.EQU RXC=0x7
                 	.EQU USR=0xB
                 	.EQU UDR=0xC
                 	.EQU SPSR=0xE
                 	.EQU SPDR=0xF
                 	.EQU EERE=0x0
                 	.EQU EEWE=0x1
                 	.EQU EEMWE=0x2
                 	.EQU EECR=0x1C
                 	.EQU EEDR=0x1D
                 	.EQU EEARL=0x1E
                 	.EQU EEARH=0x1F
                 	.EQU WDTCR=0x21
                 	.EQU MCUCR=0x35
                 	.EQU GICR=0x3B
                 	.EQU SPL=0x3D
                 	.EQU SPH=0x3E
                 	.EQU SREG=0x3F
                 
                 	.DEF R0X0=R0
                 	.DEF R0X1=R1
                 	.DEF R0X2=R2
                 	.DEF R0X3=R3
                 	.DEF R0X4=R4
                 	.DEF R0X5=R5
                 	.DEF R0X6=R6
                 	.DEF R0X7=R7
                 	.DEF R0X8=R8
                 	.DEF R0X9=R9
                 	.DEF R0XA=R10
                 	.DEF R0XB=R11
                 	.DEF R0XC=R12
                 	.DEF R0XD=R13
                 	.DEF R0XE=R14
                 	.DEF R0XF=R15
                 	.DEF R0X10=R16
                 	.DEF R0X11=R17
                 	.DEF R0X12=R18
                 	.DEF R0X13=R19
                 	.DEF R0X14=R20
                 	.DEF R0X15=R21
                 	.DEF R0X16=R22
                 	.DEF R0X17=R23
                 	.DEF R0X18=R24
                 	.DEF R0X19=R25
                 	.DEF R0X1A=R26
                 	.DEF R0X1B=R27
                 	.DEF R0X1C=R28
                 	.DEF R0X1D=R29
                 	.DEF R0X1E=R30
                 	.DEF R0X1F=R31
                 
                 	.EQU __SRAM_START=0x0060
                 	.EQU __SRAM_END=0x085F
                 	.EQU __DSTACK_SIZE=0x0200
                 	.EQU __HEAP_SIZE=0x0000
                 	.EQU __CLEAR_SRAM_SIZE=__SRAM_END-__SRAM_START+1
                 
                 	.MACRO __CPD1N
                 	CPI  R30,LOW(@0)
                 	LDI  R26,HIGH(@0)
                 	CPC  R31,R26
                 	LDI  R26,BYTE3(@0)
                 	CPC  R22,R26
                 	LDI  R26,BYTE4(@0)
                 	CPC  R23,R26
                 	.ENDM
                 
                 	.MACRO __CPD2N
                 	CPI  R26,LOW(@0)
                 	LDI  R30,HIGH(@0)
                 	CPC  R27,R30
                 	LDI  R30,BYTE3(@0)
                 	CPC  R24,R30
                 	LDI  R30,BYTE4(@0)
                 	CPC  R25,R30
                 	.ENDM
                 
                 	.MACRO __CPWRR
                 	CP   R@0,R@2
                 	CPC  R@1,R@3
                 	.ENDM
                 
                 	.MACRO __CPWRN
                 	CPI  R@0,LOW(@2)
                 	LDI  R30,HIGH(@2)
                 	CPC  R@1,R30
                 	.ENDM
                 
                 	.MACRO __ADDB1MN
                 	SUBI R30,LOW(-@0-(@1))
                 	.ENDM
                 
                 	.MACRO __ADDB2MN
                 	SUBI R26,LOW(-@0-(@1))
                 	.ENDM
                 
                 	.MACRO __ADDW1MN
                 	SUBI R30,LOW(-@0-(@1))
                 	SBCI R31,HIGH(-@0-(@1))
                 	.ENDM
                 
                 	.MACRO __ADDW2MN
                 	SUBI R26,LOW(-@0-(@1))
                 	SBCI R27,HIGH(-@0-(@1))
                 	.ENDM
                 
                 	.MACRO __ADDW1FN
                 	SUBI R30,LOW(-2*@0-(@1))
                 	SBCI R31,HIGH(-2*@0-(@1))
                 	.ENDM
                 
                 	.MACRO __ADDD1FN
                 	SUBI R30,LOW(-2*@0-(@1))
                 	SBCI R31,HIGH(-2*@0-(@1))
                 	SBCI R22,BYTE3(-2*@0-(@1))
                 	.ENDM
                 
                 	.MACRO __ADDD1N
                 	SUBI R30,LOW(-@0)
                 	SBCI R31,HIGH(-@0)
                 	SBCI R22,BYTE3(-@0)
                 	SBCI R23,BYTE4(-@0)
                 	.ENDM
                 
                 	.MACRO __ADDD2N
                 	SUBI R26,LOW(-@0)
                 	SBCI R27,HIGH(-@0)
                 	SBCI R24,BYTE3(-@0)
                 	SBCI R25,BYTE4(-@0)
                 	.ENDM
                 
                 	.MACRO __SUBD1N
                 	SUBI R30,LOW(@0)
                 	SBCI R31,HIGH(@0)
                 	SBCI R22,BYTE3(@0)
                 	SBCI R23,BYTE4(@0)
                 	.ENDM
                 
                 	.MACRO __SUBD2N
                 	SUBI R26,LOW(@0)
                 	SBCI R27,HIGH(@0)
                 	SBCI R24,BYTE3(@0)
                 	SBCI R25,BYTE4(@0)
                 	.ENDM
                 
                 	.MACRO __ANDBMNN
                 	LDS  R30,@0+(@1)
                 	ANDI R30,LOW(@2)
                 	STS  @0+(@1),R30
                 	.ENDM
                 
                 	.MACRO __ANDWMNN
                 	LDS  R30,@0+(@1)
                 	ANDI R30,LOW(@2)
                 	STS  @0+(@1),R30
                 	LDS  R30,@0+(@1)+1
                 	ANDI R30,HIGH(@2)
                 	STS  @0+(@1)+1,R30
                 	.ENDM
                 
                 	.MACRO __ANDD1N
                 	ANDI R30,LOW(@0)
                 	ANDI R31,HIGH(@0)
                 	ANDI R22,BYTE3(@0)
                 	ANDI R23,BYTE4(@0)
                 	.ENDM
                 
                 	.MACRO __ANDD2N
                 	ANDI R26,LOW(@0)
                 	ANDI R27,HIGH(@0)
                 	ANDI R24,BYTE3(@0)
                 	ANDI R25,BYTE4(@0)
                 	.ENDM
                 
                 	.MACRO __ORBMNN
                 	LDS  R30,@0+(@1)
                 	ORI  R30,LOW(@2)
                 	STS  @0+(@1),R30
                 	.ENDM
                 
                 	.MACRO __ORWMNN
                 	LDS  R30,@0+(@1)
                 	ORI  R30,LOW(@2)
                 	STS  @0+(@1),R30
                 	LDS  R30,@0+(@1)+1
                 	ORI  R30,HIGH(@2)
                 	STS  @0+(@1)+1,R30
                 	.ENDM
                 
                 	.MACRO __ORD1N
                 	ORI  R30,LOW(@0)
                 	ORI  R31,HIGH(@0)
                 	ORI  R22,BYTE3(@0)
                 	ORI  R23,BYTE4(@0)
                 	.ENDM
                 
                 	.MACRO __ORD2N
                 	ORI  R26,LOW(@0)
                 	ORI  R27,HIGH(@0)
                 	ORI  R24,BYTE3(@0)
                 	ORI  R25,BYTE4(@0)
                 	.ENDM
                 
                 	.MACRO __DELAY_USB
                 	LDI  R24,LOW(@0)
                 __DELAY_USB_LOOP:
                 	DEC  R24
                 	BRNE __DELAY_USB_LOOP
                 	.ENDM
                 
                 	.MACRO __DELAY_USW
                 	LDI  R24,LOW(@0)
                 	LDI  R25,HIGH(@0)
                 __DELAY_USW_LOOP:
                 	SBIW R24,1
                 	BRNE __DELAY_USW_LOOP
                 	.ENDM
                 
                 	.MACRO __GETD1S
                 	LDD  R30,Y+@0
                 	LDD  R31,Y+@0+1
                 	LDD  R22,Y+@0+2
                 	LDD  R23,Y+@0+3
                 	.ENDM
                 
                 	.MACRO __GETD2S
                 	LDD  R26,Y+@0
                 	LDD  R27,Y+@0+1
                 	LDD  R24,Y+@0+2
                 	LDD  R25,Y+@0+3
                 	.ENDM
                 
                 	.MACRO __PUTD1S
                 	STD  Y+@0,R30
                 	STD  Y+@0+1,R31
                 	STD  Y+@0+2,R22
                 	STD  Y+@0+3,R23
                 	.ENDM
                 
                 	.MACRO __PUTD2S
                 	STD  Y+@0,R26
                 	STD  Y+@0+1,R27
                 	STD  Y+@0+2,R24
                 	STD  Y+@0+3,R25
                 	.ENDM
                 
                 	.MACRO __PUTDZ2
                 	STD  Z+@0,R26
                 	STD  Z+@0+1,R27
                 	STD  Z+@0+2,R24
                 	STD  Z+@0+3,R25
                 	.ENDM
                 
                 	.MACRO __CLRD1S
                 	STD  Y+@0,R30
                 	STD  Y+@0+1,R30
                 	STD  Y+@0+2,R30
                 	STD  Y+@0+3,R30
                 	.ENDM
                 
                 	.MACRO __POINTB1MN
                 	LDI  R30,LOW(@0+(@1))
                 	.ENDM
                 
                 	.MACRO __POINTW1MN
                 	LDI  R30,LOW(@0+(@1))
                 	LDI  R31,HIGH(@0+(@1))
                 	.ENDM
                 
                 	.MACRO __POINTD1M
                 	LDI  R30,LOW(@0)
                 	LDI  R31,HIGH(@0)
                 	LDI  R22,BYTE3(@0)
                 	LDI  R23,BYTE4(@0)
                 	.ENDM
                 
                 	.MACRO __POINTW1FN
                 	LDI  R30,LOW(2*@0+(@1))
                 	LDI  R31,HIGH(2*@0+(@1))
                 	.ENDM
                 
                 	.MACRO __POINTD1FN
                 	LDI  R30,LOW(2*@0+(@1))
                 	LDI  R31,HIGH(2*@0+(@1))
                 	LDI  R22,BYTE3(2*@0+(@1))
                 	LDI  R23,BYTE4(2*@0+(@1))
                 	.ENDM
                 
                 	.MACRO __POINTB2MN
                 	LDI  R26,LOW(@0+(@1))
                 	.ENDM
                 
                 	.MACRO __POINTW2MN
                 	LDI  R26,LOW(@0+(@1))
                 	LDI  R27,HIGH(@0+(@1))
                 	.ENDM
                 
                 	.MACRO __POINTW2FN
                 	LDI  R26,LOW(2*@0+(@1))
                 	LDI  R27,HIGH(2*@0+(@1))
                 	.ENDM
                 
                 	.MACRO __POINTD2FN
                 	LDI  R26,LOW(2*@0+(@1))
                 	LDI  R27,HIGH(2*@0+(@1))
                 	LDI  R24,BYTE3(2*@0+(@1))
                 	LDI  R25,BYTE4(2*@0+(@1))
                 	.ENDM
                 
                 	.MACRO __POINTBRM
                 	LDI  R@0,LOW(@1)
                 	.ENDM
                 
                 	.MACRO __POINTWRM
                 	LDI  R@0,LOW(@2)
                 	LDI  R@1,HIGH(@2)
                 	.ENDM
                 
                 	.MACRO __POINTBRMN
                 	LDI  R@0,LOW(@1+(@2))
                 	.ENDM
                 
                 	.MACRO __POINTWRMN
                 	LDI  R@0,LOW(@2+(@3))
                 	LDI  R@1,HIGH(@2+(@3))
                 	.ENDM
                 
                 	.MACRO __POINTWRFN
                 	LDI  R@0,LOW(@2*2+(@3))
                 	LDI  R@1,HIGH(@2*2+(@3))
                 	.ENDM
                 
                 	.MACRO __GETD1N
                 	LDI  R30,LOW(@0)
                 	LDI  R31,HIGH(@0)
                 	LDI  R22,BYTE3(@0)
                 	LDI  R23,BYTE4(@0)
                 	.ENDM
                 
                 	.MACRO __GETD2N
                 	LDI  R26,LOW(@0)
                 	LDI  R27,HIGH(@0)
                 	LDI  R24,BYTE3(@0)
                 	LDI  R25,BYTE4(@0)
                 	.ENDM
                 
                 	.MACRO __GETB1MN
                 	LDS  R30,@0+(@1)
                 	.ENDM
                 
                 	.MACRO __GETB1HMN
                 	LDS  R31,@0+(@1)
                 	.ENDM
                 
                 	.MACRO __GETW1MN
                 	LDS  R30,@0+(@1)
                 	LDS  R31,@0+(@1)+1
                 	.ENDM
                 
                 	.MACRO __GETD1MN
                 	LDS  R30,@0+(@1)
                 	LDS  R31,@0+(@1)+1
                 	LDS  R22,@0+(@1)+2
                 	LDS  R23,@0+(@1)+3
                 	.ENDM
                 
                 	.MACRO __GETBRMN
                 	LDS  R@0,@1+(@2)
                 	.ENDM
                 
                 	.MACRO __GETWRMN
                 	LDS  R@0,@2+(@3)
                 	LDS  R@1,@2+(@3)+1
                 	.ENDM
                 
                 	.MACRO __GETWRZ
                 	LDD  R@0,Z+@2
                 	LDD  R@1,Z+@2+1
                 	.ENDM
                 
                 	.MACRO __GETD2Z
                 	LDD  R26,Z+@0
                 	LDD  R27,Z+@0+1
                 	LDD  R24,Z+@0+2
                 	LDD  R25,Z+@0+3
                 	.ENDM
                 
                 	.MACRO __GETB2MN
                 	LDS  R26,@0+(@1)
                 	.ENDM
                 
                 	.MACRO __GETW2MN
                 	LDS  R26,@0+(@1)
                 	LDS  R27,@0+(@1)+1
                 	.ENDM
                 
                 	.MACRO __GETD2MN
                 	LDS  R26,@0+(@1)
                 	LDS  R27,@0+(@1)+1
                 	LDS  R24,@0+(@1)+2
                 	LDS  R25,@0+(@1)+3
                 	.ENDM
                 
                 	.MACRO __PUTB1MN
                 	STS  @0+(@1),R30
                 	.ENDM
                 
                 	.MACRO __PUTW1MN
                 	STS  @0+(@1),R30
                 	STS  @0+(@1)+1,R31
                 	.ENDM
                 
                 	.MACRO __PUTD1MN
                 	STS  @0+(@1),R30
                 	STS  @0+(@1)+1,R31
                 	STS  @0+(@1)+2,R22
                 	STS  @0+(@1)+3,R23
                 	.ENDM
                 
                 	.MACRO __PUTB1EN
                 	LDI  R26,LOW(@0+(@1))
                 	LDI  R27,HIGH(@0+(@1))
                 	CALL __EEPROMWRB
                 	.ENDM
                 
                 	.MACRO __PUTW1EN
                 	LDI  R26,LOW(@0+(@1))
                 	LDI  R27,HIGH(@0+(@1))
                 	CALL __EEPROMWRW
                 	.ENDM
                 
                 	.MACRO __PUTD1EN
                 	LDI  R26,LOW(@0+(@1))
                 	LDI  R27,HIGH(@0+(@1))
                 	CALL __EEPROMWRD
                 	.ENDM
                 
                 	.MACRO __PUTBR0MN
                 	STS  @0+(@1),R0
                 	.ENDM
                 
                 	.MACRO __PUTBMRN
                 	STS  @0+(@1),R@2
                 	.ENDM
                 
                 	.MACRO __PUTWMRN
                 	STS  @0+(@1),R@2
                 	STS  @0+(@1)+1,R@3
                 	.ENDM
                 
                 	.MACRO __PUTBZR
                 	STD  Z+@1,R@0
                 	.ENDM
                 
                 	.MACRO __PUTWZR
                 	STD  Z+@2,R@0
                 	STD  Z+@2+1,R@1
                 	.ENDM
                 
                 	.MACRO __GETW1R
                 	MOV  R30,R@0
                 	MOV  R31,R@1
                 	.ENDM
                 
                 	.MACRO __GETW2R
                 	MOV  R26,R@0
                 	MOV  R27,R@1
                 	.ENDM
                 
                 	.MACRO __GETWRN
                 	LDI  R@0,LOW(@2)
                 	LDI  R@1,HIGH(@2)
                 	.ENDM
                 
                 	.MACRO __PUTW1R
                 	MOV  R@0,R30
                 	MOV  R@1,R31
                 	.ENDM
                 
                 	.MACRO __PUTW2R
                 	MOV  R@0,R26
                 	MOV  R@1,R27
                 	.ENDM
                 
                 	.MACRO __ADDWRN
                 	SUBI R@0,LOW(-@2)
                 	SBCI R@1,HIGH(-@2)
                 	.ENDM
                 
                 	.MACRO __ADDWRR
                 	ADD  R@0,R@2
                 	ADC  R@1,R@3
                 	.ENDM
                 
                 	.MACRO __SUBWRN
                 	SUBI R@0,LOW(@2)
                 	SBCI R@1,HIGH(@2)
                 	.ENDM
                 
                 	.MACRO __SUBWRR
                 	SUB  R@0,R@2
                 	SBC  R@1,R@3
                 	.ENDM
                 
                 	.MACRO __ANDWRN
                 	ANDI R@0,LOW(@2)
                 	ANDI R@1,HIGH(@2)
                 	.ENDM
                 
                 	.MACRO __ANDWRR
                 	AND  R@0,R@2
                 	AND  R@1,R@3
                 	.ENDM
                 
                 	.MACRO __ORWRN
                 	ORI  R@0,LOW(@2)
                 	ORI  R@1,HIGH(@2)
                 	.ENDM
                 
                 	.MACRO __ORWRR
                 	OR   R@0,R@2
                 	OR   R@1,R@3
                 	.ENDM
                 
                 	.MACRO __EORWRR
                 	EOR  R@0,R@2
                 	EOR  R@1,R@3
                 	.ENDM
                 
                 	.MACRO __GETWRS
                 	LDD  R@0,Y+@2
                 	LDD  R@1,Y+@2+1
                 	.ENDM
                 
                 	.MACRO __PUTBSR
                 	STD  Y+@1,R@0
                 	.ENDM
                 
                 	.MACRO __PUTWSR
                 	STD  Y+@2,R@0
                 	STD  Y+@2+1,R@1
                 	.ENDM
                 
                 	.MACRO __MOVEWRR
                 	MOV  R@0,R@2
                 	MOV  R@1,R@3
                 	.ENDM
                 
                 	.MACRO __INWR
                 	IN   R@0,@2
                 	IN   R@1,@2+1
                 	.ENDM
                 
                 	.MACRO __OUTWR
                 	OUT  @2+1,R@1
                 	OUT  @2,R@0
                 	.ENDM
                 
                 	.MACRO __CALL1MN
                 	LDS  R30,@0+(@1)
                 	LDS  R31,@0+(@1)+1
                 	ICALL
                 	.ENDM
                 
                 	.MACRO __CALL1FN
                 	LDI  R30,LOW(2*@0+(@1))
                 	LDI  R31,HIGH(2*@0+(@1))
                 	CALL __GETW1PF
                 	ICALL
                 	.ENDM
                 
                 	.MACRO __CALL2EN
                 	PUSH R26
                 	PUSH R27
                 	LDI  R26,LOW(@0+(@1))
                 	LDI  R27,HIGH(@0+(@1))
                 	CALL __EEPROMRDW
                 	POP  R27
                 	POP  R26
                 	ICALL
                 	.ENDM
                 
                 	.MACRO __CALL2EX
                 	SUBI R26,LOW(-@0)
                 	SBCI R27,HIGH(-@0)
                 	CALL __EEPROMRDD
                 	ICALL
                 	.ENDM
                 
                 	.MACRO __GETW1STACK
                 	IN   R30,SPL
                 	IN   R31,SPH
                 	ADIW R30,@0+1
                 	LD   R0,Z+
                 	LD   R31,Z
                 	MOV  R30,R0
                 	.ENDM
                 
                 	.MACRO __GETD1STACK
                 	IN   R30,SPL
                 	IN   R31,SPH
                 	ADIW R30,@0+1
                 	LD   R0,Z+
                 	LD   R1,Z+
                 	LD   R22,Z
                 	MOVW R30,R0
                 	.ENDM
                 
                 	.MACRO __NBST
                 	BST  R@0,@1
                 	IN   R30,SREG
                 	LDI  R31,0x40
                 	EOR  R30,R31
                 	OUT  SREG,R30
                 	.ENDM
                 
                 
                 	.MACRO __PUTB1SN
                 	LDD  R26,Y+@0
                 	LDD  R27,Y+@0+1
                 	SUBI R26,LOW(-@1)
                 	SBCI R27,HIGH(-@1)
                 	ST   X,R30
                 	.ENDM
                 
                 	.MACRO __PUTW1SN
                 	LDD  R26,Y+@0
                 	LDD  R27,Y+@0+1
                 	SUBI R26,LOW(-@1)
                 	SBCI R27,HIGH(-@1)
                 	ST   X+,R30
                 	ST   X,R31
                 	.ENDM
                 
                 	.MACRO __PUTD1SN
                 	LDD  R26,Y+@0
                 	LDD  R27,Y+@0+1
                 	SUBI R26,LOW(-@1)
                 	SBCI R27,HIGH(-@1)
                 	CALL __PUTDP1
                 	.ENDM
                 
                 	.MACRO __PUTB1SNS
                 	LDD  R26,Y+@0
                 	LDD  R27,Y+@0+1
                 	ADIW R26,@1
                 	ST   X,R30
                 	.ENDM
                 
                 	.MACRO __PUTW1SNS
                 	LDD  R26,Y+@0
                 	LDD  R27,Y+@0+1
                 	ADIW R26,@1
                 	ST   X+,R30
                 	ST   X,R31
                 	.ENDM
                 
                 	.MACRO __PUTD1SNS
                 	LDD  R26,Y+@0
                 	LDD  R27,Y+@0+1
                 	ADIW R26,@1
                 	CALL __PUTDP1
                 	.ENDM
                 
                 	.MACRO __PUTB1PMN
                 	LDS  R26,@0
                 	LDS  R27,@0+1
                 	SUBI R26,LOW(-@1)
                 	SBCI R27,HIGH(-@1)
                 	ST   X,R30
                 	.ENDM
                 
                 	.MACRO __PUTW1PMN
                 	LDS  R26,@0
                 	LDS  R27,@0+1
                 	SUBI R26,LOW(-@1)
                 	SBCI R27,HIGH(-@1)
                 	ST   X+,R30
                 	ST   X,R31
                 	.ENDM
                 
                 	.MACRO __PUTD1PMN
                 	LDS  R26,@0
                 	LDS  R27,@0+1
                 	SUBI R26,LOW(-@1)
                 	SBCI R27,HIGH(-@1)
                 	CALL __PUTDP1
                 	.ENDM
                 
                 	.MACRO __PUTB1PMNS
                 	LDS  R26,@0
                 	LDS  R27,@0+1
                 	ADIW R26,@1
                 	ST   X,R30
                 	.ENDM
                 
                 	.MACRO __PUTW1PMNS
                 	LDS  R26,@0
                 	LDS  R27,@0+1
                 	ADIW R26,@1
                 	ST   X+,R30
                 	ST   X,R31
                 	.ENDM
                 
                 	.MACRO __PUTD1PMNS
                 	LDS  R26,@0
                 	LDS  R27,@0+1
                 	ADIW R26,@1
                 	CALL __PUTDP1
                 	.ENDM
                 
                 	.MACRO __PUTB1RN
                 	MOVW R26,R@0
                 	SUBI R26,LOW(-@1)
                 	SBCI R27,HIGH(-@1)
                 	ST   X,R30
                 	.ENDM
                 
                 	.MACRO __PUTW1RN
                 	MOVW R26,R@0
                 	SUBI R26,LOW(-@1)
                 	SBCI R27,HIGH(-@1)
                 	ST   X+,R30
                 	ST   X,R31
                 	.ENDM
                 
                 	.MACRO __PUTD1RN
                 	MOVW R26,R@0
                 	SUBI R26,LOW(-@1)
                 	SBCI R27,HIGH(-@1)
                 	CALL __PUTDP1
                 	.ENDM
                 
                 	.MACRO __PUTB1RNS
                 	MOVW R26,R@0
                 	ADIW R26,@1
                 	ST   X,R30
                 	.ENDM
                 
                 	.MACRO __PUTW1RNS
                 	MOVW R26,R@0
                 	ADIW R26,@1
                 	ST   X+,R30
                 	ST   X,R31
                 	.ENDM
                 
                 	.MACRO __PUTD1RNS
                 	MOVW R26,R@0
                 	ADIW R26,@1
                 	CALL __PUTDP1
                 	.ENDM
                 
                 	.MACRO __PUTB1RON
                 	MOV  R26,R@0
                 	MOV  R27,R@1
                 	SUBI R26,LOW(-@2)
                 	SBCI R27,HIGH(-@2)
                 	ST   X,R30
                 	.ENDM
                 
                 	.MACRO __PUTW1RON
                 	MOV  R26,R@0
                 	MOV  R27,R@1
                 	SUBI R26,LOW(-@2)
                 	SBCI R27,HIGH(-@2)
                 	ST   X+,R30
                 	ST   X,R31
                 	.ENDM
                 
                 	.MACRO __PUTD1RON
                 	MOV  R26,R@0
                 	MOV  R27,R@1
                 	SUBI R26,LOW(-@2)
                 	SBCI R27,HIGH(-@2)
                 	CALL __PUTDP1
                 	.ENDM
                 
                 	.MACRO __PUTB1RONS
                 	MOV  R26,R@0
                 	MOV  R27,R@1
                 	ADIW R26,@2
                 	ST   X,R30
                 	.ENDM
                 
                 	.MACRO __PUTW1RONS
                 	MOV  R26,R@0
                 	MOV  R27,R@1
                 	ADIW R26,@2
                 	ST   X+,R30
                 	ST   X,R31
                 	.ENDM
                 
                 	.MACRO __PUTD1RONS
                 	MOV  R26,R@0
                 	MOV  R27,R@1
                 	ADIW R26,@2
                 	CALL __PUTDP1
                 	.ENDM
                 
                 
                 	.MACRO __GETB1SX
                 	MOVW R30,R28
                 	SUBI R30,LOW(-@0)
                 	SBCI R31,HIGH(-@0)
                 	LD   R30,Z
                 	.ENDM
                 
                 	.MACRO __GETB1HSX
                 	MOVW R30,R28
                 	SUBI R30,LOW(-@0)
                 	SBCI R31,HIGH(-@0)
                 	LD   R31,Z
                 	.ENDM
                 
                 	.MACRO __GETW1SX
                 	MOVW R30,R28
                 	SUBI R30,LOW(-@0)
                 	SBCI R31,HIGH(-@0)
                 	LD   R0,Z+
                 	LD   R31,Z
                 	MOV  R30,R0
                 	.ENDM
                 
                 	.MACRO __GETD1SX
                 	MOVW R30,R28
                 	SUBI R30,LOW(-@0)
                 	SBCI R31,HIGH(-@0)
                 	LD   R0,Z+
                 	LD   R1,Z+
                 	LD   R22,Z+
                 	LD   R23,Z
                 	MOVW R30,R0
                 	.ENDM
                 
                 	.MACRO __GETB2SX
                 	MOVW R26,R28
                 	SUBI R26,LOW(-@0)
                 	SBCI R27,HIGH(-@0)
                 	LD   R26,X
                 	.ENDM
                 
                 	.MACRO __GETW2SX
                 	MOVW R26,R28
                 	SUBI R26,LOW(-@0)
                 	SBCI R27,HIGH(-@0)
                 	LD   R0,X+
                 	LD   R27,X
                 	MOV  R26,R0
                 	.ENDM
                 
                 	.MACRO __GETD2SX
                 	MOVW R26,R28
                 	SUBI R26,LOW(-@0)
                 	SBCI R27,HIGH(-@0)
                 	LD   R0,X+
                 	LD   R1,X+
                 	LD   R24,X+
                 	LD   R25,X
                 	MOVW R26,R0
                 	.ENDM
                 
                 	.MACRO __GETBRSX
                 	MOVW R30,R28
                 	SUBI R30,LOW(-@1)
                 	SBCI R31,HIGH(-@1)
                 	LD   R@0,Z
                 	.ENDM
                 
                 	.MACRO __GETWRSX
                 	MOVW R30,R28
                 	SUBI R30,LOW(-@2)
                 	SBCI R31,HIGH(-@2)
                 	LD   R@0,Z+
                 	LD   R@1,Z
                 	.ENDM
                 
                 	.MACRO __GETBRSX2
                 	MOVW R26,R28
                 	SUBI R26,LOW(-@1)
                 	SBCI R27,HIGH(-@1)
                 	LD   R@0,X
                 	.ENDM
                 
                 	.MACRO __GETWRSX2
                 	MOVW R26,R28
                 	SUBI R26,LOW(-@2)
                 	SBCI R27,HIGH(-@2)
                 	LD   R@0,X+
                 	LD   R@1,X
                 	.ENDM
                 
                 	.MACRO __LSLW8SX
                 	MOVW R30,R28
                 	SUBI R30,LOW(-@0)
                 	SBCI R31,HIGH(-@0)
                 	LD   R31,Z
                 	CLR  R30
                 	.ENDM
                 
                 	.MACRO __PUTB1SX
                 	MOVW R26,R28
                 	SUBI R26,LOW(-@0)
                 	SBCI R27,HIGH(-@0)
                 	ST   X,R30
                 	.ENDM
                 
                 	.MACRO __PUTW1SX
                 	MOVW R26,R28
                 	SUBI R26,LOW(-@0)
                 	SBCI R27,HIGH(-@0)
                 	ST   X+,R30
                 	ST   X,R31
                 	.ENDM
                 
                 	.MACRO __PUTD1SX
                 	MOVW R26,R28
                 	SUBI R26,LOW(-@0)
                 	SBCI R27,HIGH(-@0)
                 	ST   X+,R30
                 	ST   X+,R31
                 	ST   X+,R22
                 	ST   X,R23
                 	.ENDM
                 
                 	.MACRO __CLRW1SX
                 	MOVW R26,R28
                 	SUBI R26,LOW(-@0)
                 	SBCI R27,HIGH(-@0)
                 	ST   X+,R30
                 	ST   X,R30
                 	.ENDM
                 
                 	.MACRO __CLRD1SX
                 	MOVW R26,R28
                 	SUBI R26,LOW(-@0)
                 	SBCI R27,HIGH(-@0)
                 	ST   X+,R30
                 	ST   X+,R30
                 	ST   X+,R30
                 	ST   X,R30
                 	.ENDM
                 
                 	.MACRO __PUTB2SX
                 	MOVW R30,R28
                 	SUBI R30,LOW(-@0)
                 	SBCI R31,HIGH(-@0)
                 	ST   Z,R26
                 	.ENDM
                 
                 	.MACRO __PUTW2SX
                 	MOVW R30,R28
                 	SUBI R30,LOW(-@0)
                 	SBCI R31,HIGH(-@0)
                 	ST   Z+,R26
                 	ST   Z,R27
                 	.ENDM
                 
                 	.MACRO __PUTD2SX
                 	MOVW R30,R28
                 	SUBI R30,LOW(-@0)
                 	SBCI R31,HIGH(-@0)
                 	ST   Z+,R26
                 	ST   Z+,R27
                 	ST   Z+,R24
                 	ST   Z,R25
                 	.ENDM
                 
                 	.MACRO __PUTBSRX
                 	MOVW R30,R28
                 	SUBI R30,LOW(-@1)
                 	SBCI R31,HIGH(-@1)
                 	ST   Z,R@0
                 	.ENDM
                 
                 	.MACRO __PUTWSRX
                 	MOVW R30,R28
                 	SUBI R30,LOW(-@2)
                 	SBCI R31,HIGH(-@2)
                 	ST   Z+,R@0
                 	ST   Z,R@1
                 	.ENDM
                 
                 	.MACRO __PUTB1SNX
                 	MOVW R26,R28
                 	SUBI R26,LOW(-@0)
                 	SBCI R27,HIGH(-@0)
                 	LD   R0,X+
                 	LD   R27,X
                 	MOV  R26,R0
                 	SUBI R26,LOW(-@1)
                 	SBCI R27,HIGH(-@1)
                 	ST   X,R30
                 	.ENDM
                 
                 	.MACRO __PUTW1SNX
                 	MOVW R26,R28
                 	SUBI R26,LOW(-@0)
                 	SBCI R27,HIGH(-@0)
                 	LD   R0,X+
                 	LD   R27,X
                 	MOV  R26,R0
                 	SUBI R26,LOW(-@1)
                 	SBCI R27,HIGH(-@1)
                 	ST   X+,R30
                 	ST   X,R31
                 	.ENDM
                 
                 	.MACRO __PUTD1SNX
                 	MOVW R26,R28
                 	SUBI R26,LOW(-@0)
                 	SBCI R27,HIGH(-@0)
                 	LD   R0,X+
                 	LD   R27,X
                 	MOV  R26,R0
                 	SUBI R26,LOW(-@1)
                 	SBCI R27,HIGH(-@1)
                 	ST   X+,R30
                 	ST   X+,R31
                 	ST   X+,R22
                 	ST   X,R23
                 	.ENDM
                 
                 	.MACRO __MULBRR
                 	MULS R@0,R@1
                 	MOVW R30,R0
                 	.ENDM
                 
                 	.MACRO __MULBRRU
                 	MUL  R@0,R@1
                 	MOVW R30,R0
                 	.ENDM
                 
                 	.MACRO __MULBRR0
                 	MULS R@0,R@1
                 	.ENDM
                 
                 	.MACRO __MULBRRU0
                 	MUL  R@0,R@1
                 	.ENDM
                 
                 	.MACRO __MULBNWRU
                 	LDI  R26,@2
                 	MUL  R26,R@0
                 	MOVW R30,R0
                 	MUL  R26,R@1
                 	ADD  R31,R0
                 	.ENDM
                 
                 ;NAME DEFINITIONS FOR GLOBAL VARIABLES ALLOCATED TO REGISTERS
                 	.DEF _tic=R5
                 	.DEF _hour=R4
                 	.DEF _min=R7
                 	.DEF _sec=R6
                 	.DEF _temp=R9
                 	.DEF _start=R8
                 	.DEF _i=R11
                 	.DEF _key_pressed=R10
                 
                 	.CSEG
                 	.ORG 0x00
                 
                 ;START OF CODE MARKER
                 __START_OF_CODE:
                 
                 ;INTERRUPT VECTORS
000000 940c 0036 	JMP  __RESET
000002 940c 0000 	JMP  0x00
000004 940c 0000 	JMP  0x00
000006 940c 0000 	JMP  0x00
000008 940c 0000 	JMP  0x00
00000a 940c 008c 	JMP  _timer2_ovf_isr
00000c 940c 0000 	JMP  0x00
00000e 940c 0000 	JMP  0x00
000010 940c 0000 	JMP  0x00
000012 940c 0000 	JMP  0x00
000014 940c 0000 	JMP  0x00
000016 940c 0000 	JMP  0x00
000018 940c 0000 	JMP  0x00
00001a 940c 0000 	JMP  0x00
00001c 940c 0000 	JMP  0x00
00001e 940c 0000 	JMP  0x00
000020 940c 0000 	JMP  0x00
000022 940c 0000 	JMP  0x00
000024 940c 0000 	JMP  0x00
000026 940c 0000 	JMP  0x00
000028 940c 0000 	JMP  0x00
                 
                 _seven:
00002a 7940
00002b 3024
00002c 1219
00002d 7802      	.DB  0x40,0x79,0x24,0x30,0x19,0x12,0x2,0x78
00002e 1000      	.DB  0x0,0x10
                 
                 ;GLOBAL REGISTER VARIABLES INITIALIZATION
                 __REG_VARS:
00002f 0000
000030 0000      	.DB  0x0,0x0,0x0,0x0
000031 0000      	.DB  0x0,0x0
                 
                 
                 __GLOBAL_INI_TBL:
000032 0006      	.DW  0x06
000033 0004      	.DW  0x04
000034 005e      	.DW  __REG_VARS*2
                 
                 _0xFFFFFFFF:
000035 0000      	.DW  0
                 
                 #define __GLOBAL_INI_TBL_PRESENT 1
                 
                 __RESET:
000036 94f8      	CLI
000037 27ee      	CLR  R30
000038 bbec      	OUT  EECR,R30
                 
                 ;INTERRUPT VECTORS ARE PLACED
                 ;AT THE START OF FLASH
000039 e0f1      	LDI  R31,1
00003a bffb      	OUT  GICR,R31
00003b bfeb      	OUT  GICR,R30
00003c bfe5      	OUT  MCUCR,R30
                 
                 ;CLEAR R2-R14
00003d e08d      	LDI  R24,(14-2)+1
00003e e0a2      	LDI  R26,2
00003f 27bb      	CLR  R27
                 __CLEAR_REG:
000040 93ed      	ST   X+,R30
000041 958a      	DEC  R24
000042 f7e9      	BRNE __CLEAR_REG
                 
                 ;CLEAR SRAM
000043 e080      	LDI  R24,LOW(__CLEAR_SRAM_SIZE)
000044 e098      	LDI  R25,HIGH(__CLEAR_SRAM_SIZE)
000045 e6a0      	LDI  R26,__SRAM_START
                 __CLEAR_SRAM:
000046 93ed      	ST   X+,R30
000047 9701      	SBIW R24,1
000048 f7e9      	BRNE __CLEAR_SRAM
                 
                 ;GLOBAL VARIABLES INITIALIZATION
000049 e6e4      	LDI  R30,LOW(__GLOBAL_INI_TBL*2)
00004a e0f0      	LDI  R31,HIGH(__GLOBAL_INI_TBL*2)
                 __GLOBAL_INI_NEXT:
00004b 9185      	LPM  R24,Z+
00004c 9195      	LPM  R25,Z+
00004d 9700      	SBIW R24,0
00004e f061      	BREQ __GLOBAL_INI_END
00004f 91a5      	LPM  R26,Z+
000050 91b5      	LPM  R27,Z+
000051 9005      	LPM  R0,Z+
000052 9015      	LPM  R1,Z+
000053 01bf      	MOVW R22,R30
000054 01f0      	MOVW R30,R0
                 __GLOBAL_INI_LOOP:
000055 9005      	LPM  R0,Z+
000056 920d      	ST   X+,R0
000057 9701      	SBIW R24,1
000058 f7e1      	BRNE __GLOBAL_INI_LOOP
000059 01fb      	MOVW R30,R22
00005a cff0      	RJMP __GLOBAL_INI_NEXT
                 __GLOBAL_INI_END:
                 
                 ;HARDWARE STACK POINTER INITIALIZATION
00005b e5ef      	LDI  R30,LOW(__SRAM_END-__HEAP_SIZE)
00005c bfed      	OUT  SPL,R30
00005d e0e8      	LDI  R30,HIGH(__SRAM_END-__HEAP_SIZE)
00005e bfee      	OUT  SPH,R30
                 
                 ;DATA STACK POINTER INITIALIZATION
00005f e6c0      	LDI  R28,LOW(__SRAM_START+__DSTACK_SIZE)
000060 e0d2      	LDI  R29,HIGH(__SRAM_START+__DSTACK_SIZE)
                 
000061 940c 013b 	JMP  _main
                 
                 	.ESEG
                 	.ORG 0
                 
                 	.DSEG
                 	.ORG 0x260
                 
                 	.CSEG
                 ;/*******************************************************
                 ;This program was created by the
                 ;CodeWizardAVR V3.12 Advanced
                 ;Automatic Program Generator
                 ;© Copyright 1998-2014 Pavel Haiduc, HP InfoTech s.r.l.
                 ;http://www.hpinfotech.com
                 ;
                 ;Project :
                 ;Version :
                 ;Date    : 6/30/2022
                 ;Author  :
                 ;Company :
                 ;Comments:
                 ;
                 ;
                 ;Chip type               : ATmega32
                 ;Program type            : Application
                 ;AVR Core Clock frequency: 8.000000 MHz
                 ;Memory model            : Small
                 ;External RAM size       : 0
                 ;Data Stack size         : 512
                 ;*******************************************************/
                 ;
                 ;#include <mega32.h>
                 	#ifndef __SLEEP_DEFINED__
                 	#define __SLEEP_DEFINED__
                 	.EQU __se_bit=0x80
                 	.EQU __sm_mask=0x70
                 	.EQU __sm_powerdown=0x20
                 	.EQU __sm_powersave=0x30
                 	.EQU __sm_standby=0x60
                 	.EQU __sm_ext_standby=0x70
                 	.EQU __sm_adc_noise_red=0x10
                 	.SET power_ctrl_reg=mcucr
                 	#endif
                 ;#include <delay.h>
                 ;const unsigned char seven[] = {0x40, 0x79, 0x24, 0x30, 0x19, 0x12, 0x2, 0x78, 0x0, 0x10};
                 ;// Declare your global variables here
                 ;unsigned char tic = 0;
                 ;unsigned char hour = 0;
                 ;unsigned char min = 0;
                 ;unsigned char sec = 0;
                 ;unsigned char temp = 0;
                 ;unsigned char start = 0,i,key_pressed;
                 ;
                 ;
                 ;
                 ;void display(unsigned char counts){     // lasts around 25ms
                 ; 0000 0025 void display(unsigned char counts){
                 
                 	.CSEG
                 _display:
                 ; .FSTART _display
                 ; 0000 0026     //PORTD = min;
                 ; 0000 0027     for (i = 0; i<counts;i++){
000063 93aa      	ST   -Y,R26
                 ;	counts -> Y+0
000064 24bb      	CLR  R11
                 _0x4:
000065 81e8      	LD   R30,Y
000066 16be      	CP   R11,R30
000067 f518      	BRSH _0x5
                 ; 0000 0028         temp = hour / 10;
000068 2da4      	MOV  R26,R4
000069 d0ed      	RCALL SUBOPT_0x0
                 ; 0000 0029         PORTB = 0x01;
00006a e0e1      	LDI  R30,LOW(1)
00006b d0f2      	RCALL SUBOPT_0x1
                 ; 0000 002A         PORTA = seven[temp];
                 ; 0000 002B         delay_ms(5);
00006c d0f9      	RCALL SUBOPT_0x2
                 ; 0000 002C         temp = hour % 10;
00006d d0fc      	RCALL SUBOPT_0x3
00006e 2e9e      	MOV  R9,R30
                 ; 0000 002D         PORTB = 0x02;
00006f e0e2      	LDI  R30,LOW(2)
000070 d0ed      	RCALL SUBOPT_0x1
                 ; 0000 002E         PORTA = seven[temp];
                 ; 0000 002F 
                 ; 0000 0030         PORTB.1 = 1;
000071 9ac1      	SBI  0x18,1
                 ; 0000 0031         delay_ms(5);
000072 d0f3      	RCALL SUBOPT_0x2
                 ; 0000 0032         temp = min / 10;
000073 2da7      	MOV  R26,R7
000074 d0e2      	RCALL SUBOPT_0x0
                 ; 0000 0033         PORTB = 0x04;
000075 e0e4      	LDI  R30,LOW(4)
000076 d0e7      	RCALL SUBOPT_0x1
                 ; 0000 0034         PORTA = seven[temp];
                 ; 0000 0035 
                 ; 0000 0036         PORTB.2 = 1;
000077 9ac2      	SBI  0x18,2
                 ; 0000 0037 
                 ; 0000 0038         delay_ms(5);
000078 d0ed      	RCALL SUBOPT_0x2
                 ; 0000 0039         temp = min % 10;
000079 d0f7      	RCALL SUBOPT_0x4
00007a 2e9e      	MOV  R9,R30
                 ; 0000 003A         PORTB = 0x08;
00007b e0e8      	LDI  R30,LOW(8)
00007c d0e1      	RCALL SUBOPT_0x1
                 ; 0000 003B         PORTA = seven[temp];
                 ; 0000 003C 
                 ; 0000 003D         delay_ms(5);
00007d d0e8      	RCALL SUBOPT_0x2
                 ; 0000 003E         if(tic==0){
00007e 2055      	TST  R5
00007f f421      	BRNE _0xA
                 ; 0000 003F             PORTB = 0x0F;
000080 e0ef      	LDI  R30,LOW(15)
000081 bbe8      	OUT  0x18,R30
                 ; 0000 0040             PORTA = 0x7F;
000082 e7ef      	LDI  R30,LOW(127)
000083 c003      	RJMP _0x34
                 ; 0000 0041 
                 ; 0000 0042         }else{
                 _0xA:
                 ; 0000 0043             PORTB = 0x0F;
000084 e0ef      	LDI  R30,LOW(15)
000085 bbe8      	OUT  0x18,R30
                 ; 0000 0044             PORTA = 0xFF;
000086 efef      	LDI  R30,LOW(255)
                 _0x34:
000087 bbeb      	OUT  0x1B,R30
                 ; 0000 0045 
                 ; 0000 0046         }
                 ; 0000 0047 
                 ; 0000 0048         delay_ms(5);
000088 d0dd      	RCALL SUBOPT_0x2
                 ; 0000 0049     }
000089 94b3      	INC  R11
00008a cfda      	RJMP _0x4
                 _0x5:
                 ; 0000 004A 
                 ; 0000 004B 
                 ; 0000 004C 
                 ; 0000 004D 
                 ; 0000 004E 
                 ; 0000 004F 
                 ; 0000 0050 
                 ; 0000 0051 }
00008b c03f      	RJMP _0x2000001
                 ; .FEND
                 ;
                 ;// Timer2 overflow interrupt service routine
                 ;interrupt [TIM2_OVF] void timer2_ovf_isr(void)
                 ; 0000 0055 {
                 _timer2_ovf_isr:
                 ; .FSTART _timer2_ovf_isr
00008c 93ea      	ST   -Y,R30
00008d b7ef      	IN   R30,SREG
00008e 93ea      	ST   -Y,R30
                 ; 0000 0056     tic = ~tic;
00008f 9450      	COM  R5
                 ; 0000 0057     if (tic==0)     // one sec
000090 2055      	TST  R5
000091 f471      	BRNE _0xC
                 ; 0000 0058     {
                 ; 0000 0059         sec++;
000092 9463      	INC  R6
                 ; 0000 005A         if (sec == 60){
000093 e3ec      	LDI  R30,LOW(60)
000094 15e6      	CP   R30,R6
000095 f451      	BRNE _0xD
                 ; 0000 005B            sec = 0;
000096 2466      	CLR  R6
                 ; 0000 005C            min++;
000097 9473      	INC  R7
                 ; 0000 005D            if(min == 60){
000098 15e7      	CP   R30,R7
000099 f431      	BRNE _0xE
                 ; 0000 005E              min = 0;
00009a 2477      	CLR  R7
                 ; 0000 005F              hour++;
00009b 9443      	INC  R4
                 ; 0000 0060              if (hour==24){
00009c e1e8      	LDI  R30,LOW(24)
00009d 15e4      	CP   R30,R4
00009e f409      	BRNE _0xF
                 ; 0000 0061                 hour = 0;
00009f 2444      	CLR  R4
                 ; 0000 0062              }
                 ; 0000 0063            }
                 _0xF:
                 ; 0000 0064         }
                 _0xE:
                 ; 0000 0065     }
                 _0xD:
                 ; 0000 0066 }
                 _0xC:
0000a0 91e9      	LD   R30,Y+
0000a1 bfef      	OUT  SREG,R30
0000a2 91e9      	LD   R30,Y+
0000a3 9518      	RETI
                 ; .FEND
                 ;
                 ;void send_number(unsigned char number){
                 ; 0000 0068 void send_number(unsigned char number){
                 _send_number:
                 ; .FSTART _send_number
                 ; 0000 0069     if (number == 10){
0000a4 93aa      	ST   -Y,R26
                 ;	number -> Y+0
0000a5 81a8      	LD   R26,Y
0000a6 30aa      	CPI  R26,LOW(0xA)
0000a7 f469      	BRNE _0x10
                 ; 0000 006A         start=1;
0000a8 e0e1      	LDI  R30,LOW(1)
0000a9 2e8e      	MOV  R8,R30
                 ; 0000 006B         // Timer/Counter 2 initialization
                 ; 0000 006C         // Clock source: TOSC1 pin
                 ; 0000 006D         // Clock value: PCK2/64
                 ; 0000 006E         // Mode: Normal top=0xFF
                 ; 0000 006F         // OC2 output: Disconnected
                 ; 0000 0070         ASSR=1<<AS2;
0000aa e0e8      	LDI  R30,LOW(8)
0000ab bde2      	OUT  0x22,R30
                 ; 0000 0071         TCCR2=(0<<PWM2) | (0<<COM21) | (0<<COM20) | (0<<CTC2) | (1<<CS22) | (0<<CS21) | (0<<CS20);
0000ac e0e4      	LDI  R30,LOW(4)
0000ad bde5      	OUT  0x25,R30
                 ; 0000 0072         TCNT2=0x00;
0000ae e0e0      	LDI  R30,LOW(0)
0000af bde4      	OUT  0x24,R30
                 ; 0000 0073         OCR2=0x00;
0000b0 bde3      	OUT  0x23,R30
                 ; 0000 0074 
                 ; 0000 0075         // Timer(s)/Counter(s) Interrupt(s) initialization
                 ; 0000 0076         TIMSK=(0<<OCIE2) | (1<<TOIE2) | (0<<TICIE1) | (0<<OCIE1A) | (0<<OCIE1B) | (0<<TOIE1) | (0<<OCIE0) | (0<<TOIE0);
0000b1 e4e0      	LDI  R30,LOW(64)
0000b2 bfe9      	OUT  0x39,R30
                 ; 0000 0077 
                 ; 0000 0078         // Global enable interrupts
                 ; 0000 0079         #asm("sei")
0000b3 9478      	sei
                 ; 0000 007A 
                 ; 0000 007B 
                 ; 0000 007C     }else if(number == 11){
0000b4 c016      	RJMP _0x11
                 _0x10:
0000b5 81a8      	LD   R26,Y
0000b6 30ab      	CPI  R26,LOW(0xB)
0000b7 f099      	BREQ _0x13
                 ; 0000 007D 
                 ; 0000 007E 
                 ; 0000 007F     }else{
                 ; 0000 0080         hour = hour % 10;
0000b8 d0b1      	RCALL SUBOPT_0x3
0000b9 2e4e      	MOV  R4,R30
                 ; 0000 0081         hour = hour * 10;
0000ba e0aa      	LDI  R26,LOW(10)
0000bb 02ea      	MULS R30,R26
0000bc 2c40      	MOV  R4,R0
                 ; 0000 0082         hour += min / 10;
0000bd 2da7      	MOV  R26,R7
0000be e0b0      	LDI  R27,0
0000bf e0ea      	LDI  R30,LOW(10)
0000c0 e0f0      	LDI  R31,HIGH(10)
0000c1 940e 0199 	CALL __DIVW21
0000c3 0e4e      	ADD  R4,R30
                 ; 0000 0083         min = min % 10;
0000c4 d0ac      	RCALL SUBOPT_0x4
0000c5 2e7e      	MOV  R7,R30
                 ; 0000 0084         min = min * 10;
0000c6 e0aa      	LDI  R26,LOW(10)
0000c7 02ea      	MULS R30,R26
0000c8 2c70      	MOV  R7,R0
                 ; 0000 0085         min += number;
0000c9 81e8      	LD   R30,Y
0000ca 0e7e      	ADD  R7,R30
                 ; 0000 0086 
                 ; 0000 0087 
                 ; 0000 0088     }
                 _0x13:
                 _0x11:
                 ; 0000 0089 
                 ; 0000 008A }
                 _0x2000001:
0000cb 9621      	ADIW R28,1
0000cc 9508      	RET
                 ; .FEND
                 ;
                 ;void GET_KEY (void){
                 ; 0000 008C void GET_KEY (void){
                 _GET_KEY:
                 ; .FSTART _GET_KEY
                 ; 0000 008D     key_pressed = 50;   //
0000cd e3e2      	LDI  R30,LOW(50)
0000ce 2eae      	MOV  R10,R30
                 ; 0000 008E     PORTC=0XFC;
0000cf efec      	LDI  R30,LOW(252)
0000d0 bbe5      	OUT  0x15,R30
                 ; 0000 008F     if(PIND.0==0)
0000d1 9980      	SBIC 0x10,0
0000d2 c006      	RJMP _0x14
                 ; 0000 0090             {
                 ; 0000 0091             display(4);
0000d3 e0a4      	LDI  R26,LOW(4)
0000d4 df8e      	RCALL _display
                 ; 0000 0092             if(PIND.0==0)
0000d5 9980      	SBIC 0x10,0
0000d6 c002      	RJMP _0x15
                 ; 0000 0093                 {
                 ; 0000 0094                     //while (PINB.0==0){}
                 ; 0000 0095                     key_pressed=1;
0000d7 e0e1      	LDI  R30,LOW(1)
0000d8 2eae      	MOV  R10,R30
                 ; 0000 0096                 }
                 ; 0000 0097             }
                 _0x15:
                 ; 0000 0098      if(PIND.1==0)
                 _0x14:
0000d9 9981      	SBIC 0x10,1
0000da c006      	RJMP _0x16
                 ; 0000 0099             {
                 ; 0000 009A             display(4);
0000db e0a4      	LDI  R26,LOW(4)
0000dc df86      	RCALL _display
                 ; 0000 009B             if(PIND.1==0)
0000dd 9981      	SBIC 0x10,1
0000de c002      	RJMP _0x17
                 ; 0000 009C                 {
                 ; 0000 009D                     //while (PINB.1==0){}
                 ; 0000 009E                     key_pressed=4;
0000df e0e4      	LDI  R30,LOW(4)
0000e0 2eae      	MOV  R10,R30
                 ; 0000 009F                 }
                 ; 0000 00A0             }
                 _0x17:
                 ; 0000 00A1 
                 ; 0000 00A2      if(PIND.2==0)
                 _0x16:
0000e1 9982      	SBIC 0x10,2
0000e2 c006      	RJMP _0x18
                 ; 0000 00A3             {
                 ; 0000 00A4             display(4);
0000e3 e0a4      	LDI  R26,LOW(4)
0000e4 df7e      	RCALL _display
                 ; 0000 00A5             if(PIND.2==0)
0000e5 9982      	SBIC 0x10,2
0000e6 c002      	RJMP _0x19
                 ; 0000 00A6                 {
                 ; 0000 00A7                     //while (PINB.2==0){}
                 ; 0000 00A8                     key_pressed=7;
0000e7 e0e7      	LDI  R30,LOW(7)
0000e8 2eae      	MOV  R10,R30
                 ; 0000 00A9                 }
                 ; 0000 00AA             }
                 _0x19:
                 ; 0000 00AB 
                 ; 0000 00AC      if(PIND.3==0)
                 _0x18:
0000e9 9983      	SBIC 0x10,3
0000ea c006      	RJMP _0x1A
                 ; 0000 00AD             {
                 ; 0000 00AE             display(4);
0000eb e0a4      	LDI  R26,LOW(4)
0000ec df76      	RCALL _display
                 ; 0000 00AF             if(PIND.3==0)
0000ed 9983      	SBIC 0x10,3
0000ee c002      	RJMP _0x1B
                 ; 0000 00B0                 {
                 ; 0000 00B1                     //while (PINB.3==0){}
                 ; 0000 00B2                     key_pressed=10;  //      *
0000ef e0ea      	LDI  R30,LOW(10)
0000f0 2eae      	MOV  R10,R30
                 ; 0000 00B3                 }
                 ; 0000 00B4             }
                 _0x1B:
                 ; 0000 00B5 
                 ; 0000 00B6 
                 ; 0000 00B7 
                 ; 0000 00B8       PORTC=0XFA;
                 _0x1A:
0000f1 efea      	LDI  R30,LOW(250)
0000f2 bbe5      	OUT  0x15,R30
                 ; 0000 00B9       if(PIND.0==0)
0000f3 9980      	SBIC 0x10,0
0000f4 c006      	RJMP _0x1C
                 ; 0000 00BA             {
                 ; 0000 00BB             display(4);
0000f5 e0a4      	LDI  R26,LOW(4)
0000f6 df6c      	RCALL _display
                 ; 0000 00BC             if(PIND.0==0)
0000f7 9980      	SBIC 0x10,0
0000f8 c002      	RJMP _0x1D
                 ; 0000 00BD                 {
                 ; 0000 00BE                     //while (PINB.0==0){}
                 ; 0000 00BF                     key_pressed=2;
0000f9 e0e2      	LDI  R30,LOW(2)
0000fa 2eae      	MOV  R10,R30
                 ; 0000 00C0                 }
                 ; 0000 00C1             }
                 _0x1D:
                 ; 0000 00C2      if(PIND.1==0)
                 _0x1C:
0000fb 9981      	SBIC 0x10,1
0000fc c006      	RJMP _0x1E
                 ; 0000 00C3             {
                 ; 0000 00C4             display(4);
0000fd e0a4      	LDI  R26,LOW(4)
0000fe df64      	RCALL _display
                 ; 0000 00C5             if(PIND.1==0)
0000ff 9981      	SBIC 0x10,1
000100 c002      	RJMP _0x1F
                 ; 0000 00C6                 {
                 ; 0000 00C7                     //while (PINB.1==0){}
                 ; 0000 00C8                     key_pressed=5;
000101 e0e5      	LDI  R30,LOW(5)
000102 2eae      	MOV  R10,R30
                 ; 0000 00C9                 }
                 ; 0000 00CA             }
                 _0x1F:
                 ; 0000 00CB 
                 ; 0000 00CC      if(PIND.2==0)
                 _0x1E:
000103 9982      	SBIC 0x10,2
000104 c006      	RJMP _0x20
                 ; 0000 00CD             {
                 ; 0000 00CE             display(4);
000105 e0a4      	LDI  R26,LOW(4)
000106 df5c      	RCALL _display
                 ; 0000 00CF             if(PIND.2==0)
000107 9982      	SBIC 0x10,2
000108 c002      	RJMP _0x21
                 ; 0000 00D0                 {
                 ; 0000 00D1                     //while (PINB.2==0){}
                 ; 0000 00D2                     key_pressed=8;
000109 e0e8      	LDI  R30,LOW(8)
00010a 2eae      	MOV  R10,R30
                 ; 0000 00D3                 }
                 ; 0000 00D4             }
                 _0x21:
                 ; 0000 00D5 
                 ; 0000 00D6      if(PIND.3==0)
                 _0x20:
00010b 9983      	SBIC 0x10,3
00010c c004      	RJMP _0x22
                 ; 0000 00D7             {
                 ; 0000 00D8             display(4);
00010d e0a4      	LDI  R26,LOW(4)
00010e df54      	RCALL _display
                 ; 0000 00D9             if(PIND.3==0)
00010f 9b83      	SBIS 0x10,3
                 ; 0000 00DA                 {
                 ; 0000 00DB                     //while (PINB.2==0){}
                 ; 0000 00DC                     key_pressed=0;
000110 24aa      	CLR  R10
                 ; 0000 00DD                 }
                 ; 0000 00DE             }
                 ; 0000 00DF 
                 ; 0000 00E0       PORTC=0XF6;
                 _0x22:
000111 efe6      	LDI  R30,LOW(246)
000112 bbe5      	OUT  0x15,R30
                 ; 0000 00E1       if(PIND.0==0)
000113 9980      	SBIC 0x10,0
000114 c006      	RJMP _0x24
                 ; 0000 00E2             {
                 ; 0000 00E3             display(4);
000115 e0a4      	LDI  R26,LOW(4)
000116 df4c      	RCALL _display
                 ; 0000 00E4             if(PIND.0==0)
000117 9980      	SBIC 0x10,0
000118 c002      	RJMP _0x25
                 ; 0000 00E5                 {
                 ; 0000 00E6                     //while (PINB.0==0){}
                 ; 0000 00E7                     key_pressed=3;
000119 e0e3      	LDI  R30,LOW(3)
00011a 2eae      	MOV  R10,R30
                 ; 0000 00E8                 }
                 ; 0000 00E9             }
                 _0x25:
                 ; 0000 00EA      if(PIND.1==0)
                 _0x24:
00011b 9981      	SBIC 0x10,1
00011c c006      	RJMP _0x26
                 ; 0000 00EB             {
                 ; 0000 00EC             display(4);
00011d e0a4      	LDI  R26,LOW(4)
00011e df44      	RCALL _display
                 ; 0000 00ED             if(PIND.1==0)
00011f 9981      	SBIC 0x10,1
000120 c002      	RJMP _0x27
                 ; 0000 00EE                 {
                 ; 0000 00EF                     //while (PINB.1==0){}
                 ; 0000 00F0                     key_pressed=6;
000121 e0e6      	LDI  R30,LOW(6)
000122 2eae      	MOV  R10,R30
                 ; 0000 00F1                 }
                 ; 0000 00F2             }
                 _0x27:
                 ; 0000 00F3 
                 ; 0000 00F4      if(PIND.2==0)
                 _0x26:
000123 9982      	SBIC 0x10,2
000124 c006      	RJMP _0x28
                 ; 0000 00F5             {
                 ; 0000 00F6             display(4);
000125 e0a4      	LDI  R26,LOW(4)
000126 df3c      	RCALL _display
                 ; 0000 00F7             if(PIND.2==0)
000127 9982      	SBIC 0x10,2
000128 c002      	RJMP _0x29
                 ; 0000 00F8                 {
                 ; 0000 00F9                     //while (PINB.2==0){}
                 ; 0000 00FA                     key_pressed=9;
000129 e0e9      	LDI  R30,LOW(9)
00012a 2eae      	MOV  R10,R30
                 ; 0000 00FB                 }
                 ; 0000 00FC             }
                 _0x29:
                 ; 0000 00FD 
                 ; 0000 00FE      if(PIND.3==0)
                 _0x28:
00012b 9983      	SBIC 0x10,3
00012c c006      	RJMP _0x2A
                 ; 0000 00FF             {
                 ; 0000 0100             display(4);
00012d e0a4      	LDI  R26,LOW(4)
00012e df34      	RCALL _display
                 ; 0000 0101             if(PIND.3==0)
00012f 9983      	SBIC 0x10,3
000130 c002      	RJMP _0x2B
                 ; 0000 0102                 {
                 ; 0000 0103                    // while (PINB.3==0){}
                 ; 0000 0104                     key_pressed=11;   //     #
000131 e0eb      	LDI  R30,LOW(11)
000132 2eae      	MOV  R10,R30
                 ; 0000 0105                 }
                 ; 0000 0106             }
                 _0x2B:
                 ; 0000 0107        if(key_pressed!=50){
                 _0x2A:
000133 e3e2      	LDI  R30,LOW(50)
000134 15ea      	CP   R30,R10
000135 f011      	BREQ _0x2C
                 ; 0000 0108        send_number(key_pressed);  }
000136 2daa      	MOV  R26,R10
000137 df6c      	RCALL _send_number
                 ; 0000 0109        PORTC=0XF0;
                 _0x2C:
000138 efe0      	LDI  R30,LOW(240)
000139 bbe5      	OUT  0x15,R30
                 ; 0000 010A 
                 ; 0000 010B 
                 ; 0000 010C 
                 ; 0000 010D }
00013a 9508      	RET
                 ; .FEND
                 ;
                 ;
                 ;
                 ;
                 ;void main(void)
                 ; 0000 0113 {
                 _main:
                 ; .FSTART _main
                 ; 0000 0114 // Declare your local variables here
                 ; 0000 0115 
                 ; 0000 0116 // Input/Output Ports initialization
                 ; 0000 0117 // Port A initialization
                 ; 0000 0118 // Function: Bit7=Out Bit6=Out Bit5=Out Bit4=Out Bit3=Out Bit2=Out Bit1=Out Bit0=Out
                 ; 0000 0119 DDRA=(1<<DDA7) | (1<<DDA6) | (1<<DDA5) | (1<<DDA4) | (1<<DDA3) | (1<<DDA2) | (1<<DDA1) | (1<<DDA0);
00013b efef      	LDI  R30,LOW(255)
00013c bbea      	OUT  0x1A,R30
                 ; 0000 011A // State: Bit7=0 Bit6=0 Bit5=0 Bit4=0 Bit3=0 Bit2=0 Bit1=0 Bit0=0
                 ; 0000 011B PORTA=(0<<PORTA7) | (0<<PORTA6) | (0<<PORTA5) | (0<<PORTA4) | (0<<PORTA3) | (0<<PORTA2) | (0<<PORTA1) | (0<<PORTA0);
00013d e0e0      	LDI  R30,LOW(0)
00013e bbeb      	OUT  0x1B,R30
                 ; 0000 011C 
                 ; 0000 011D // Port B initialization
                 ; 0000 011E // Function: Bit7=In Bit6=In Bit5=In Bit4=In Bit3=Out Bit2=Out Bit1=Out Bit0=Out
                 ; 0000 011F DDRB=(0<<DDB7) | (0<<DDB6) | (0<<DDB5) | (0<<DDB4) | (1<<DDB3) | (1<<DDB2) | (1<<DDB1) | (1<<DDB0);
00013f e0ef      	LDI  R30,LOW(15)
000140 bbe7      	OUT  0x17,R30
                 ; 0000 0120 // State: Bit7=T Bit6=T Bit5=T Bit4=T Bit3=0 Bit2=0 Bit1=0 Bit0=0
                 ; 0000 0121 PORTB=(0<<PORTB7) | (0<<PORTB6) | (0<<PORTB5) | (0<<PORTB4) | (0<<PORTB3) | (0<<PORTB2) | (0<<PORTB1) | (0<<PORTB0);
000141 e0e0      	LDI  R30,LOW(0)
000142 bbe8      	OUT  0x18,R30
                 ; 0000 0122 
                 ; 0000 0123 // Port C initialization
                 ; 0000 0124 // Function: Bit7=In Bit6=In Bit5=In Bit4=In Bit3=Out Bit2=Out Bit1=Out Bit0=In
                 ; 0000 0125 DDRC=(0<<DDC7) | (0<<DDC6) | (0<<DDC5) | (0<<DDC4) | (1<<DDC3) | (1<<DDC2) | (1<<DDC1) | (0<<DDC0);
000143 e0ee      	LDI  R30,LOW(14)
000144 bbe4      	OUT  0x14,R30
                 ; 0000 0126 // State: Bit7=T Bit6=T Bit5=T Bit4=T Bit3=0 Bit2=0 Bit1=0 Bit0=T
                 ; 0000 0127 PORTC=(0<<PORTC7) | (0<<PORTC6) | (0<<PORTC5) | (0<<PORTC4) | (0<<PORTC3) | (0<<PORTC2) | (0<<PORTC1) | (0<<PORTC0);
000145 e0e0      	LDI  R30,LOW(0)
000146 bbe5      	OUT  0x15,R30
                 ; 0000 0128 
                 ; 0000 0129 // Port D initialization
                 ; 0000 012A // Function: Bit7=In Bit6=In Bit5=In Bit4=In Bit3=In Bit2=In Bit1=In Bit0=In
                 ; 0000 012B DDRD=(0<<DDD7) | (0<<DDD6) | (0<<DDD5) | (0<<DDD4) | (0<<DDD3) | (0<<DDD2) | (0<<DDD1) | (0<<DDD0);
000147 bbe1      	OUT  0x11,R30
                 ; 0000 012C //DDRD = 0xff;
                 ; 0000 012D // State: Bit7=T Bit6=T Bit5=T Bit4=T Bit3=P Bit2=P Bit1=P Bit0=P
                 ; 0000 012E PORTD=(0<<PORTD7) | (0<<PORTD6) | (0<<PORTD5) | (0<<PORTD4) | (1<<PORTD3) | (1<<PORTD2) | (1<<PORTD1) | (1<<PORTD0);
000148 e0ef      	LDI  R30,LOW(15)
000149 bbe2      	OUT  0x12,R30
                 ; 0000 012F 
                 ; 0000 0130 
                 ; 0000 0131 while (1)
                 _0x2D:
                 ; 0000 0132       {
                 ; 0000 0133       if (start == 0 ){
00014a 2088      	TST  R8
00014b f439      	BRNE _0x30
                 ; 0000 0134         if ((PIND&0x0F) != 0x0F){
00014c b3e0      	IN   R30,0x10
00014d 70ef      	ANDI R30,LOW(0xF)
00014e 30ef      	CPI  R30,LOW(0xF)
00014f f009      	BREQ _0x31
                 ; 0000 0135             GET_KEY();
000150 df7c      	RCALL _GET_KEY
                 ; 0000 0136         }
                 ; 0000 0137         display(8);
                 _0x31:
000151 e0a8      	LDI  R26,LOW(8)
000152 c001      	RJMP _0x35
                 ; 0000 0138 
                 ; 0000 0139       }else
                 _0x30:
                 ; 0000 013A         display(1);
000153 e0a1      	LDI  R26,LOW(1)
                 _0x35:
000154 df0e      	RCALL _display
                 ; 0000 013B       }
000155 cff4      	RJMP _0x2D
                 ; 0000 013C }
                 _0x33:
000156 cfff      	RJMP _0x33
                 ; .FEND
                 
                 	.CSEG
                 ;OPTIMIZER ADDED SUBROUTINE, CALLED 2 TIMES, CODE SIZE REDUCTION:1 WORDS
                 SUBOPT_0x0:
000157 e0b0      	LDI  R27,0
000158 e0ea      	LDI  R30,LOW(10)
000159 e0f0      	LDI  R31,HIGH(10)
00015a 940e 0199 	CALL __DIVW21
00015c 2e9e      	MOV  R9,R30
00015d 9508      	RET
                 
                 ;OPTIMIZER ADDED SUBROUTINE, CALLED 4 TIMES, CODE SIZE REDUCTION:12 WORDS
                 SUBOPT_0x1:
00015e bbe8      	OUT  0x18,R30
00015f 2de9      	MOV  R30,R9
000160 e0f0      	LDI  R31,0
000161 5aec      	SUBI R30,LOW(-_seven*2)
000162 4fff      	SBCI R31,HIGH(-_seven*2)
000163 9004      	LPM  R0,Z
000164 ba0b      	OUT  0x1B,R0
000165 9508      	RET
                 
                 ;OPTIMIZER ADDED SUBROUTINE, CALLED 5 TIMES, CODE SIZE REDUCTION:5 WORDS
                 SUBOPT_0x2:
000166 e0a5      	LDI  R26,LOW(5)
000167 e0b0      	LDI  R27,0
000168 940c 0178 	JMP  _delay_ms
                 
                 ;OPTIMIZER ADDED SUBROUTINE, CALLED 2 TIMES, CODE SIZE REDUCTION:1 WORDS
                 SUBOPT_0x3:
00016a 2da4      	MOV  R26,R4
00016b 27bb      	CLR  R27
00016c e0ea      	LDI  R30,LOW(10)
00016d e0f0      	LDI  R31,HIGH(10)
00016e 940e 019e 	CALL __MODW21
000170 9508      	RET
                 
                 ;OPTIMIZER ADDED SUBROUTINE, CALLED 2 TIMES, CODE SIZE REDUCTION:1 WORDS
                 SUBOPT_0x4:
000171 2da7      	MOV  R26,R7
000172 27bb      	CLR  R27
000173 e0ea      	LDI  R30,LOW(10)
000174 e0f0      	LDI  R31,HIGH(10)
000175 940e 019e 	CALL __MODW21
000177 9508      	RET
                 
                 
                 	.CSEG
                 _delay_ms:
000178 9610      	adiw r26,0
000179 f039      	breq __delay_ms1
                 __delay_ms0:
                +
00017a ed80     +LDI R24 , LOW ( 0x7D0 )
00017b e097     +LDI R25 , HIGH ( 0x7D0 )
                +__DELAY_USW_LOOP :
00017c 9701     +SBIW R24 , 1
00017d f7f1     +BRNE __DELAY_USW_LOOP
                 	__DELAY_USW 0x7D0
00017e 95a8      	wdr
00017f 9711      	sbiw r26,1
000180 f7c9      	brne __delay_ms0
                 __delay_ms1:
000181 9508      	ret
                 
                 __ANEGW1:
000182 95f1      	NEG  R31
000183 95e1      	NEG  R30
000184 40f0      	SBCI R31,0
000185 9508      	RET
                 
                 __DIVW21U:
000186 2400      	CLR  R0
000187 2411      	CLR  R1
000188 e190      	LDI  R25,16
                 __DIVW21U1:
000189 0faa      	LSL  R26
00018a 1fbb      	ROL  R27
00018b 1c00      	ROL  R0
00018c 1c11      	ROL  R1
00018d 1a0e      	SUB  R0,R30
00018e 0a1f      	SBC  R1,R31
00018f f418      	BRCC __DIVW21U2
000190 0e0e      	ADD  R0,R30
000191 1e1f      	ADC  R1,R31
000192 c001      	RJMP __DIVW21U3
                 __DIVW21U2:
000193 60a1      	SBR  R26,1
                 __DIVW21U3:
000194 959a      	DEC  R25
000195 f799      	BRNE __DIVW21U1
000196 01fd      	MOVW R30,R26
000197 01d0      	MOVW R26,R0
000198 9508      	RET
                 
                 __DIVW21:
000199 d012      	RCALL __CHKSIGNW
00019a dfeb      	RCALL __DIVW21U
00019b f40e      	BRTC __DIVW211
00019c dfe5      	RCALL __ANEGW1
                 __DIVW211:
00019d 9508      	RET
                 
                 __MODW21:
00019e 94e8      	CLT
00019f ffb7      	SBRS R27,7
0001a0 c004      	RJMP __MODW211
0001a1 95a0      	COM  R26
0001a2 95b0      	COM  R27
0001a3 9611      	ADIW R26,1
0001a4 9468      	SET
                 __MODW211:
0001a5 fdf7      	SBRC R31,7
0001a6 dfdb      	RCALL __ANEGW1
0001a7 dfde      	RCALL __DIVW21U
0001a8 01fd      	MOVW R30,R26
0001a9 f40e      	BRTC __MODW212
0001aa dfd7      	RCALL __ANEGW1
                 __MODW212:
0001ab 9508      	RET
                 
                 __CHKSIGNW:
0001ac 94e8      	CLT
0001ad fff7      	SBRS R31,7
0001ae c002      	RJMP __CHKSW1
0001af dfd2      	RCALL __ANEGW1
0001b0 9468      	SET
                 __CHKSW1:
0001b1 ffb7      	SBRS R27,7
0001b2 c006      	RJMP __CHKSW2
0001b3 95a0      	COM  R26
0001b4 95b0      	COM  R27
0001b5 9611      	ADIW R26,1
0001b6 f800      	BLD  R0,0
0001b7 9403      	INC  R0
0001b8 fa00      	BST  R0,0
                 __CHKSW2:
0001b9 9508      	RET
                 
                 ;END OF CODE MARKER
                 __END_OF_CODE:


RESOURCE USE INFORMATION
------------------------

Notice:
The register and instruction counts are symbol table hit counts,
and hence implicitly used resources are not counted, eg, the
'lpm' instruction without operands implicitly uses r0 and z,
none of which are counted.

x,y,z are separate entities in the symbol table and are
counted separately from r26..r31 here.

.dseg memory usage only counts static data declared with .byte

ATmega32 register use summary:
r0 :  16 r1 :   5 r2 :   0 r3 :   0 r4 :   8 r5 :   3 r6 :   3 r7 :   9 
r8 :   2 r9 :   4 r10:  15 r11:   3 r12:   0 r13:   0 r14:   0 r15:   0 
r16:   0 r17:   0 r18:   0 r19:   0 r20:   0 r21:   0 r22:   2 r23:   0 
r24:   9 r25:   5 r26:  45 r27:  12 r28:   2 r29:   1 r30: 123 r31:  15 
x  :   3 y  :  10 z  :   8 
Registers used: 22 out of 35 (62.9%)

ATmega32 instruction use summary:
.lds  :   0 .lds.l:   0 .sts  :   0 .sts.l:   0 adc   :   1 add   :   3 
adiw  :   4 and   :   0 andi  :   1 asr   :   0 bclr  :   0 bld   :   1 
brbc  :   0 brbs  :   0 brcc  :   1 brcs  :   0 break :   0 breq  :   5 
brge  :   0 brhc  :   0 brhs  :   0 brid  :   0 brie  :   0 brlo  :   0 
brlt  :   0 brmi  :   0 brne  :  13 brpl  :   0 brsh  :   1 brtc  :   2 
brts  :   0 brvc  :   0 brvs  :   0 bset  :   0 bst   :   1 call  :   4 
cbi   :   0 cbr   :   0 clc   :   0 clh   :   0 cli   :   1 cln   :   0 
clr   :  11 cls   :   0 clt   :   2 clv   :   0 clz   :   0 com   :   5 
cp    :   5 cpc   :   0 cpi   :   3 cpse  :   0 dec   :   2 des   :   0 
eor   :   0 fmul  :   0 fmuls :   0 fmulsu:   0 icall :   0 ijmp  :   0 
in    :   2 inc   :   5 jmp   :  23 ld    :   6 ldd   :   0 ldi   :  83 
lds   :   0 lpm   :   9 lsl   :   1 lsr   :   0 mov   :  27 movw  :   6 
mul   :   0 muls  :   2 mulsu :   0 neg   :   2 nop   :   0 or    :   0 
ori   :   0 out   :  29 pop   :   0 push  :   0 rcall :  37 ret   :  12 
reti  :   1 rjmp  :  35 rol   :   3 ror   :   0 sbc   :   1 sbci  :   2 
sbi   :   2 sbic  :  23 sbis  :   1 sbiw  :   5 sbr   :   1 sbrc  :   1 
sbrs  :   3 sec   :   0 seh   :   0 sei   :   1 sen   :   0 ser   :   0 
ses   :   0 set   :   2 sev   :   0 sez   :   0 sleep :   0 spm   :   0 
st    :   7 std   :   0 sts   :   0 sub   :   1 subi  :   1 swap  :   0 
tst   :   3 wdr   :   1 
Instructions used: 52 out of 116 (44.8%)

ATmega32 memory use summary [bytes]:
Segment   Begin    End      Code   Data   Used    Size   Use%
---------------------------------------------------------------
[.cseg] 0x000000 0x000374    860     24    884   32768   2.7%
[.dseg] 0x000060 0x000260      0      0      0    2048   0.0%
[.eseg] 0x000000 0x000000      0      0      0    1024   0.0%

Assembly complete, 0 errors, 8 warnings
