
AVRASM ver. 2.1.30  D:\term8\Micro\HWs\Final Project\8\Debug\List\eeprom.asm Thu Jun 30 19:10:33 2022

D:\term8\Micro\HWs\Final Project\8\Debug\List\eeprom.asm(1088): warning: Register r5 already defined by the .DEF directive
D:\term8\Micro\HWs\Final Project\8\Debug\List\eeprom.asm(1089): warning: Register r4 already defined by the .DEF directive
D:\term8\Micro\HWs\Final Project\8\Debug\List\eeprom.asm(1090): warning: Register r7 already defined by the .DEF directive
D:\term8\Micro\HWs\Final Project\8\Debug\List\eeprom.asm(1091): warning: Register r6 already defined by the .DEF directive
D:\term8\Micro\HWs\Final Project\8\Debug\List\eeprom.asm(1092): warning: Register r9 already defined by the .DEF directive
D:\term8\Micro\HWs\Final Project\8\Debug\List\eeprom.asm(1093): warning: Register r8 already defined by the .DEF directive
D:\term8\Micro\HWs\Final Project\8\Debug\List\eeprom.asm(1094): warning: Register r11 already defined by the .DEF directive
D:\term8\Micro\HWs\Final Project\8\Debug\List\eeprom.asm(1095): warning: Register r10 already defined by the .DEF directive
D:\term8\Micro\HWs\Final Project\8\Debug\List\eeprom.asm(1096): warning: Register r13 already defined by the .DEF directive
D:\term8\Micro\HWs\Final Project\8\Debug\List\eeprom.asm(1097): warning: Register r12 already defined by the .DEF directive
                 
                 
                 ;CodeVisionAVR C Compiler V3.12 Advanced
                 ;(C) Copyright 1998-2014 Pavel Haiduc, HP InfoTech s.r.l.
                 ;http://www.hpinfotech.com
                 
                 ;Build configuration    : Debug
                 ;Chip type              : ATmega32
                 ;Program type           : Application
                 ;Clock frequency        : 8.000000 MHz
                 ;Memory model           : Small
                 ;Optimize for           : Size
                 ;(s)printf features     : int, width
                 ;(s)scanf features      : int, width
                 ;External RAM size      : 0
                 ;Data Stack size        : 512 byte(s)
                 ;Heap size              : 0 byte(s)
                 ;Promote 'char' to 'int': Yes
                 ;'char' is unsigned     : Yes
                 ;8 bit enums            : Yes
                 ;Global 'const' stored in FLASH: Yes
                 ;Enhanced function parameter passing: Yes
                 ;Enhanced core instructions: On
                 ;Automatic register allocation for global variables: On
                 ;Smart register allocation: On
                 
                 	#define _MODEL_SMALL_
                 
                 	#pragma AVRPART ADMIN PART_NAME ATmega32
                 	#pragma AVRPART MEMORY PROG_FLASH 32768
                 	#pragma AVRPART MEMORY EEPROM 1024
                 	#pragma AVRPART MEMORY INT_SRAM SIZE 2048
                 	#pragma AVRPART MEMORY INT_SRAM START_ADDR 0x60
                 
                 	#define CALL_SUPPORTED 1
                 
                 	.LISTMAC
                 	.EQU UDRE=0x5
                 	.EQU RXC=0x7
                 	.EQU USR=0xB
                 	.EQU UDR=0xC
                 	.EQU SPSR=0xE
                 	.EQU SPDR=0xF
                 	.EQU EERE=0x0
                 	.EQU EEWE=0x1
                 	.EQU EEMWE=0x2
                 	.EQU EECR=0x1C
                 	.EQU EEDR=0x1D
                 	.EQU EEARL=0x1E
                 	.EQU EEARH=0x1F
                 	.EQU WDTCR=0x21
                 	.EQU MCUCR=0x35
                 	.EQU GICR=0x3B
                 	.EQU SPL=0x3D
                 	.EQU SPH=0x3E
                 	.EQU SREG=0x3F
                 
                 	.DEF R0X0=R0
                 	.DEF R0X1=R1
                 	.DEF R0X2=R2
                 	.DEF R0X3=R3
                 	.DEF R0X4=R4
                 	.DEF R0X5=R5
                 	.DEF R0X6=R6
                 	.DEF R0X7=R7
                 	.DEF R0X8=R8
                 	.DEF R0X9=R9
                 	.DEF R0XA=R10
                 	.DEF R0XB=R11
                 	.DEF R0XC=R12
                 	.DEF R0XD=R13
                 	.DEF R0XE=R14
                 	.DEF R0XF=R15
                 	.DEF R0X10=R16
                 	.DEF R0X11=R17
                 	.DEF R0X12=R18
                 	.DEF R0X13=R19
                 	.DEF R0X14=R20
                 	.DEF R0X15=R21
                 	.DEF R0X16=R22
                 	.DEF R0X17=R23
                 	.DEF R0X18=R24
                 	.DEF R0X19=R25
                 	.DEF R0X1A=R26
                 	.DEF R0X1B=R27
                 	.DEF R0X1C=R28
                 	.DEF R0X1D=R29
                 	.DEF R0X1E=R30
                 	.DEF R0X1F=R31
                 
                 	.EQU __SRAM_START=0x0060
                 	.EQU __SRAM_END=0x085F
                 	.EQU __DSTACK_SIZE=0x0200
                 	.EQU __HEAP_SIZE=0x0000
                 	.EQU __CLEAR_SRAM_SIZE=__SRAM_END-__SRAM_START+1
                 
                 	.MACRO __CPD1N
                 	CPI  R30,LOW(@0)
                 	LDI  R26,HIGH(@0)
                 	CPC  R31,R26
                 	LDI  R26,BYTE3(@0)
                 	CPC  R22,R26
                 	LDI  R26,BYTE4(@0)
                 	CPC  R23,R26
                 	.ENDM
                 
                 	.MACRO __CPD2N
                 	CPI  R26,LOW(@0)
                 	LDI  R30,HIGH(@0)
                 	CPC  R27,R30
                 	LDI  R30,BYTE3(@0)
                 	CPC  R24,R30
                 	LDI  R30,BYTE4(@0)
                 	CPC  R25,R30
                 	.ENDM
                 
                 	.MACRO __CPWRR
                 	CP   R@0,R@2
                 	CPC  R@1,R@3
                 	.ENDM
                 
                 	.MACRO __CPWRN
                 	CPI  R@0,LOW(@2)
                 	LDI  R30,HIGH(@2)
                 	CPC  R@1,R30
                 	.ENDM
                 
                 	.MACRO __ADDB1MN
                 	SUBI R30,LOW(-@0-(@1))
                 	.ENDM
                 
                 	.MACRO __ADDB2MN
                 	SUBI R26,LOW(-@0-(@1))
                 	.ENDM
                 
                 	.MACRO __ADDW1MN
                 	SUBI R30,LOW(-@0-(@1))
                 	SBCI R31,HIGH(-@0-(@1))
                 	.ENDM
                 
                 	.MACRO __ADDW2MN
                 	SUBI R26,LOW(-@0-(@1))
                 	SBCI R27,HIGH(-@0-(@1))
                 	.ENDM
                 
                 	.MACRO __ADDW1FN
                 	SUBI R30,LOW(-2*@0-(@1))
                 	SBCI R31,HIGH(-2*@0-(@1))
                 	.ENDM
                 
                 	.MACRO __ADDD1FN
                 	SUBI R30,LOW(-2*@0-(@1))
                 	SBCI R31,HIGH(-2*@0-(@1))
                 	SBCI R22,BYTE3(-2*@0-(@1))
                 	.ENDM
                 
                 	.MACRO __ADDD1N
                 	SUBI R30,LOW(-@0)
                 	SBCI R31,HIGH(-@0)
                 	SBCI R22,BYTE3(-@0)
                 	SBCI R23,BYTE4(-@0)
                 	.ENDM
                 
                 	.MACRO __ADDD2N
                 	SUBI R26,LOW(-@0)
                 	SBCI R27,HIGH(-@0)
                 	SBCI R24,BYTE3(-@0)
                 	SBCI R25,BYTE4(-@0)
                 	.ENDM
                 
                 	.MACRO __SUBD1N
                 	SUBI R30,LOW(@0)
                 	SBCI R31,HIGH(@0)
                 	SBCI R22,BYTE3(@0)
                 	SBCI R23,BYTE4(@0)
                 	.ENDM
                 
                 	.MACRO __SUBD2N
                 	SUBI R26,LOW(@0)
                 	SBCI R27,HIGH(@0)
                 	SBCI R24,BYTE3(@0)
                 	SBCI R25,BYTE4(@0)
                 	.ENDM
                 
                 	.MACRO __ANDBMNN
                 	LDS  R30,@0+(@1)
                 	ANDI R30,LOW(@2)
                 	STS  @0+(@1),R30
                 	.ENDM
                 
                 	.MACRO __ANDWMNN
                 	LDS  R30,@0+(@1)
                 	ANDI R30,LOW(@2)
                 	STS  @0+(@1),R30
                 	LDS  R30,@0+(@1)+1
                 	ANDI R30,HIGH(@2)
                 	STS  @0+(@1)+1,R30
                 	.ENDM
                 
                 	.MACRO __ANDD1N
                 	ANDI R30,LOW(@0)
                 	ANDI R31,HIGH(@0)
                 	ANDI R22,BYTE3(@0)
                 	ANDI R23,BYTE4(@0)
                 	.ENDM
                 
                 	.MACRO __ANDD2N
                 	ANDI R26,LOW(@0)
                 	ANDI R27,HIGH(@0)
                 	ANDI R24,BYTE3(@0)
                 	ANDI R25,BYTE4(@0)
                 	.ENDM
                 
                 	.MACRO __ORBMNN
                 	LDS  R30,@0+(@1)
                 	ORI  R30,LOW(@2)
                 	STS  @0+(@1),R30
                 	.ENDM
                 
                 	.MACRO __ORWMNN
                 	LDS  R30,@0+(@1)
                 	ORI  R30,LOW(@2)
                 	STS  @0+(@1),R30
                 	LDS  R30,@0+(@1)+1
                 	ORI  R30,HIGH(@2)
                 	STS  @0+(@1)+1,R30
                 	.ENDM
                 
                 	.MACRO __ORD1N
                 	ORI  R30,LOW(@0)
                 	ORI  R31,HIGH(@0)
                 	ORI  R22,BYTE3(@0)
                 	ORI  R23,BYTE4(@0)
                 	.ENDM
                 
                 	.MACRO __ORD2N
                 	ORI  R26,LOW(@0)
                 	ORI  R27,HIGH(@0)
                 	ORI  R24,BYTE3(@0)
                 	ORI  R25,BYTE4(@0)
                 	.ENDM
                 
                 	.MACRO __DELAY_USB
                 	LDI  R24,LOW(@0)
                 __DELAY_USB_LOOP:
                 	DEC  R24
                 	BRNE __DELAY_USB_LOOP
                 	.ENDM
                 
                 	.MACRO __DELAY_USW
                 	LDI  R24,LOW(@0)
                 	LDI  R25,HIGH(@0)
                 __DELAY_USW_LOOP:
                 	SBIW R24,1
                 	BRNE __DELAY_USW_LOOP
                 	.ENDM
                 
                 	.MACRO __GETD1S
                 	LDD  R30,Y+@0
                 	LDD  R31,Y+@0+1
                 	LDD  R22,Y+@0+2
                 	LDD  R23,Y+@0+3
                 	.ENDM
                 
                 	.MACRO __GETD2S
                 	LDD  R26,Y+@0
                 	LDD  R27,Y+@0+1
                 	LDD  R24,Y+@0+2
                 	LDD  R25,Y+@0+3
                 	.ENDM
                 
                 	.MACRO __PUTD1S
                 	STD  Y+@0,R30
                 	STD  Y+@0+1,R31
                 	STD  Y+@0+2,R22
                 	STD  Y+@0+3,R23
                 	.ENDM
                 
                 	.MACRO __PUTD2S
                 	STD  Y+@0,R26
                 	STD  Y+@0+1,R27
                 	STD  Y+@0+2,R24
                 	STD  Y+@0+3,R25
                 	.ENDM
                 
                 	.MACRO __PUTDZ2
                 	STD  Z+@0,R26
                 	STD  Z+@0+1,R27
                 	STD  Z+@0+2,R24
                 	STD  Z+@0+3,R25
                 	.ENDM
                 
                 	.MACRO __CLRD1S
                 	STD  Y+@0,R30
                 	STD  Y+@0+1,R30
                 	STD  Y+@0+2,R30
                 	STD  Y+@0+3,R30
                 	.ENDM
                 
                 	.MACRO __POINTB1MN
                 	LDI  R30,LOW(@0+(@1))
                 	.ENDM
                 
                 	.MACRO __POINTW1MN
                 	LDI  R30,LOW(@0+(@1))
                 	LDI  R31,HIGH(@0+(@1))
                 	.ENDM
                 
                 	.MACRO __POINTD1M
                 	LDI  R30,LOW(@0)
                 	LDI  R31,HIGH(@0)
                 	LDI  R22,BYTE3(@0)
                 	LDI  R23,BYTE4(@0)
                 	.ENDM
                 
                 	.MACRO __POINTW1FN
                 	LDI  R30,LOW(2*@0+(@1))
                 	LDI  R31,HIGH(2*@0+(@1))
                 	.ENDM
                 
                 	.MACRO __POINTD1FN
                 	LDI  R30,LOW(2*@0+(@1))
                 	LDI  R31,HIGH(2*@0+(@1))
                 	LDI  R22,BYTE3(2*@0+(@1))
                 	LDI  R23,BYTE4(2*@0+(@1))
                 	.ENDM
                 
                 	.MACRO __POINTB2MN
                 	LDI  R26,LOW(@0+(@1))
                 	.ENDM
                 
                 	.MACRO __POINTW2MN
                 	LDI  R26,LOW(@0+(@1))
                 	LDI  R27,HIGH(@0+(@1))
                 	.ENDM
                 
                 	.MACRO __POINTW2FN
                 	LDI  R26,LOW(2*@0+(@1))
                 	LDI  R27,HIGH(2*@0+(@1))
                 	.ENDM
                 
                 	.MACRO __POINTD2FN
                 	LDI  R26,LOW(2*@0+(@1))
                 	LDI  R27,HIGH(2*@0+(@1))
                 	LDI  R24,BYTE3(2*@0+(@1))
                 	LDI  R25,BYTE4(2*@0+(@1))
                 	.ENDM
                 
                 	.MACRO __POINTBRM
                 	LDI  R@0,LOW(@1)
                 	.ENDM
                 
                 	.MACRO __POINTWRM
                 	LDI  R@0,LOW(@2)
                 	LDI  R@1,HIGH(@2)
                 	.ENDM
                 
                 	.MACRO __POINTBRMN
                 	LDI  R@0,LOW(@1+(@2))
                 	.ENDM
                 
                 	.MACRO __POINTWRMN
                 	LDI  R@0,LOW(@2+(@3))
                 	LDI  R@1,HIGH(@2+(@3))
                 	.ENDM
                 
                 	.MACRO __POINTWRFN
                 	LDI  R@0,LOW(@2*2+(@3))
                 	LDI  R@1,HIGH(@2*2+(@3))
                 	.ENDM
                 
                 	.MACRO __GETD1N
                 	LDI  R30,LOW(@0)
                 	LDI  R31,HIGH(@0)
                 	LDI  R22,BYTE3(@0)
                 	LDI  R23,BYTE4(@0)
                 	.ENDM
                 
                 	.MACRO __GETD2N
                 	LDI  R26,LOW(@0)
                 	LDI  R27,HIGH(@0)
                 	LDI  R24,BYTE3(@0)
                 	LDI  R25,BYTE4(@0)
                 	.ENDM
                 
                 	.MACRO __GETB1MN
                 	LDS  R30,@0+(@1)
                 	.ENDM
                 
                 	.MACRO __GETB1HMN
                 	LDS  R31,@0+(@1)
                 	.ENDM
                 
                 	.MACRO __GETW1MN
                 	LDS  R30,@0+(@1)
                 	LDS  R31,@0+(@1)+1
                 	.ENDM
                 
                 	.MACRO __GETD1MN
                 	LDS  R30,@0+(@1)
                 	LDS  R31,@0+(@1)+1
                 	LDS  R22,@0+(@1)+2
                 	LDS  R23,@0+(@1)+3
                 	.ENDM
                 
                 	.MACRO __GETBRMN
                 	LDS  R@0,@1+(@2)
                 	.ENDM
                 
                 	.MACRO __GETWRMN
                 	LDS  R@0,@2+(@3)
                 	LDS  R@1,@2+(@3)+1
                 	.ENDM
                 
                 	.MACRO __GETWRZ
                 	LDD  R@0,Z+@2
                 	LDD  R@1,Z+@2+1
                 	.ENDM
                 
                 	.MACRO __GETD2Z
                 	LDD  R26,Z+@0
                 	LDD  R27,Z+@0+1
                 	LDD  R24,Z+@0+2
                 	LDD  R25,Z+@0+3
                 	.ENDM
                 
                 	.MACRO __GETB2MN
                 	LDS  R26,@0+(@1)
                 	.ENDM
                 
                 	.MACRO __GETW2MN
                 	LDS  R26,@0+(@1)
                 	LDS  R27,@0+(@1)+1
                 	.ENDM
                 
                 	.MACRO __GETD2MN
                 	LDS  R26,@0+(@1)
                 	LDS  R27,@0+(@1)+1
                 	LDS  R24,@0+(@1)+2
                 	LDS  R25,@0+(@1)+3
                 	.ENDM
                 
                 	.MACRO __PUTB1MN
                 	STS  @0+(@1),R30
                 	.ENDM
                 
                 	.MACRO __PUTW1MN
                 	STS  @0+(@1),R30
                 	STS  @0+(@1)+1,R31
                 	.ENDM
                 
                 	.MACRO __PUTD1MN
                 	STS  @0+(@1),R30
                 	STS  @0+(@1)+1,R31
                 	STS  @0+(@1)+2,R22
                 	STS  @0+(@1)+3,R23
                 	.ENDM
                 
                 	.MACRO __PUTB1EN
                 	LDI  R26,LOW(@0+(@1))
                 	LDI  R27,HIGH(@0+(@1))
                 	CALL __EEPROMWRB
                 	.ENDM
                 
                 	.MACRO __PUTW1EN
                 	LDI  R26,LOW(@0+(@1))
                 	LDI  R27,HIGH(@0+(@1))
                 	CALL __EEPROMWRW
                 	.ENDM
                 
                 	.MACRO __PUTD1EN
                 	LDI  R26,LOW(@0+(@1))
                 	LDI  R27,HIGH(@0+(@1))
                 	CALL __EEPROMWRD
                 	.ENDM
                 
                 	.MACRO __PUTBR0MN
                 	STS  @0+(@1),R0
                 	.ENDM
                 
                 	.MACRO __PUTBMRN
                 	STS  @0+(@1),R@2
                 	.ENDM
                 
                 	.MACRO __PUTWMRN
                 	STS  @0+(@1),R@2
                 	STS  @0+(@1)+1,R@3
                 	.ENDM
                 
                 	.MACRO __PUTBZR
                 	STD  Z+@1,R@0
                 	.ENDM
                 
                 	.MACRO __PUTWZR
                 	STD  Z+@2,R@0
                 	STD  Z+@2+1,R@1
                 	.ENDM
                 
                 	.MACRO __GETW1R
                 	MOV  R30,R@0
                 	MOV  R31,R@1
                 	.ENDM
                 
                 	.MACRO __GETW2R
                 	MOV  R26,R@0
                 	MOV  R27,R@1
                 	.ENDM
                 
                 	.MACRO __GETWRN
                 	LDI  R@0,LOW(@2)
                 	LDI  R@1,HIGH(@2)
                 	.ENDM
                 
                 	.MACRO __PUTW1R
                 	MOV  R@0,R30
                 	MOV  R@1,R31
                 	.ENDM
                 
                 	.MACRO __PUTW2R
                 	MOV  R@0,R26
                 	MOV  R@1,R27
                 	.ENDM
                 
                 	.MACRO __ADDWRN
                 	SUBI R@0,LOW(-@2)
                 	SBCI R@1,HIGH(-@2)
                 	.ENDM
                 
                 	.MACRO __ADDWRR
                 	ADD  R@0,R@2
                 	ADC  R@1,R@3
                 	.ENDM
                 
                 	.MACRO __SUBWRN
                 	SUBI R@0,LOW(@2)
                 	SBCI R@1,HIGH(@2)
                 	.ENDM
                 
                 	.MACRO __SUBWRR
                 	SUB  R@0,R@2
                 	SBC  R@1,R@3
                 	.ENDM
                 
                 	.MACRO __ANDWRN
                 	ANDI R@0,LOW(@2)
                 	ANDI R@1,HIGH(@2)
                 	.ENDM
                 
                 	.MACRO __ANDWRR
                 	AND  R@0,R@2
                 	AND  R@1,R@3
                 	.ENDM
                 
                 	.MACRO __ORWRN
                 	ORI  R@0,LOW(@2)
                 	ORI  R@1,HIGH(@2)
                 	.ENDM
                 
                 	.MACRO __ORWRR
                 	OR   R@0,R@2
                 	OR   R@1,R@3
                 	.ENDM
                 
                 	.MACRO __EORWRR
                 	EOR  R@0,R@2
                 	EOR  R@1,R@3
                 	.ENDM
                 
                 	.MACRO __GETWRS
                 	LDD  R@0,Y+@2
                 	LDD  R@1,Y+@2+1
                 	.ENDM
                 
                 	.MACRO __PUTBSR
                 	STD  Y+@1,R@0
                 	.ENDM
                 
                 	.MACRO __PUTWSR
                 	STD  Y+@2,R@0
                 	STD  Y+@2+1,R@1
                 	.ENDM
                 
                 	.MACRO __MOVEWRR
                 	MOV  R@0,R@2
                 	MOV  R@1,R@3
                 	.ENDM
                 
                 	.MACRO __INWR
                 	IN   R@0,@2
                 	IN   R@1,@2+1
                 	.ENDM
                 
                 	.MACRO __OUTWR
                 	OUT  @2+1,R@1
                 	OUT  @2,R@0
                 	.ENDM
                 
                 	.MACRO __CALL1MN
                 	LDS  R30,@0+(@1)
                 	LDS  R31,@0+(@1)+1
                 	ICALL
                 	.ENDM
                 
                 	.MACRO __CALL1FN
                 	LDI  R30,LOW(2*@0+(@1))
                 	LDI  R31,HIGH(2*@0+(@1))
                 	CALL __GETW1PF
                 	ICALL
                 	.ENDM
                 
                 	.MACRO __CALL2EN
                 	PUSH R26
                 	PUSH R27
                 	LDI  R26,LOW(@0+(@1))
                 	LDI  R27,HIGH(@0+(@1))
                 	CALL __EEPROMRDW
                 	POP  R27
                 	POP  R26
                 	ICALL
                 	.ENDM
                 
                 	.MACRO __CALL2EX
                 	SUBI R26,LOW(-@0)
                 	SBCI R27,HIGH(-@0)
                 	CALL __EEPROMRDD
                 	ICALL
                 	.ENDM
                 
                 	.MACRO __GETW1STACK
                 	IN   R30,SPL
                 	IN   R31,SPH
                 	ADIW R30,@0+1
                 	LD   R0,Z+
                 	LD   R31,Z
                 	MOV  R30,R0
                 	.ENDM
                 
                 	.MACRO __GETD1STACK
                 	IN   R30,SPL
                 	IN   R31,SPH
                 	ADIW R30,@0+1
                 	LD   R0,Z+
                 	LD   R1,Z+
                 	LD   R22,Z
                 	MOVW R30,R0
                 	.ENDM
                 
                 	.MACRO __NBST
                 	BST  R@0,@1
                 	IN   R30,SREG
                 	LDI  R31,0x40
                 	EOR  R30,R31
                 	OUT  SREG,R30
                 	.ENDM
                 
                 
                 	.MACRO __PUTB1SN
                 	LDD  R26,Y+@0
                 	LDD  R27,Y+@0+1
                 	SUBI R26,LOW(-@1)
                 	SBCI R27,HIGH(-@1)
                 	ST   X,R30
                 	.ENDM
                 
                 	.MACRO __PUTW1SN
                 	LDD  R26,Y+@0
                 	LDD  R27,Y+@0+1
                 	SUBI R26,LOW(-@1)
                 	SBCI R27,HIGH(-@1)
                 	ST   X+,R30
                 	ST   X,R31
                 	.ENDM
                 
                 	.MACRO __PUTD1SN
                 	LDD  R26,Y+@0
                 	LDD  R27,Y+@0+1
                 	SUBI R26,LOW(-@1)
                 	SBCI R27,HIGH(-@1)
                 	CALL __PUTDP1
                 	.ENDM
                 
                 	.MACRO __PUTB1SNS
                 	LDD  R26,Y+@0
                 	LDD  R27,Y+@0+1
                 	ADIW R26,@1
                 	ST   X,R30
                 	.ENDM
                 
                 	.MACRO __PUTW1SNS
                 	LDD  R26,Y+@0
                 	LDD  R27,Y+@0+1
                 	ADIW R26,@1
                 	ST   X+,R30
                 	ST   X,R31
                 	.ENDM
                 
                 	.MACRO __PUTD1SNS
                 	LDD  R26,Y+@0
                 	LDD  R27,Y+@0+1
                 	ADIW R26,@1
                 	CALL __PUTDP1
                 	.ENDM
                 
                 	.MACRO __PUTB1PMN
                 	LDS  R26,@0
                 	LDS  R27,@0+1
                 	SUBI R26,LOW(-@1)
                 	SBCI R27,HIGH(-@1)
                 	ST   X,R30
                 	.ENDM
                 
                 	.MACRO __PUTW1PMN
                 	LDS  R26,@0
                 	LDS  R27,@0+1
                 	SUBI R26,LOW(-@1)
                 	SBCI R27,HIGH(-@1)
                 	ST   X+,R30
                 	ST   X,R31
                 	.ENDM
                 
                 	.MACRO __PUTD1PMN
                 	LDS  R26,@0
                 	LDS  R27,@0+1
                 	SUBI R26,LOW(-@1)
                 	SBCI R27,HIGH(-@1)
                 	CALL __PUTDP1
                 	.ENDM
                 
                 	.MACRO __PUTB1PMNS
                 	LDS  R26,@0
                 	LDS  R27,@0+1
                 	ADIW R26,@1
                 	ST   X,R30
                 	.ENDM
                 
                 	.MACRO __PUTW1PMNS
                 	LDS  R26,@0
                 	LDS  R27,@0+1
                 	ADIW R26,@1
                 	ST   X+,R30
                 	ST   X,R31
                 	.ENDM
                 
                 	.MACRO __PUTD1PMNS
                 	LDS  R26,@0
                 	LDS  R27,@0+1
                 	ADIW R26,@1
                 	CALL __PUTDP1
                 	.ENDM
                 
                 	.MACRO __PUTB1RN
                 	MOVW R26,R@0
                 	SUBI R26,LOW(-@1)
                 	SBCI R27,HIGH(-@1)
                 	ST   X,R30
                 	.ENDM
                 
                 	.MACRO __PUTW1RN
                 	MOVW R26,R@0
                 	SUBI R26,LOW(-@1)
                 	SBCI R27,HIGH(-@1)
                 	ST   X+,R30
                 	ST   X,R31
                 	.ENDM
                 
                 	.MACRO __PUTD1RN
                 	MOVW R26,R@0
                 	SUBI R26,LOW(-@1)
                 	SBCI R27,HIGH(-@1)
                 	CALL __PUTDP1
                 	.ENDM
                 
                 	.MACRO __PUTB1RNS
                 	MOVW R26,R@0
                 	ADIW R26,@1
                 	ST   X,R30
                 	.ENDM
                 
                 	.MACRO __PUTW1RNS
                 	MOVW R26,R@0
                 	ADIW R26,@1
                 	ST   X+,R30
                 	ST   X,R31
                 	.ENDM
                 
                 	.MACRO __PUTD1RNS
                 	MOVW R26,R@0
                 	ADIW R26,@1
                 	CALL __PUTDP1
                 	.ENDM
                 
                 	.MACRO __PUTB1RON
                 	MOV  R26,R@0
                 	MOV  R27,R@1
                 	SUBI R26,LOW(-@2)
                 	SBCI R27,HIGH(-@2)
                 	ST   X,R30
                 	.ENDM
                 
                 	.MACRO __PUTW1RON
                 	MOV  R26,R@0
                 	MOV  R27,R@1
                 	SUBI R26,LOW(-@2)
                 	SBCI R27,HIGH(-@2)
                 	ST   X+,R30
                 	ST   X,R31
                 	.ENDM
                 
                 	.MACRO __PUTD1RON
                 	MOV  R26,R@0
                 	MOV  R27,R@1
                 	SUBI R26,LOW(-@2)
                 	SBCI R27,HIGH(-@2)
                 	CALL __PUTDP1
                 	.ENDM
                 
                 	.MACRO __PUTB1RONS
                 	MOV  R26,R@0
                 	MOV  R27,R@1
                 	ADIW R26,@2
                 	ST   X,R30
                 	.ENDM
                 
                 	.MACRO __PUTW1RONS
                 	MOV  R26,R@0
                 	MOV  R27,R@1
                 	ADIW R26,@2
                 	ST   X+,R30
                 	ST   X,R31
                 	.ENDM
                 
                 	.MACRO __PUTD1RONS
                 	MOV  R26,R@0
                 	MOV  R27,R@1
                 	ADIW R26,@2
                 	CALL __PUTDP1
                 	.ENDM
                 
                 
                 	.MACRO __GETB1SX
                 	MOVW R30,R28
                 	SUBI R30,LOW(-@0)
                 	SBCI R31,HIGH(-@0)
                 	LD   R30,Z
                 	.ENDM
                 
                 	.MACRO __GETB1HSX
                 	MOVW R30,R28
                 	SUBI R30,LOW(-@0)
                 	SBCI R31,HIGH(-@0)
                 	LD   R31,Z
                 	.ENDM
                 
                 	.MACRO __GETW1SX
                 	MOVW R30,R28
                 	SUBI R30,LOW(-@0)
                 	SBCI R31,HIGH(-@0)
                 	LD   R0,Z+
                 	LD   R31,Z
                 	MOV  R30,R0
                 	.ENDM
                 
                 	.MACRO __GETD1SX
                 	MOVW R30,R28
                 	SUBI R30,LOW(-@0)
                 	SBCI R31,HIGH(-@0)
                 	LD   R0,Z+
                 	LD   R1,Z+
                 	LD   R22,Z+
                 	LD   R23,Z
                 	MOVW R30,R0
                 	.ENDM
                 
                 	.MACRO __GETB2SX
                 	MOVW R26,R28
                 	SUBI R26,LOW(-@0)
                 	SBCI R27,HIGH(-@0)
                 	LD   R26,X
                 	.ENDM
                 
                 	.MACRO __GETW2SX
                 	MOVW R26,R28
                 	SUBI R26,LOW(-@0)
                 	SBCI R27,HIGH(-@0)
                 	LD   R0,X+
                 	LD   R27,X
                 	MOV  R26,R0
                 	.ENDM
                 
                 	.MACRO __GETD2SX
                 	MOVW R26,R28
                 	SUBI R26,LOW(-@0)
                 	SBCI R27,HIGH(-@0)
                 	LD   R0,X+
                 	LD   R1,X+
                 	LD   R24,X+
                 	LD   R25,X
                 	MOVW R26,R0
                 	.ENDM
                 
                 	.MACRO __GETBRSX
                 	MOVW R30,R28
                 	SUBI R30,LOW(-@1)
                 	SBCI R31,HIGH(-@1)
                 	LD   R@0,Z
                 	.ENDM
                 
                 	.MACRO __GETWRSX
                 	MOVW R30,R28
                 	SUBI R30,LOW(-@2)
                 	SBCI R31,HIGH(-@2)
                 	LD   R@0,Z+
                 	LD   R@1,Z
                 	.ENDM
                 
                 	.MACRO __GETBRSX2
                 	MOVW R26,R28
                 	SUBI R26,LOW(-@1)
                 	SBCI R27,HIGH(-@1)
                 	LD   R@0,X
                 	.ENDM
                 
                 	.MACRO __GETWRSX2
                 	MOVW R26,R28
                 	SUBI R26,LOW(-@2)
                 	SBCI R27,HIGH(-@2)
                 	LD   R@0,X+
                 	LD   R@1,X
                 	.ENDM
                 
                 	.MACRO __LSLW8SX
                 	MOVW R30,R28
                 	SUBI R30,LOW(-@0)
                 	SBCI R31,HIGH(-@0)
                 	LD   R31,Z
                 	CLR  R30
                 	.ENDM
                 
                 	.MACRO __PUTB1SX
                 	MOVW R26,R28
                 	SUBI R26,LOW(-@0)
                 	SBCI R27,HIGH(-@0)
                 	ST   X,R30
                 	.ENDM
                 
                 	.MACRO __PUTW1SX
                 	MOVW R26,R28
                 	SUBI R26,LOW(-@0)
                 	SBCI R27,HIGH(-@0)
                 	ST   X+,R30
                 	ST   X,R31
                 	.ENDM
                 
                 	.MACRO __PUTD1SX
                 	MOVW R26,R28
                 	SUBI R26,LOW(-@0)
                 	SBCI R27,HIGH(-@0)
                 	ST   X+,R30
                 	ST   X+,R31
                 	ST   X+,R22
                 	ST   X,R23
                 	.ENDM
                 
                 	.MACRO __CLRW1SX
                 	MOVW R26,R28
                 	SUBI R26,LOW(-@0)
                 	SBCI R27,HIGH(-@0)
                 	ST   X+,R30
                 	ST   X,R30
                 	.ENDM
                 
                 	.MACRO __CLRD1SX
                 	MOVW R26,R28
                 	SUBI R26,LOW(-@0)
                 	SBCI R27,HIGH(-@0)
                 	ST   X+,R30
                 	ST   X+,R30
                 	ST   X+,R30
                 	ST   X,R30
                 	.ENDM
                 
                 	.MACRO __PUTB2SX
                 	MOVW R30,R28
                 	SUBI R30,LOW(-@0)
                 	SBCI R31,HIGH(-@0)
                 	ST   Z,R26
                 	.ENDM
                 
                 	.MACRO __PUTW2SX
                 	MOVW R30,R28
                 	SUBI R30,LOW(-@0)
                 	SBCI R31,HIGH(-@0)
                 	ST   Z+,R26
                 	ST   Z,R27
                 	.ENDM
                 
                 	.MACRO __PUTD2SX
                 	MOVW R30,R28
                 	SUBI R30,LOW(-@0)
                 	SBCI R31,HIGH(-@0)
                 	ST   Z+,R26
                 	ST   Z+,R27
                 	ST   Z+,R24
                 	ST   Z,R25
                 	.ENDM
                 
                 	.MACRO __PUTBSRX
                 	MOVW R30,R28
                 	SUBI R30,LOW(-@1)
                 	SBCI R31,HIGH(-@1)
                 	ST   Z,R@0
                 	.ENDM
                 
                 	.MACRO __PUTWSRX
                 	MOVW R30,R28
                 	SUBI R30,LOW(-@2)
                 	SBCI R31,HIGH(-@2)
                 	ST   Z+,R@0
                 	ST   Z,R@1
                 	.ENDM
                 
                 	.MACRO __PUTB1SNX
                 	MOVW R26,R28
                 	SUBI R26,LOW(-@0)
                 	SBCI R27,HIGH(-@0)
                 	LD   R0,X+
                 	LD   R27,X
                 	MOV  R26,R0
                 	SUBI R26,LOW(-@1)
                 	SBCI R27,HIGH(-@1)
                 	ST   X,R30
                 	.ENDM
                 
                 	.MACRO __PUTW1SNX
                 	MOVW R26,R28
                 	SUBI R26,LOW(-@0)
                 	SBCI R27,HIGH(-@0)
                 	LD   R0,X+
                 	LD   R27,X
                 	MOV  R26,R0
                 	SUBI R26,LOW(-@1)
                 	SBCI R27,HIGH(-@1)
                 	ST   X+,R30
                 	ST   X,R31
                 	.ENDM
                 
                 	.MACRO __PUTD1SNX
                 	MOVW R26,R28
                 	SUBI R26,LOW(-@0)
                 	SBCI R27,HIGH(-@0)
                 	LD   R0,X+
                 	LD   R27,X
                 	MOV  R26,R0
                 	SUBI R26,LOW(-@1)
                 	SBCI R27,HIGH(-@1)
                 	ST   X+,R30
                 	ST   X+,R31
                 	ST   X+,R22
                 	ST   X,R23
                 	.ENDM
                 
                 	.MACRO __MULBRR
                 	MULS R@0,R@1
                 	MOVW R30,R0
                 	.ENDM
                 
                 	.MACRO __MULBRRU
                 	MUL  R@0,R@1
                 	MOVW R30,R0
                 	.ENDM
                 
                 	.MACRO __MULBRR0
                 	MULS R@0,R@1
                 	.ENDM
                 
                 	.MACRO __MULBRRU0
                 	MUL  R@0,R@1
                 	.ENDM
                 
                 	.MACRO __MULBNWRU
                 	LDI  R26,@2
                 	MUL  R26,R@0
                 	MOVW R30,R0
                 	MUL  R26,R@1
                 	ADD  R31,R0
                 	.ENDM
                 
                 ;NAME DEFINITIONS FOR GLOBAL VARIABLES ALLOCATED TO REGISTERS
                 	.DEF _counter=R5
                 	.DEF _sec=R4
                 	.DEF _read_heart=R7
                 	.DEF _HR=R6
                 	.DEF _AGE=R9
                 	.DEF _ID=R8
                 	.DEF _state=R11
                 	.DEF _i=R10
                 	.DEF _flag=R13
                 	.DEF _key_pressed=R12
                 
                 	.CSEG
                 	.ORG 0x00
                 
                 ;START OF CODE MARKER
                 __START_OF_CODE:
                 
                 ;INTERRUPT VECTORS
000000 940c 0054 	JMP  __RESET
000002 940c 00e0 	JMP  _ext_int0_isr
000004 940c 00eb 	JMP  _ext_int1_isr
000006 940c 0000 	JMP  0x00
000008 940c 0000 	JMP  0x00
00000a 940c 0000 	JMP  0x00
00000c 940c 0000 	JMP  0x00
00000e 940c 0000 	JMP  0x00
000010 940c 0000 	JMP  0x00
000012 940c 0104 	JMP  _timer1_ovf_isr
000014 940c 0000 	JMP  0x00
000016 940c 0000 	JMP  0x00
000018 940c 0000 	JMP  0x00
00001a 940c 0000 	JMP  0x00
00001c 940c 0000 	JMP  0x00
00001e 940c 0000 	JMP  0x00
000020 940c 0000 	JMP  0x00
000022 940c 0000 	JMP  0x00
000024 940c 0000 	JMP  0x00
000026 940c 0000 	JMP  0x00
000028 940c 0000 	JMP  0x00
                 
                 ;GLOBAL REGISTER VARIABLES INITIALIZATION
                 __REG_VARS:
00002a 0000
00002b 0000      	.DB  0x0,0x0,0x0,0x0
00002c 0000
00002d 0000      	.DB  0x0,0x0,0x0,0x0
00002e 0000      	.DB  0x0,0x0
                 
                 _0x3:
00002f 6e45
000030 6574
000031 2072
000032 4449      	.DB  0x45,0x6E,0x74,0x65,0x72,0x20,0x49,0x44
                 _0x4:
000033 6e45
000034 6574
000035 2072
000036 6741      	.DB  0x45,0x6E,0x74,0x65,0x72,0x20,0x41,0x67
D:\term8\Micro\HWs\Final Project\8\Debug\List\eeprom.asm(1138): warning: .cseg .db misalignment - padding zero byte
000037 0065      	.DB  0x65
                 _0x5:
000038 6157
000039 7469
00003a 3120
00003b 6d20      	.DB  0x57,0x61,0x69,0x74,0x20,0x31,0x20,0x6D
00003c 6e69      	.DB  0x69,0x6E
                 _0x0:
00003d 0023
00003e 6153
00003f 6576
000040 0064      	.DB  0x23,0x0,0x53,0x61,0x76,0x65,0x64,0x0
                 
                 __GLOBAL_INI_TBL:
000041 000a      	.DW  0x0A
000042 0004      	.DW  0x04
000043 0054      	.DW  __REG_VARS*2
                 
000044 0008      	.DW  0x08
000045 0268      	.DW  _str_id
000046 005e      	.DW  _0x3*2
                 
000047 0009      	.DW  0x09
000048 0271      	.DW  _str_age
000049 0066      	.DW  _0x4*2
                 
00004a 000a      	.DW  0x0A
00004b 027b      	.DW  _str_HR
00004c 0070      	.DW  _0x5*2
                 
00004d 0002      	.DW  0x02
00004e 0260      	.DW  _0x25
00004f 007a      	.DW  _0x0*2
                 
000050 0006      	.DW  0x06
000051 0262      	.DW  _0x34
000052 007c      	.DW  _0x0*2+2
                 
                 _0xFFFFFFFF:
000053 0000      	.DW  0
                 
                 #define __GLOBAL_INI_TBL_PRESENT 1
                 
                 __RESET:
000054 94f8      	CLI
000055 27ee      	CLR  R30
000056 bbec      	OUT  EECR,R30
                 
                 ;INTERRUPT VECTORS ARE PLACED
                 ;AT THE START OF FLASH
000057 e0f1      	LDI  R31,1
000058 bffb      	OUT  GICR,R31
000059 bfeb      	OUT  GICR,R30
00005a bfe5      	OUT  MCUCR,R30
                 
                 ;CLEAR R2-R14
00005b e08d      	LDI  R24,(14-2)+1
00005c e0a2      	LDI  R26,2
00005d 27bb      	CLR  R27
                 __CLEAR_REG:
00005e 93ed      	ST   X+,R30
00005f 958a      	DEC  R24
000060 f7e9      	BRNE __CLEAR_REG
                 
                 ;CLEAR SRAM
000061 e080      	LDI  R24,LOW(__CLEAR_SRAM_SIZE)
000062 e098      	LDI  R25,HIGH(__CLEAR_SRAM_SIZE)
000063 e6a0      	LDI  R26,__SRAM_START
                 __CLEAR_SRAM:
000064 93ed      	ST   X+,R30
000065 9701      	SBIW R24,1
000066 f7e9      	BRNE __CLEAR_SRAM
                 
                 ;GLOBAL VARIABLES INITIALIZATION
000067 e8e2      	LDI  R30,LOW(__GLOBAL_INI_TBL*2)
000068 e0f0      	LDI  R31,HIGH(__GLOBAL_INI_TBL*2)
                 __GLOBAL_INI_NEXT:
000069 9185      	LPM  R24,Z+
00006a 9195      	LPM  R25,Z+
00006b 9700      	SBIW R24,0
00006c f061      	BREQ __GLOBAL_INI_END
00006d 91a5      	LPM  R26,Z+
00006e 91b5      	LPM  R27,Z+
00006f 9005      	LPM  R0,Z+
000070 9015      	LPM  R1,Z+
000071 01bf      	MOVW R22,R30
000072 01f0      	MOVW R30,R0
                 __GLOBAL_INI_LOOP:
000073 9005      	LPM  R0,Z+
000074 920d      	ST   X+,R0
000075 9701      	SBIW R24,1
000076 f7e1      	BRNE __GLOBAL_INI_LOOP
000077 01fb      	MOVW R30,R22
000078 cff0      	RJMP __GLOBAL_INI_NEXT
                 __GLOBAL_INI_END:
                 
                 ;HARDWARE STACK POINTER INITIALIZATION
000079 e5ef      	LDI  R30,LOW(__SRAM_END-__HEAP_SIZE)
00007a bfed      	OUT  SPL,R30
00007b e0e8      	LDI  R30,HIGH(__SRAM_END-__HEAP_SIZE)
00007c bfee      	OUT  SPH,R30
                 
                 ;DATA STACK POINTER INITIALIZATION
00007d e6c0      	LDI  R28,LOW(__SRAM_START+__DSTACK_SIZE)
00007e e0d2      	LDI  R29,HIGH(__SRAM_START+__DSTACK_SIZE)
                 
00007f 940c 01fd 	JMP  _main
                 
                 	.ESEG
                 	.ORG 0
                 
                 	.DSEG
                 	.ORG 0x260
                 
                 	.CSEG
                 ;/*******************************************************
                 ;This program was created by the
                 ;CodeWizardAVR V3.12 Advanced
                 ;Automatic Program Generator
                 ;© Copyright 1998-2014 Pavel Haiduc, HP InfoTech s.r.l.
                 ;http://www.hpinfotech.com
                 ;
                 ;Project :
                 ;Version :
                 ;Date    : 6/30/2022
                 ;Author  :
                 ;Company :
                 ;Comments:
                 ;
                 ;
                 ;Chip type               : ATmega32
                 ;Program type            : Application
                 ;AVR Core Clock frequency: 8.000000 MHz
                 ;Memory model            : Small
                 ;External RAM size       : 0
                 ;Data Stack size         : 512
                 ;*******************************************************/
                 ;
                 ;#include <mega32.h>
                 	#ifndef __SLEEP_DEFINED__
                 	#define __SLEEP_DEFINED__
                 	.EQU __se_bit=0x80
                 	.EQU __sm_mask=0x70
                 	.EQU __sm_powerdown=0x20
                 	.EQU __sm_powersave=0x30
                 	.EQU __sm_standby=0x60
                 	.EQU __sm_ext_standby=0x70
                 	.EQU __sm_adc_noise_red=0x10
                 	.SET power_ctrl_reg=mcucr
                 	#endif
                 ;#include <delay.h>
                 ;// Declare your global variables here
                 ;//eeprom unsigned char id@0x00;
                 ;//eeprom unsigned char age@0x01;
                 ;//eeprom unsigned char hr@0x02;
                 ;//int eeprom  *ptr_id;
                 ;//unsigned char eeprom  *ptr_age;
                 ;//unsigned char eeprom  *ptr_hr;
                 ;
                 ;
                 ;unsigned char counter = 0;
                 ;unsigned char sec = 0;
                 ;unsigned char read_heart = 0;
                 ;unsigned char HR = 0;
                 ;unsigned char AGE = 0;
                 ;unsigned char ID = 0;
                 ;unsigned char state =0;
                 ;unsigned char str_id[] = "Enter ID";
                 
                 	.DSEG
                 ;unsigned char str_age[] = "Enter Age";
                 ;unsigned char str_HR[] = "Wait 1 min";
                 ;unsigned char i;
                 ;unsigned char flag = 0;
                 ;unsigned char key_pressed;
                 ;unsigned char temp[3];
                 ;
                 ;void EEPROM_write(unsigned int uiAddress, unsigned char ucData)
                 ; 0000 0033 {
                 
                 	.CSEG
                 _EEPROM_write:
                 ; .FSTART _EEPROM_write
                 ; 0000 0034 /* Wait for completion of previous write */
                 ; 0000 0035 while(EECR & (1<<EEWE))
000081 93aa      	ST   -Y,R26
                 ;	uiAddress -> Y+1
                 ;	ucData -> Y+0
                 _0x6:
000082 99e1      	SBIC 0x1C,1
                 ; 0000 0036 ;
000083 cffe      	RJMP _0x6
                 ; 0000 0037 /* Set up address and data registers */
                 ; 0000 0038 EEAR = uiAddress;
000084 81e9      	LDD  R30,Y+1
000085 81fa      	LDD  R31,Y+1+1
000086 bbff      	OUT  0x1E+1,R31
000087 bbee      	OUT  0x1E,R30
                 ; 0000 0039 EEDR = ucData;
000088 81e8      	LD   R30,Y
000089 bbed      	OUT  0x1D,R30
                 ; 0000 003A /* Write logical one to EEMWE */
                 ; 0000 003B EECR |= (1<<EEMWE);
00008a 9ae2      	SBI  0x1C,2
                 ; 0000 003C /* Start eeprom write by setting EEWE */
                 ; 0000 003D EECR |= (1<<EEWE);
00008b 9ae1      	SBI  0x1C,1
                 ; 0000 003E }
00008c 9623      	ADIW R28,3
00008d 9508      	RET
                 ; .FEND
                 ;
                 ;
                 ;
                 ;unsigned char EEPROM_read(unsigned int uiAddress)
                 ; 0000 0043 {
                 _EEPROM_read:
                 ; .FSTART _EEPROM_read
                 ; 0000 0044 /* Wait for completion of previous write */
                 ; 0000 0045 while(EECR & (1<<EEWE))
00008e 93ba      	ST   -Y,R27
00008f 93aa      	ST   -Y,R26
                 ;	uiAddress -> Y+0
                 _0x9:
000090 99e1      	SBIC 0x1C,1
                 ; 0000 0046 ;
000091 cffe      	RJMP _0x9
                 ; 0000 0047 /* Set up address register */
                 ; 0000 0048 EEAR = uiAddress;
000092 81e8      	LD   R30,Y
000093 81f9      	LDD  R31,Y+1
000094 bbff      	OUT  0x1E+1,R31
000095 bbee      	OUT  0x1E,R30
                 ; 0000 0049 /* Start eeprom read by writing EERE */
                 ; 0000 004A EECR |= (1<<EERE);
000096 9ae0      	SBI  0x1C,0
                 ; 0000 004B /* Return data from data register */
                 ; 0000 004C return EEDR;
000097 b3ed      	IN   R30,0x1D
000098 c010      	RJMP _0x2000002
                 ; 0000 004D }
                 ; .FEND
                 ;
                 ;
                 ;void show_msg (unsigned char *a){
                 ; 0000 0050 void show_msg (unsigned char *a){
                 _show_msg:
                 ; .FSTART _show_msg
                 ; 0000 0051     for (i=0 ; a[i] != '\0';i++ ){
000099 93ba      	ST   -Y,R27
00009a 93aa      	ST   -Y,R26
                 ;	*a -> Y+0
00009b 24aa      	CLR  R10
                 _0xD:
00009c d190      	RCALL SUBOPT_0x0
00009d 30e0      	CPI  R30,0
00009e f031      	BREQ _0xE
                 ; 0000 0052          UDR = a[i];
00009f d18d      	RCALL SUBOPT_0x0
0000a0 b9ec      	OUT  0xC,R30
                 ; 0000 0053          while(!(UCSRA & (1<<UDRE)));
                 _0xF:
0000a1 9b5d      	SBIS 0xB,5
0000a2 cffe      	RJMP _0xF
                 ; 0000 0054     }
0000a3 94a3      	INC  R10
0000a4 cff7      	RJMP _0xD
                 _0xE:
                 ; 0000 0055     UDR = '\n';
0000a5 e0ea      	LDI  R30,LOW(10)
0000a6 b9ec      	OUT  0xC,R30
                 ; 0000 0056     while(!(UCSRA & (1<<UDRE)));
                 _0x12:
0000a7 9b5d      	SBIS 0xB,5
0000a8 cffe      	RJMP _0x12
                 ; 0000 0057 
                 ; 0000 0058 }
                 _0x2000002:
0000a9 9622      	ADIW R28,2
0000aa 9508      	RET
                 ; .FEND
                 ;
                 ;void show_number (unsigned char a){
                 ; 0000 005A void show_number (unsigned char a){
                 _show_number:
                 ; .FSTART _show_number
                 ; 0000 005B     for (i = 0;i<3;i++){
0000ab 93aa      	ST   -Y,R26
                 ;	a -> Y+0
0000ac 24aa      	CLR  R10
                 _0x16:
0000ad e0e3      	LDI  R30,LOW(3)
0000ae 16ae      	CP   R10,R30
0000af f4b0      	BRSH _0x17
                 ; 0000 005C         temp[i] = a%10;
0000b0 2dea      	MOV  R30,R10
0000b1 e0f0      	LDI  R31,0
0000b2 57ea      	SUBI R30,LOW(-_temp)
0000b3 4ffd      	SBCI R31,HIGH(-_temp)
0000b4 01bf      	MOVW R22,R30
0000b5 81a8      	LD   R26,Y
0000b6 27bb      	CLR  R27
0000b7 e0ea      	LDI  R30,LOW(10)
0000b8 e0f0      	LDI  R31,HIGH(10)
0000b9 940e 027b 	CALL __MODW21
0000bb 01db      	MOVW R26,R22
0000bc 93ec      	ST   X,R30
                 ; 0000 005D         a = a/10;
0000bd 81a8      	LD   R26,Y
0000be e0b0      	LDI  R27,0
0000bf e0ea      	LDI  R30,LOW(10)
0000c0 e0f0      	LDI  R31,HIGH(10)
0000c1 940e 0276 	CALL __DIVW21
0000c3 83e8      	ST   Y,R30
                 ; 0000 005E     }
0000c4 94a3      	INC  R10
0000c5 cfe7      	RJMP _0x16
                 _0x17:
                 ; 0000 005F     for (i = 0; i < 3 ; i++){
0000c6 24aa      	CLR  R10
                 _0x19:
0000c7 e0e3      	LDI  R30,LOW(3)
0000c8 16ae      	CP   R10,R30
0000c9 f488      	BRSH _0x1A
                 ; 0000 0060         UDR = '0'+temp[2-i];
0000ca 2dea      	MOV  R30,R10
0000cb e0f0      	LDI  R31,0
0000cc e0a2      	LDI  R26,LOW(2)
0000cd e0b0      	LDI  R27,HIGH(2)
0000ce 940e 0297 	CALL __SWAPW12
0000d0 1bea      	SUB  R30,R26
0000d1 0bfb      	SBC  R31,R27
0000d2 57ea      	SUBI R30,LOW(-_temp)
0000d3 4ffd      	SBCI R31,HIGH(-_temp)
0000d4 81e0      	LD   R30,Z
0000d5 5de0      	SUBI R30,-LOW(48)
0000d6 b9ec      	OUT  0xC,R30
                 ; 0000 0061         while(!(UCSRA & (1<<UDRE)));
                 _0x1B:
0000d7 9b5d      	SBIS 0xB,5
0000d8 cffe      	RJMP _0x1B
                 ; 0000 0062     }
0000d9 94a3      	INC  R10
0000da cfec      	RJMP _0x19
                 _0x1A:
                 ; 0000 0063     UDR = ' ';
0000db e2e0      	LDI  R30,LOW(32)
0000dc b9ec      	OUT  0xC,R30
                 ; 0000 0064     while(!(UCSRA & (1<<UDRE)));
                 _0x1E:
0000dd 9b5d      	SBIS 0xB,5
0000de cffe      	RJMP _0x1E
                 ; 0000 0065 
                 ; 0000 0066 }
0000df c0b9      	RJMP _0x2000001
                 ; .FEND
                 ;// External Interrupt 0 service routine
                 ;interrupt [EXT_INT0] void ext_int0_isr(void)
                 ; 0000 0069 {
                 _ext_int0_isr:
                 ; .FSTART _ext_int0_isr
0000e0 93ea      	ST   -Y,R30
0000e1 b7ef      	IN   R30,SREG
0000e2 93ea      	ST   -Y,R30
                 ; 0000 006A     if (read_heart == 1){
0000e3 e0e1      	LDI  R30,LOW(1)
0000e4 15e7      	CP   R30,R7
0000e5 f409      	BRNE _0x21
                 ; 0000 006B        HR++;
0000e6 9463      	INC  R6
                 ; 0000 006C 
                 ; 0000 006D     }
                 ; 0000 006E 
                 ; 0000 006F }
                 _0x21:
0000e7 91e9      	LD   R30,Y+
0000e8 bfef      	OUT  SREG,R30
0000e9 91e9      	LD   R30,Y+
0000ea 9518      	RETI
                 ; .FEND
                 ;
                 ;// External Interrupt 1 service routine
                 ;interrupt [EXT_INT1] void ext_int1_isr(void)
                 ; 0000 0073 {
                 _ext_int1_isr:
                 ; .FSTART _ext_int1_isr
0000eb d148      	RCALL SUBOPT_0x1
                 ; 0000 0074     //show();     //todo
                 ; 0000 0075 
                 ; 0000 0076     for (i = 0; i<counter;i++){
0000ec 24aa      	CLR  R10
                 _0x23:
0000ed 14a5      	CP   R10,R5
0000ee f4a0      	BRSH _0x24
                 ; 0000 0077         show_msg("#");
                +
0000ef e6a0     +LDI R26 , LOW ( _0x25 + ( 0 ) )
0000f0 e0b2     +LDI R27 , HIGH ( _0x25 + ( 0 ) )
                 	__POINTW2MN _0x25,0
0000f1 dfa7      	RCALL _show_msg
                 ; 0000 0078         show_number(i);
0000f2 2daa      	MOV  R26,R10
0000f3 d14e      	RCALL SUBOPT_0x2
                 ; 0000 0079         show_number(EEPROM_read(0x00 + i * 3));
0000f4 9630      	ADIW R30,0
0000f5 d152      	RCALL SUBOPT_0x3
                 ; 0000 007A         show_number(EEPROM_read(0x01 + i * 3));
0000f6 9631      	ADIW R30,1
0000f7 d150      	RCALL SUBOPT_0x3
                 ; 0000 007B         show_number(EEPROM_read(0x02 + i * 3));
0000f8 9632      	ADIW R30,2
0000f9 01df      	MOVW R26,R30
0000fa df93      	RCALL _EEPROM_read
0000fb 2fae      	MOV  R26,R30
0000fc dfae      	RCALL _show_number
                 ; 0000 007C         UDR = '\n';
0000fd e0ea      	LDI  R30,LOW(10)
0000fe b9ec      	OUT  0xC,R30
                 ; 0000 007D         while(!(UCSRA & (1<<UDRE)));
                 _0x26:
0000ff 9b5d      	SBIS 0xB,5
000100 cffe      	RJMP _0x26
                 ; 0000 007E 
                 ; 0000 007F     }
000101 94a3      	INC  R10
000102 cfea      	RJMP _0x23
                 _0x24:
                 ; 0000 0080 
                 ; 0000 0081 
                 ; 0000 0082 }
000103 c01a      	RJMP _0x5F
                 ; .FEND
                 
                 	.DSEG
                 _0x25:
000260           	.BYTE 0x2
                 ;
                 ;// Timer1 overflow interrupt service routine
                 ;interrupt [TIM1_OVF] void timer1_ovf_isr(void)
                 ; 0000 0086 {
                 
                 	.CSEG
                 _timer1_ovf_isr:
                 ; .FSTART _timer1_ovf_isr
000104 d12f      	RCALL SUBOPT_0x1
                 ; 0000 0087     sec++;
000105 9443      	INC  R4
                 ; 0000 0088     if (sec < 59){ //should be 59 for one minute
000106 e3eb      	LDI  R30,LOW(59)
000107 164e      	CP   R4,R30
000108 f428      	BRSH _0x29
                 ; 0000 0089        // Reinitialize Timer1 value
                 ; 0000 008A         TCNT1H=0x85EE >> 8;
000109 e8e5      	LDI  R30,LOW(133)
00010a bded      	OUT  0x2D,R30
                 ; 0000 008B         TCNT1L=0x85EE & 0xff;
00010b eeee      	LDI  R30,LOW(238)
00010c bdec      	OUT  0x2C,R30
                 ; 0000 008C     }else{    // turn off timer
00010d c010      	RJMP _0x2A
                 _0x29:
                 ; 0000 008D         read_heart = 0;
00010e 2477      	CLR  R7
                 ; 0000 008E         state = 0;
00010f 24bb      	CLR  R11
                 ; 0000 008F         show_number(HR);
000110 2da6      	MOV  R26,R6
000111 df99      	RCALL _show_number
                 ; 0000 0090         UDR = '\n';
000112 e0ea      	LDI  R30,LOW(10)
000113 b9ec      	OUT  0xC,R30
                 ; 0000 0091         while(!(UCSRA & (1<<UDRE)));
                 _0x2B:
000114 9b5d      	SBIS 0xB,5
000115 cffe      	RJMP _0x2B
                 ; 0000 0092         show_msg(str_id);
000116 e6a8      	LDI  R26,LOW(_str_id)
000117 e0b2      	LDI  R27,HIGH(_str_id)
000118 df80      	RCALL _show_msg
                 ; 0000 0093         TCCR1B=(0<<ICNC1) | (0<<ICES1) | (0<<WGM13) | (0<<WGM12) | (0<<CS12) | (0<<CS11) | (0<<CS10);
000119 e0e0      	LDI  R30,LOW(0)
00011a bdee      	OUT  0x2E,R30
                 ; 0000 0094         TIMSK=(0<<OCIE2) | (0<<TOIE2) | (0<<TICIE1) | (0<<OCIE1A) | (0<<OCIE1B) | (0<<TOIE1) | (0<<OCIE0) | (0<<TOIE0);
00011b bfe9      	OUT  0x39,R30
                 ; 0000 0095         flag = 1;
00011c e0e1      	LDI  R30,LOW(1)
00011d 2ede      	MOV  R13,R30
                 ; 0000 0096 
                 ; 0000 0097 
                 ; 0000 0098 
                 ; 0000 0099 
                 ; 0000 009A     }
                 _0x2A:
                 ; 0000 009B 
                 ; 0000 009C }
                 _0x5F:
00011e 91e9      	LD   R30,Y+
00011f bfef      	OUT  SREG,R30
000120 91f9      	LD   R31,Y+
000121 91e9      	LD   R30,Y+
000122 91b9      	LD   R27,Y+
000123 91a9      	LD   R26,Y+
000124 9199      	LD   R25,Y+
000125 9189      	LD   R24,Y+
000126 9179      	LD   R23,Y+
000127 9169      	LD   R22,Y+
000128 90f9      	LD   R15,Y+
000129 9019      	LD   R1,Y+
00012a 9009      	LD   R0,Y+
00012b 9518      	RETI
                 ; .FEND
                 ;
                 ;
                 ;
                 ;
                 ;void send_number (unsigned char number){
                 ; 0000 00A1 void send_number (unsigned char number){
                 _send_number:
                 ; .FSTART _send_number
                 ; 0000 00A2     if(number == 10){     //Enter      state = 0: ID    state = 1: Age      state = 2:  counting HR
00012c 93aa      	ST   -Y,R26
                 ;	number -> Y+0
00012d 81a8      	LD   R26,Y
00012e 30aa      	CPI  R26,LOW(0xA)
00012f f531      	BRNE _0x2E
                 ; 0000 00A3          if (state == 0){
000130 20bb      	TST  R11
000131 f431      	BRNE _0x2F
                 ; 0000 00A4             show_msg(str_age);
000132 e7a1      	LDI  R26,LOW(_str_age)
000133 e0b2      	LDI  R27,HIGH(_str_age)
000134 df64      	RCALL _show_msg
                 ; 0000 00A5             AGE = 0;
000135 2499      	CLR  R9
                 ; 0000 00A6             state = 1;
000136 e0e1      	LDI  R30,LOW(1)
000137 c01c      	RJMP _0x5E
                 ; 0000 00A7          }else if(state == 1){
                 _0x2F:
000138 e0e1      	LDI  R30,LOW(1)
000139 15eb      	CP   R30,R11
00013a f4d1      	BRNE _0x31
                 ; 0000 00A8             // Timer/Counter 1 initialization
                 ; 0000 00A9             // Clock source: System Clock
                 ; 0000 00AA             // Clock value: 31.250 kHz
                 ; 0000 00AB             // Mode: Normal top=0xFFFF
                 ; 0000 00AC             // OC1A output: Disconnected
                 ; 0000 00AD             // OC1B output: Disconnected
                 ; 0000 00AE             // Noise Canceler: Off
                 ; 0000 00AF             // Input Capture on Falling Edge
                 ; 0000 00B0             // Timer Period: 1 s
                 ; 0000 00B1             // Timer1 Overflow Interrupt: On
                 ; 0000 00B2             // Input Capture Interrupt: Off
                 ; 0000 00B3             // Compare A Match Interrupt: Off
                 ; 0000 00B4             // Compare B Match Interrupt: Off
                 ; 0000 00B5             sec = 0;
00013b 2444      	CLR  R4
                 ; 0000 00B6             HR = 0;
00013c 2466      	CLR  R6
                 ; 0000 00B7             TCCR1A=(0<<COM1A1) | (0<<COM1A0) | (0<<COM1B1) | (0<<COM1B0) | (0<<WGM11) | (0<<WGM10);
00013d e0e0      	LDI  R30,LOW(0)
00013e bdef      	OUT  0x2F,R30
                 ; 0000 00B8             TCCR1B=(0<<ICNC1) | (0<<ICES1) | (0<<WGM13) | (0<<WGM12) | (1<<CS12) | (0<<CS11) | (0<<CS10);
00013f e0e4      	LDI  R30,LOW(4)
000140 bdee      	OUT  0x2E,R30
                 ; 0000 00B9             TCNT1H=0x85;
000141 e8e5      	LDI  R30,LOW(133)
000142 bded      	OUT  0x2D,R30
                 ; 0000 00BA             TCNT1L=0xEE;
000143 eeee      	LDI  R30,LOW(238)
000144 bdec      	OUT  0x2C,R30
                 ; 0000 00BB             ICR1H=0x00;
000145 e0e0      	LDI  R30,LOW(0)
000146 bde7      	OUT  0x27,R30
                 ; 0000 00BC             ICR1L=0x00;
000147 bde6      	OUT  0x26,R30
                 ; 0000 00BD             OCR1AH=0x00;
000148 bdeb      	OUT  0x2B,R30
                 ; 0000 00BE             OCR1AL=0x00;
000149 bdea      	OUT  0x2A,R30
                 ; 0000 00BF             OCR1BH=0x00;
00014a bde9      	OUT  0x29,R30
                 ; 0000 00C0             OCR1BL=0x00;
00014b bde8      	OUT  0x28,R30
                 ; 0000 00C1 
                 ; 0000 00C2             // Timer(s)/Counter(s) Interrupt(s) initialization
                 ; 0000 00C3             TIMSK=(0<<OCIE2) | (0<<TOIE2) | (0<<TICIE1) | (0<<OCIE1A) | (0<<OCIE1B) | (1<<TOIE1) | (0<<OCIE0) | (0<<TOIE ...
00014c e0e4      	LDI  R30,LOW(4)
00014d bfe9      	OUT  0x39,R30
                 ; 0000 00C4             read_heart = 1;
00014e e0e1      	LDI  R30,LOW(1)
00014f 2e7e      	MOV  R7,R30
                 ; 0000 00C5             show_msg(str_HR);
000150 e7ab      	LDI  R26,LOW(_str_HR)
000151 e0b2      	LDI  R27,HIGH(_str_HR)
000152 df46      	RCALL _show_msg
                 ; 0000 00C6             state = 2;
000153 e0e2      	LDI  R30,LOW(2)
                 _0x5E:
000154 2ebe      	MOV  R11,R30
                 ; 0000 00C7          }
                 ; 0000 00C8 
                 ; 0000 00C9 
                 ; 0000 00CA     }else if (number == 11){    // Save
                 _0x31:
000155 c043      	RJMP _0x32
                 _0x2E:
000156 81a8      	LD   R26,Y
000157 30ab      	CPI  R26,LOW(0xB)
000158 f4e9      	BRNE _0x33
                 ; 0000 00CB          EEPROM_write(0x00 + counter * 3,ID);
000159 d0f2      	RCALL SUBOPT_0x4
00015a 9630      	ADIW R30,0
00015b 93fa      	ST   -Y,R31
00015c 93ea      	ST   -Y,R30
00015d 2da8      	MOV  R26,R8
00015e df22      	RCALL _EEPROM_write
                 ; 0000 00CC          EEPROM_write(0x01 + counter * 3,AGE);
00015f d0ec      	RCALL SUBOPT_0x4
000160 9631      	ADIW R30,1
000161 93fa      	ST   -Y,R31
000162 93ea      	ST   -Y,R30
000163 2da9      	MOV  R26,R9
000164 df1c      	RCALL _EEPROM_write
                 ; 0000 00CD          EEPROM_write(0x02 + counter * 3,HR);
000165 d0e6      	RCALL SUBOPT_0x4
000166 9632      	ADIW R30,2
000167 93fa      	ST   -Y,R31
000168 93ea      	ST   -Y,R30
000169 2da6      	MOV  R26,R6
00016a df16      	RCALL _EEPROM_write
                 ; 0000 00CE          show_number(ID);
00016b 2da8      	MOV  R26,R8
00016c df3e      	RCALL _show_number
                 ; 0000 00CF          show_number(AGE);
00016d 2da9      	MOV  R26,R9
00016e df3c      	RCALL _show_number
                 ; 0000 00D0          show_number(HR);
00016f 2da6      	MOV  R26,R6
000170 df3a      	RCALL _show_number
                 ; 0000 00D1          show_msg("Saved");
                +
000171 e6a2     +LDI R26 , LOW ( _0x34 + ( 0 ) )
000172 e0b2     +LDI R27 , HIGH ( _0x34 + ( 0 ) )
                 	__POINTW2MN _0x34,0
000173 df25      	RCALL _show_msg
                 ; 0000 00D2          counter++;
000174 9453      	INC  R5
                 ; 0000 00D3 
                 ; 0000 00D4 
                 ; 0000 00D5     }else if ((state == 0) ){
000175 c023      	RJMP _0x35
                 _0x33:
000176 20bb      	TST  R11
000177 f491      	BRNE _0x36
                 ; 0000 00D6         if (flag == 1){
000178 e0e1      	LDI  R30,LOW(1)
000179 15ed      	CP   R30,R13
00017a f411      	BRNE _0x37
                 ; 0000 00D7             ID = 0;
00017b 2488      	CLR  R8
                 ; 0000 00D8             flag =0;
00017c 24dd      	CLR  R13
                 ; 0000 00D9             //show_msg("Clear");
                 ; 0000 00DA         }
                 ; 0000 00DB          ID = ID*10 + number;
                 _0x37:
00017d 2de8      	MOV  R30,R8
00017e e0aa      	LDI  R26,LOW(10)
00017f 02ea      	MULS R30,R26
000180 01f0      	MOVW R30,R0
000181 81a8      	LD   R26,Y
000182 0fea      	ADD  R30,R26
000183 2e8e      	MOV  R8,R30
                 ; 0000 00DC          UDR = '0'+number;
000184 81e8      	LD   R30,Y
000185 5de0      	SUBI R30,-LOW(48)
000186 b9ec      	OUT  0xC,R30
                 ; 0000 00DD          while(!(UCSRA & (1<<UDRE)));
                 _0x38:
000187 9b5d      	SBIS 0xB,5
000188 cffe      	RJMP _0x38
                 ; 0000 00DE          //show_number(ID);
                 ; 0000 00DF 
                 ; 0000 00E0     }else if ( (state == 1)){
000189 c00f      	RJMP _0x3B
                 _0x36:
00018a e0e1      	LDI  R30,LOW(1)
00018b 15eb      	CP   R30,R11
00018c f461      	BRNE _0x3C
                 ; 0000 00E1          AGE = AGE *10 + number;
00018d 2de9      	MOV  R30,R9
00018e e0aa      	LDI  R26,LOW(10)
00018f 02ea      	MULS R30,R26
000190 01f0      	MOVW R30,R0
000191 81a8      	LD   R26,Y
000192 0fea      	ADD  R30,R26
000193 2e9e      	MOV  R9,R30
                 ; 0000 00E2          UDR = '0'+number;
000194 81e8      	LD   R30,Y
000195 5de0      	SUBI R30,-LOW(48)
000196 b9ec      	OUT  0xC,R30
                 ; 0000 00E3          while(!(UCSRA & (1<<UDRE)));
                 _0x3D:
000197 9b5d      	SBIS 0xB,5
000198 cffe      	RJMP _0x3D
                 ; 0000 00E4 
                 ; 0000 00E5     }
                 ; 0000 00E6 
                 ; 0000 00E7 }
                 _0x3C:
                 _0x3B:
                 _0x35:
                 _0x32:
                 _0x2000001:
000199 9621      	ADIW R28,1
00019a 9508      	RET
                 ; .FEND
                 
                 	.DSEG
                 _0x34:
000262           	.BYTE 0x6
                 ;
                 ;void GET_KEY (void){
                 ; 0000 00E9 void GET_KEY (void){
                 
                 	.CSEG
                 _GET_KEY:
                 ; .FSTART _GET_KEY
                 ; 0000 00EA     key_pressed = 50;   //
00019b e3e2      	LDI  R30,LOW(50)
00019c 2ece      	MOV  R12,R30
                 ; 0000 00EB     PORTA=0XFE;
00019d efee      	LDI  R30,LOW(254)
00019e bbeb      	OUT  0x1B,R30
                 ; 0000 00EC     if(PINB.0==0)
00019f 99b0      	SBIC 0x16,0
0001a0 c005      	RJMP _0x40
                 ; 0000 00ED             {
                 ; 0000 00EE             delay_ms(100);
0001a1 d0af      	RCALL SUBOPT_0x5
                 ; 0000 00EF             if(PINB.0==0)
0001a2 99b0      	SBIC 0x16,0
0001a3 c002      	RJMP _0x41
                 ; 0000 00F0                 {
                 ; 0000 00F1                     //while (PINB.0==0){}
                 ; 0000 00F2                     key_pressed=1;
0001a4 e0e1      	LDI  R30,LOW(1)
0001a5 2ece      	MOV  R12,R30
                 ; 0000 00F3                 }
                 ; 0000 00F4             }
                 _0x41:
                 ; 0000 00F5      if(PINB.1==0)
                 _0x40:
0001a6 99b1      	SBIC 0x16,1
0001a7 c005      	RJMP _0x42
                 ; 0000 00F6             {
                 ; 0000 00F7             delay_ms(100);
0001a8 d0a8      	RCALL SUBOPT_0x5
                 ; 0000 00F8             if(PINB.1==0)
0001a9 99b1      	SBIC 0x16,1
0001aa c002      	RJMP _0x43
                 ; 0000 00F9                 {
                 ; 0000 00FA                     //while (PINB.1==0){}
                 ; 0000 00FB                     key_pressed=4;
0001ab e0e4      	LDI  R30,LOW(4)
0001ac 2ece      	MOV  R12,R30
                 ; 0000 00FC                 }
                 ; 0000 00FD             }
                 _0x43:
                 ; 0000 00FE 
                 ; 0000 00FF      if(PINB.2==0)
                 _0x42:
0001ad 99b2      	SBIC 0x16,2
0001ae c005      	RJMP _0x44
                 ; 0000 0100             {
                 ; 0000 0101             delay_ms(100);
0001af d0a1      	RCALL SUBOPT_0x5
                 ; 0000 0102             if(PINB.2==0)
0001b0 99b2      	SBIC 0x16,2
0001b1 c002      	RJMP _0x45
                 ; 0000 0103                 {
                 ; 0000 0104                     //while (PINB.2==0){}
                 ; 0000 0105                     key_pressed=7;
0001b2 e0e7      	LDI  R30,LOW(7)
0001b3 2ece      	MOV  R12,R30
                 ; 0000 0106                 }
                 ; 0000 0107             }
                 _0x45:
                 ; 0000 0108 
                 ; 0000 0109      if(PINB.3==0)
                 _0x44:
0001b4 99b3      	SBIC 0x16,3
0001b5 c005      	RJMP _0x46
                 ; 0000 010A             {
                 ; 0000 010B             delay_ms(100);
0001b6 d09a      	RCALL SUBOPT_0x5
                 ; 0000 010C             if(PINB.3==0)
0001b7 99b3      	SBIC 0x16,3
0001b8 c002      	RJMP _0x47
                 ; 0000 010D                 {
                 ; 0000 010E                     //while (PINB.3==0){}
                 ; 0000 010F                     key_pressed=10;  //      *
0001b9 e0ea      	LDI  R30,LOW(10)
0001ba 2ece      	MOV  R12,R30
                 ; 0000 0110                 }
                 ; 0000 0111             }
                 _0x47:
                 ; 0000 0112 
                 ; 0000 0113 
                 ; 0000 0114 
                 ; 0000 0115       PORTA=0XFD;
                 _0x46:
0001bb efed      	LDI  R30,LOW(253)
0001bc bbeb      	OUT  0x1B,R30
                 ; 0000 0116       if(PINB.0==0)
0001bd 99b0      	SBIC 0x16,0
0001be c005      	RJMP _0x48
                 ; 0000 0117             {
                 ; 0000 0118             delay_ms(100);
0001bf d091      	RCALL SUBOPT_0x5
                 ; 0000 0119             if(PINB.0==0)
0001c0 99b0      	SBIC 0x16,0
0001c1 c002      	RJMP _0x49
                 ; 0000 011A                 {
                 ; 0000 011B                     //while (PINB.0==0){}
                 ; 0000 011C                     key_pressed=2;
0001c2 e0e2      	LDI  R30,LOW(2)
0001c3 2ece      	MOV  R12,R30
                 ; 0000 011D                 }
                 ; 0000 011E             }
                 _0x49:
                 ; 0000 011F      if(PINB.1==0)
                 _0x48:
0001c4 99b1      	SBIC 0x16,1
0001c5 c005      	RJMP _0x4A
                 ; 0000 0120             {
                 ; 0000 0121             delay_ms(100);
0001c6 d08a      	RCALL SUBOPT_0x5
                 ; 0000 0122             if(PINB.1==0)
0001c7 99b1      	SBIC 0x16,1
0001c8 c002      	RJMP _0x4B
                 ; 0000 0123                 {
                 ; 0000 0124                     //while (PINB.1==0){}
                 ; 0000 0125                     key_pressed=5;
0001c9 e0e5      	LDI  R30,LOW(5)
0001ca 2ece      	MOV  R12,R30
                 ; 0000 0126                 }
                 ; 0000 0127             }
                 _0x4B:
                 ; 0000 0128 
                 ; 0000 0129      if(PINB.2==0)
                 _0x4A:
0001cb 99b2      	SBIC 0x16,2
0001cc c005      	RJMP _0x4C
                 ; 0000 012A             {
                 ; 0000 012B             delay_ms(100);
0001cd d083      	RCALL SUBOPT_0x5
                 ; 0000 012C             if(PINB.2==0)
0001ce 99b2      	SBIC 0x16,2
0001cf c002      	RJMP _0x4D
                 ; 0000 012D                 {
                 ; 0000 012E                     //while (PINB.2==0){}
                 ; 0000 012F                     key_pressed=8;
0001d0 e0e8      	LDI  R30,LOW(8)
0001d1 2ece      	MOV  R12,R30
                 ; 0000 0130                 }
                 ; 0000 0131             }
                 _0x4D:
                 ; 0000 0132 
                 ; 0000 0133      if(PINB.3==0)
                 _0x4C:
0001d2 99b3      	SBIC 0x16,3
0001d3 c003      	RJMP _0x4E
                 ; 0000 0134             {
                 ; 0000 0135             delay_ms(100);
0001d4 d07c      	RCALL SUBOPT_0x5
                 ; 0000 0136             if(PINB.3==0)
0001d5 9bb3      	SBIS 0x16,3
                 ; 0000 0137                 {
                 ; 0000 0138                     //while (PINB.2==0){}
                 ; 0000 0139                     key_pressed=0;
0001d6 24cc      	CLR  R12
                 ; 0000 013A                 }
                 ; 0000 013B             }
                 ; 0000 013C 
                 ; 0000 013D       PORTA=0XFB;
                 _0x4E:
0001d7 efeb      	LDI  R30,LOW(251)
0001d8 bbeb      	OUT  0x1B,R30
                 ; 0000 013E       if(PINB.0==0)
0001d9 99b0      	SBIC 0x16,0
0001da c005      	RJMP _0x50
                 ; 0000 013F             {
                 ; 0000 0140             delay_ms(100);
0001db d075      	RCALL SUBOPT_0x5
                 ; 0000 0141             if(PINB.0==0)
0001dc 99b0      	SBIC 0x16,0
0001dd c002      	RJMP _0x51
                 ; 0000 0142                 {
                 ; 0000 0143                     //while (PINB.0==0){}
                 ; 0000 0144                     key_pressed=3;
0001de e0e3      	LDI  R30,LOW(3)
0001df 2ece      	MOV  R12,R30
                 ; 0000 0145                 }
                 ; 0000 0146             }
                 _0x51:
                 ; 0000 0147      if(PINB.1==0)
                 _0x50:
0001e0 99b1      	SBIC 0x16,1
0001e1 c005      	RJMP _0x52
                 ; 0000 0148             {
                 ; 0000 0149             delay_ms(100);
0001e2 d06e      	RCALL SUBOPT_0x5
                 ; 0000 014A             if(PINB.1==0)
0001e3 99b1      	SBIC 0x16,1
0001e4 c002      	RJMP _0x53
                 ; 0000 014B                 {
                 ; 0000 014C                     //while (PINB.1==0){}
                 ; 0000 014D                     key_pressed=6;
0001e5 e0e6      	LDI  R30,LOW(6)
0001e6 2ece      	MOV  R12,R30
                 ; 0000 014E                 }
                 ; 0000 014F             }
                 _0x53:
                 ; 0000 0150 
                 ; 0000 0151      if(PINB.2==0)
                 _0x52:
0001e7 99b2      	SBIC 0x16,2
0001e8 c005      	RJMP _0x54
                 ; 0000 0152             {
                 ; 0000 0153             delay_ms(100);
0001e9 d067      	RCALL SUBOPT_0x5
                 ; 0000 0154             if(PINB.2==0)
0001ea 99b2      	SBIC 0x16,2
0001eb c002      	RJMP _0x55
                 ; 0000 0155                 {
                 ; 0000 0156                     //while (PINB.2==0){}
                 ; 0000 0157                     key_pressed=9;
0001ec e0e9      	LDI  R30,LOW(9)
0001ed 2ece      	MOV  R12,R30
                 ; 0000 0158                 }
                 ; 0000 0159             }
                 _0x55:
                 ; 0000 015A 
                 ; 0000 015B      if(PINB.3==0)
                 _0x54:
0001ee 99b3      	SBIC 0x16,3
0001ef c005      	RJMP _0x56
                 ; 0000 015C             {
                 ; 0000 015D             delay_ms(100);
0001f0 d060      	RCALL SUBOPT_0x5
                 ; 0000 015E             if(PINB.3==0)
0001f1 99b3      	SBIC 0x16,3
0001f2 c002      	RJMP _0x57
                 ; 0000 015F                 {
                 ; 0000 0160                    // while (PINB.3==0){}
                 ; 0000 0161                     key_pressed=11;   //     #
0001f3 e0eb      	LDI  R30,LOW(11)
0001f4 2ece      	MOV  R12,R30
                 ; 0000 0162                 }
                 ; 0000 0163             }
                 _0x57:
                 ; 0000 0164        if(key_pressed!=50){
                 _0x56:
0001f5 e3e2      	LDI  R30,LOW(50)
0001f6 15ec      	CP   R30,R12
0001f7 f011      	BREQ _0x58
                 ; 0000 0165        send_number(key_pressed);  }
0001f8 2dac      	MOV  R26,R12
0001f9 df32      	RCALL _send_number
                 ; 0000 0166        PORTA=0XF0;
                 _0x58:
0001fa efe0      	LDI  R30,LOW(240)
0001fb bbeb      	OUT  0x1B,R30
                 ; 0000 0167 
                 ; 0000 0168 
                 ; 0000 0169 
                 ; 0000 016A }
0001fc 9508      	RET
                 ; .FEND
                 ;
                 ;void main(void)
                 ; 0000 016D {
                 _main:
                 ; .FSTART _main
                 ; 0000 016E // Declare your local variables here
                 ; 0000 016F 
                 ; 0000 0170 // Input/Output Ports initialization
                 ; 0000 0171 // Port A initialization
                 ; 0000 0172 // Function: Bit7=In Bit6=In Bit5=In Bit4=In Bit3=In Bit2=Out Bit1=Out Bit0=Out
                 ; 0000 0173 DDRA=(0<<DDA7) | (0<<DDA6) | (0<<DDA5) | (0<<DDA4) | (0<<DDA3) | (1<<DDA2) | (1<<DDA1) | (1<<DDA0);
0001fd e0e7      	LDI  R30,LOW(7)
0001fe bbea      	OUT  0x1A,R30
                 ; 0000 0174 // State: Bit7=T Bit6=T Bit5=T Bit4=T Bit3=T Bit2=0 Bit1=0 Bit0=0
                 ; 0000 0175 PORTA=(0<<PORTA7) | (0<<PORTA6) | (0<<PORTA5) | (0<<PORTA4) | (0<<PORTA3) | (0<<PORTA2) | (0<<PORTA1) | (0<<PORTA0);
0001ff e0e0      	LDI  R30,LOW(0)
000200 bbeb      	OUT  0x1B,R30
                 ; 0000 0176 
                 ; 0000 0177 // Port B initialization
                 ; 0000 0178 // Function: Bit7=In Bit6=In Bit5=In Bit4=In Bit3=In Bit2=In Bit1=In Bit0=In
                 ; 0000 0179 DDRB=(0<<DDB7) | (0<<DDB6) | (0<<DDB5) | (0<<DDB4) | (0<<DDB3) | (0<<DDB2) | (0<<DDB1) | (0<<DDB0);
000201 bbe7      	OUT  0x17,R30
                 ; 0000 017A // State: Bit7=T Bit6=T Bit5=T Bit4=T Bit3=P Bit2=P Bit1=P Bit0=P
                 ; 0000 017B PORTB=(0<<PORTB7) | (0<<PORTB6) | (0<<PORTB5) | (0<<PORTB4) | (1<<PORTB3) | (1<<PORTB2) | (1<<PORTB1) | (1<<PORTB0);
000202 e0ef      	LDI  R30,LOW(15)
000203 bbe8      	OUT  0x18,R30
                 ; 0000 017C 
                 ; 0000 017D // Port C initialization
                 ; 0000 017E // Function: Bit7=In Bit6=In Bit5=In Bit4=In Bit3=In Bit2=In Bit1=In Bit0=In
                 ; 0000 017F DDRC=(0<<DDC7) | (0<<DDC6) | (0<<DDC5) | (0<<DDC4) | (0<<DDC3) | (0<<DDC2) | (0<<DDC1) | (0<<DDC0);
000204 e0e0      	LDI  R30,LOW(0)
000205 bbe4      	OUT  0x14,R30
                 ; 0000 0180 // State: Bit7=T Bit6=T Bit5=T Bit4=T Bit3=T Bit2=T Bit1=T Bit0=T
                 ; 0000 0181 PORTC=(0<<PORTC7) | (0<<PORTC6) | (0<<PORTC5) | (0<<PORTC4) | (0<<PORTC3) | (0<<PORTC2) | (0<<PORTC1) | (0<<PORTC0);
000206 bbe5      	OUT  0x15,R30
                 ; 0000 0182 
                 ; 0000 0183 // Port D initialization
                 ; 0000 0184 // Function: Bit7=In Bit6=In Bit5=In Bit4=In Bit3=In Bit2=In Bit1=Out Bit0=In
                 ; 0000 0185 DDRD=(0<<DDD7) | (0<<DDD6) | (0<<DDD5) | (0<<DDD4) | (0<<DDD3) | (0<<DDD2) | (1<<DDD1) | (0<<DDD0);
000207 e0e2      	LDI  R30,LOW(2)
000208 bbe1      	OUT  0x11,R30
                 ; 0000 0186 // State: Bit7=T Bit6=T Bit5=T Bit4=T Bit3=T Bit2=P Bit1=0 Bit0=T
                 ; 0000 0187 PORTD=(0<<PORTD7) | (0<<PORTD6) | (0<<PORTD5) | (0<<PORTD4) | (1<<PORTD3) | (1<<PORTD2) | (0<<PORTD1) | (0<<PORTD0);
000209 e0ec      	LDI  R30,LOW(12)
00020a bbe2      	OUT  0x12,R30
                 ; 0000 0188 
                 ; 0000 0189 
                 ; 0000 018A // External Interrupt(s) initialization
                 ; 0000 018B // INT0: On
                 ; 0000 018C // INT0 Mode: Falling Edge
                 ; 0000 018D // INT1: On
                 ; 0000 018E // INT1 Mode: Falling Edge
                 ; 0000 018F // INT2: Off
                 ; 0000 0190 GICR|=(1<<INT1) | (1<<INT0) | (0<<INT2);
00020b b7eb      	IN   R30,0x3B
00020c 6ce0      	ORI  R30,LOW(0xC0)
00020d bfeb      	OUT  0x3B,R30
                 ; 0000 0191 MCUCR=(1<<ISC11) | (0<<ISC10) | (1<<ISC01) | (0<<ISC00);
00020e e0ea      	LDI  R30,LOW(10)
00020f bfe5      	OUT  0x35,R30
                 ; 0000 0192 MCUCSR=(0<<ISC2);
000210 e0e0      	LDI  R30,LOW(0)
000211 bfe4      	OUT  0x34,R30
                 ; 0000 0193 GIFR=(1<<INTF1) | (1<<INTF0) | (0<<INTF2);
000212 ece0      	LDI  R30,LOW(192)
000213 bfea      	OUT  0x3A,R30
                 ; 0000 0194 
                 ; 0000 0195 
                 ; 0000 0196 // USART initialization
                 ; 0000 0197 // Communication Parameters: 8 Data, 1 Stop, No Parity
                 ; 0000 0198 // USART Receiver: Off
                 ; 0000 0199 // USART Transmitter: On
                 ; 0000 019A // USART Mode: Asynchronous
                 ; 0000 019B // USART Baud Rate: 9600
                 ; 0000 019C UCSRA=(0<<RXC) | (0<<TXC) | (0<<UDRE) | (0<<FE) | (0<<DOR) | (0<<UPE) | (0<<U2X) | (0<<MPCM);
000214 e0e0      	LDI  R30,LOW(0)
000215 b9eb      	OUT  0xB,R30
                 ; 0000 019D UCSRB=(0<<RXCIE) | (0<<TXCIE) | (0<<UDRIE) | (0<<RXEN) | (1<<TXEN) | (0<<UCSZ2) | (0<<RXB8) | (0<<TXB8);
000216 e0e8      	LDI  R30,LOW(8)
000217 b9ea      	OUT  0xA,R30
                 ; 0000 019E UCSRC=(1<<URSEL) | (0<<UMSEL) | (0<<UPM1) | (0<<UPM0) | (0<<USBS) | (1<<UCSZ1) | (1<<UCSZ0) | (0<<UCPOL);
000218 e8e6      	LDI  R30,LOW(134)
000219 bde0      	OUT  0x20,R30
                 ; 0000 019F UBRRH=0x00;
00021a e0e0      	LDI  R30,LOW(0)
00021b bde0      	OUT  0x20,R30
                 ; 0000 01A0 UBRRL=0x33;
00021c e3e3      	LDI  R30,LOW(51)
00021d b9e9      	OUT  0x9,R30
                 ; 0000 01A1 
                 ; 0000 01A2 // Global enable interrupts
                 ; 0000 01A3 #asm("sei")
00021e 9478      	sei
                 ; 0000 01A4 show_msg(str_id);
00021f e6a8      	LDI  R26,LOW(_str_id)
000220 e0b2      	LDI  R27,HIGH(_str_id)
000221 de77      	RCALL _show_msg
                 ; 0000 01A5 while (1)
                 _0x59:
                 ; 0000 01A6       {
                 ; 0000 01A7       if ((PINB&0x0F) != 0x0F){
000222 b3e6      	IN   R30,0x16
000223 70ef      	ANDI R30,LOW(0xF)
000224 30ef      	CPI  R30,LOW(0xF)
000225 f029      	BREQ _0x5C
                 ; 0000 01A8             GET_KEY();
000226 df74      	RCALL _GET_KEY
                 ; 0000 01A9             //PORTA.4 = ~PORTA.4;
                 ; 0000 01AA             delay_ms(200);
000227 eca8      	LDI  R26,LOW(200)
000228 e0b0      	LDI  R27,0
000229 940e 0255 	CALL _delay_ms
                 ; 0000 01AB       }
                 ; 0000 01AC       }
                 _0x5C:
00022b cff6      	RJMP _0x59
                 ; 0000 01AD }
                 _0x5D:
00022c cfff      	RJMP _0x5D
                 ; .FEND
                 
                 	.DSEG
                 _str_id:
000268           	.BYTE 0x9
                 _str_age:
000271           	.BYTE 0xA
                 _str_HR:
00027b           	.BYTE 0xB
                 _temp:
000286           	.BYTE 0x3
                 
                 	.CSEG
                 ;OPTIMIZER ADDED SUBROUTINE, CALLED 2 TIMES, CODE SIZE REDUCTION:1 WORDS
                 SUBOPT_0x0:
00022d 81a8      	LD   R26,Y
00022e 81b9      	LDD  R27,Y+1
00022f 27ee      	CLR  R30
000230 0daa      	ADD  R26,R10
000231 1fbe      	ADC  R27,R30
000232 91ec      	LD   R30,X
000233 9508      	RET
                 
                 ;OPTIMIZER ADDED SUBROUTINE, CALLED 2 TIMES, CODE SIZE REDUCTION:8 WORDS
                 SUBOPT_0x1:
000234 920a      	ST   -Y,R0
000235 921a      	ST   -Y,R1
000236 92fa      	ST   -Y,R15
000237 936a      	ST   -Y,R22
000238 937a      	ST   -Y,R23
000239 938a      	ST   -Y,R24
00023a 939a      	ST   -Y,R25
00023b 93aa      	ST   -Y,R26
00023c 93ba      	ST   -Y,R27
00023d 93ea      	ST   -Y,R30
00023e 93fa      	ST   -Y,R31
00023f b7ef      	IN   R30,SREG
000240 93ea      	ST   -Y,R30
000241 9508      	RET
                 
                 ;OPTIMIZER ADDED SUBROUTINE, CALLED 3 TIMES, CODE SIZE REDUCTION:5 WORDS
                 SUBOPT_0x2:
000242 de68      	RCALL _show_number
000243 2daa      	MOV  R26,R10
000244 e0e3      	LDI  R30,LOW(3)
000245 9fea      	MUL  R30,R26
000246 01f0      	MOVW R30,R0
000247 9508      	RET
                 
                 ;OPTIMIZER ADDED SUBROUTINE, CALLED 2 TIMES, CODE SIZE REDUCTION:1 WORDS
                 SUBOPT_0x3:
000248 01df      	MOVW R26,R30
000249 de44      	RCALL _EEPROM_read
00024a 2fae      	MOV  R26,R30
00024b cff6      	RJMP SUBOPT_0x2
                 
                 ;OPTIMIZER ADDED SUBROUTINE, CALLED 3 TIMES, CODE SIZE REDUCTION:1 WORDS
                 SUBOPT_0x4:
00024c 2da5      	MOV  R26,R5
00024d e0e3      	LDI  R30,LOW(3)
00024e 9fea      	MUL  R30,R26
00024f 01f0      	MOVW R30,R0
000250 9508      	RET
                 
                 ;OPTIMIZER ADDED SUBROUTINE, CALLED 12 TIMES, CODE SIZE REDUCTION:19 WORDS
                 SUBOPT_0x5:
000251 e6a4      	LDI  R26,LOW(100)
000252 e0b0      	LDI  R27,0
000253 940c 0255 	JMP  _delay_ms
                 
                 
                 	.CSEG
                 _delay_ms:
000255 9610      	adiw r26,0
000256 f039      	breq __delay_ms1
                 __delay_ms0:
                +
000257 ed80     +LDI R24 , LOW ( 0x7D0 )
000258 e097     +LDI R25 , HIGH ( 0x7D0 )
                +__DELAY_USW_LOOP :
000259 9701     +SBIW R24 , 1
00025a f7f1     +BRNE __DELAY_USW_LOOP
                 	__DELAY_USW 0x7D0
00025b 95a8      	wdr
00025c 9711      	sbiw r26,1
00025d f7c9      	brne __delay_ms0
                 __delay_ms1:
00025e 9508      	ret
                 
                 __ANEGW1:
00025f 95f1      	NEG  R31
000260 95e1      	NEG  R30
000261 40f0      	SBCI R31,0
000262 9508      	RET
                 
                 __DIVW21U:
000263 2400      	CLR  R0
000264 2411      	CLR  R1
000265 e190      	LDI  R25,16
                 __DIVW21U1:
000266 0faa      	LSL  R26
000267 1fbb      	ROL  R27
000268 1c00      	ROL  R0
000269 1c11      	ROL  R1
00026a 1a0e      	SUB  R0,R30
00026b 0a1f      	SBC  R1,R31
00026c f418      	BRCC __DIVW21U2
00026d 0e0e      	ADD  R0,R30
00026e 1e1f      	ADC  R1,R31
00026f c001      	RJMP __DIVW21U3
                 __DIVW21U2:
000270 60a1      	SBR  R26,1
                 __DIVW21U3:
000271 959a      	DEC  R25
000272 f799      	BRNE __DIVW21U1
000273 01fd      	MOVW R30,R26
000274 01d0      	MOVW R26,R0
000275 9508      	RET
                 
                 __DIVW21:
000276 d012      	RCALL __CHKSIGNW
000277 dfeb      	RCALL __DIVW21U
000278 f40e      	BRTC __DIVW211
000279 dfe5      	RCALL __ANEGW1
                 __DIVW211:
00027a 9508      	RET
                 
                 __MODW21:
00027b 94e8      	CLT
00027c ffb7      	SBRS R27,7
00027d c004      	RJMP __MODW211
00027e 95a0      	COM  R26
00027f 95b0      	COM  R27
000280 9611      	ADIW R26,1
000281 9468      	SET
                 __MODW211:
000282 fdf7      	SBRC R31,7
000283 dfdb      	RCALL __ANEGW1
000284 dfde      	RCALL __DIVW21U
000285 01fd      	MOVW R30,R26
000286 f40e      	BRTC __MODW212
000287 dfd7      	RCALL __ANEGW1
                 __MODW212:
000288 9508      	RET
                 
                 __CHKSIGNW:
000289 94e8      	CLT
00028a fff7      	SBRS R31,7
00028b c002      	RJMP __CHKSW1
00028c dfd2      	RCALL __ANEGW1
00028d 9468      	SET
                 __CHKSW1:
00028e ffb7      	SBRS R27,7
00028f c006      	RJMP __CHKSW2
000290 95a0      	COM  R26
000291 95b0      	COM  R27
000292 9611      	ADIW R26,1
000293 f800      	BLD  R0,0
000294 9403      	INC  R0
000295 fa00      	BST  R0,0
                 __CHKSW2:
000296 9508      	RET
                 
                 __SWAPW12:
000297 2e1b      	MOV  R1,R27
000298 2fbf      	MOV  R27,R31
000299 2df1      	MOV  R31,R1
                 
                 __SWAPB12:
00029a 2e1a      	MOV  R1,R26
00029b 2fae      	MOV  R26,R30
00029c 2de1      	MOV  R30,R1
00029d 9508      	RET
                 
                 ;END OF CODE MARKER
                 __END_OF_CODE:


RESOURCE USE INFORMATION
------------------------

Notice:
The register and instruction counts are symbol table hit counts,
and hence implicitly used resources are not counted, eg, the
'lpm' instruction without operands implicitly uses r0 and z,
none of which are counted.

x,y,z are separate entities in the symbol table and are
counted separately from r26..r31 here.

.dseg memory usage only counts static data declared with .byte

ATmega32 register use summary:
r0 :  18 r1 :  11 r2 :   0 r3 :   0 r4 :   3 r5 :   3 r6 :   5 r7 :   3 
r8 :   5 r9 :   5 r10:  16 r11:   6 r12:  15 r13:   3 r14:   0 r15:   2 
r16:   0 r17:   0 r18:   0 r19:   0 r20:   0 r21:   0 r22:   6 r23:   2 
r24:  11 r25:   7 r26:  67 r27:  27 r28:   4 r29:   1 r30: 216 r31:  27 
x  :   5 y  :  57 z  :   8 
Registers used: 26 out of 35 (74.3%)

ATmega32 instruction use summary:
.lds  :   0 .lds.l:   0 .sts  :   0 .sts.l:   0 adc   :   2 add   :   4 
adiw  :  12 and   :   0 andi  :   1 asr   :   0 bclr  :   0 bld   :   1 
brbc  :   0 brbs  :   0 brcc  :   1 brcs  :   0 break :   0 breq  :   5 
brge  :   0 brhc  :   0 brhs  :   0 brid  :   0 brie  :   0 brlo  :   0 
brlt  :   0 brmi  :   0 brne  :  14 brpl  :   0 brsh  :   4 brtc  :   2 
brts  :   0 brvc  :   0 brvs  :   0 bset  :   0 bst   :   1 call  :   4 
cbi   :   0 cbr   :   0 clc   :   0 clh   :   0 cli   :   1 cln   :   0 
clr   :  18 cls   :   0 clt   :   2 clv   :   0 clz   :   0 com   :   4 
cp    :   9 cpc   :   0 cpi   :   4 cpse  :   0 dec   :   2 des   :   0 
eor   :   0 fmul  :   0 fmuls :   0 fmulsu:   0 icall :   0 ijmp  :   0 
in    :   5 inc   :   8 jmp   :  23 ld    :  27 ldd   :   4 ldi   :  99 
lds   :   0 lpm   :   7 lsl   :   1 lsr   :   0 mov   :  40 movw  :  14 
mul   :   2 muls  :   2 mulsu :   0 neg   :   2 nop   :   0 or    :   0 
ori   :   1 out   :  57 pop   :   0 push  :   0 rcall :  48 ret   :  15 
reti  :   2 rjmp  :  53 rol   :   3 ror   :   0 sbc   :   2 sbci  :   3 
sbi   :   3 sbic  :  25 sbis  :   9 sbiw  :   5 sbr   :   1 sbrc  :   1 
sbrs  :   3 sec   :   0 seh   :   0 sei   :   1 sen   :   0 ser   :   0 
ses   :   0 set   :   2 sev   :   0 sez   :   0 sleep :   0 spm   :   0 
st    :  32 std   :   0 sts   :   0 sub   :   2 subi  :   5 swap  :   0 
tst   :   2 wdr   :   1 
Instructions used: 55 out of 116 (47.4%)

ATmega32 memory use summary [bytes]:
Segment   Begin    End      Code   Data   Used    Size   Use%
---------------------------------------------------------------
[.cseg] 0x000000 0x00053c   1256     84   1340   32768   4.1%
[.dseg] 0x000060 0x000289      0     41     41    2048   2.0%
[.eseg] 0x000000 0x000000      0      0      0    1024   0.0%

Assembly complete, 0 errors, 11 warnings
