
AVRASM ver. 2.1.30  D:\term8\Micro\HWs\Final Project\2\Debug\List\2.asm Wed Jun 29 19:08:33 2022

D:\term8\Micro\HWs\Final Project\2\Debug\List\2.asm(1088): warning: Register r5 already defined by the .DEF directive
D:\term8\Micro\HWs\Final Project\2\Debug\List\2.asm(1089): warning: Register r6 already defined by the .DEF directive
D:\term8\Micro\HWs\Final Project\2\Debug\List\2.asm(1090): warning: Register r7 already defined by the .DEF directive
D:\term8\Micro\HWs\Final Project\2\Debug\List\2.asm(1091): warning: Register r8 already defined by the .DEF directive
D:\term8\Micro\HWs\Final Project\2\Debug\List\2.asm(1092): warning: Register r9 already defined by the .DEF directive
D:\term8\Micro\HWs\Final Project\2\Debug\List\2.asm(1093): warning: Register r4 already defined by the .DEF directive
D:\term8\Micro\HWs\Final Project\2\Debug\List\2.asm(1094): warning: Register r11 already defined by the .DEF directive
D:\term8\Micro\HWs\Final Project\2\Debug\List\2.asm(1095): warning: Register r10 already defined by the .DEF directive
D:\term8\Micro\HWs\Final Project\2\Debug\List\2.asm(1096): warning: Register r13 already defined by the .DEF directive
                 
                 
                 ;CodeVisionAVR C Compiler V3.12 Advanced
                 ;(C) Copyright 1998-2014 Pavel Haiduc, HP InfoTech s.r.l.
                 ;http://www.hpinfotech.com
                 
                 ;Build configuration    : Debug
                 ;Chip type              : ATmega32
                 ;Program type           : Application
                 ;Clock frequency        : 8.000000 MHz
                 ;Memory model           : Small
                 ;Optimize for           : Size
                 ;(s)printf features     : int, width
                 ;(s)scanf features      : int, width
                 ;External RAM size      : 0
                 ;Data Stack size        : 512 byte(s)
                 ;Heap size              : 0 byte(s)
                 ;Promote 'char' to 'int': Yes
                 ;'char' is unsigned     : Yes
                 ;8 bit enums            : Yes
                 ;Global 'const' stored in FLASH: Yes
                 ;Enhanced function parameter passing: Yes
                 ;Enhanced core instructions: On
                 ;Automatic register allocation for global variables: On
                 ;Smart register allocation: On
                 
                 	#define _MODEL_SMALL_
                 
                 	#pragma AVRPART ADMIN PART_NAME ATmega32
                 	#pragma AVRPART MEMORY PROG_FLASH 32768
                 	#pragma AVRPART MEMORY EEPROM 1024
                 	#pragma AVRPART MEMORY INT_SRAM SIZE 2048
                 	#pragma AVRPART MEMORY INT_SRAM START_ADDR 0x60
                 
                 	#define CALL_SUPPORTED 1
                 
                 	.LISTMAC
                 	.EQU UDRE=0x5
                 	.EQU RXC=0x7
                 	.EQU USR=0xB
                 	.EQU UDR=0xC
                 	.EQU SPSR=0xE
                 	.EQU SPDR=0xF
                 	.EQU EERE=0x0
                 	.EQU EEWE=0x1
                 	.EQU EEMWE=0x2
                 	.EQU EECR=0x1C
                 	.EQU EEDR=0x1D
                 	.EQU EEARL=0x1E
                 	.EQU EEARH=0x1F
                 	.EQU WDTCR=0x21
                 	.EQU MCUCR=0x35
                 	.EQU GICR=0x3B
                 	.EQU SPL=0x3D
                 	.EQU SPH=0x3E
                 	.EQU SREG=0x3F
                 
                 	.DEF R0X0=R0
                 	.DEF R0X1=R1
                 	.DEF R0X2=R2
                 	.DEF R0X3=R3
                 	.DEF R0X4=R4
                 	.DEF R0X5=R5
                 	.DEF R0X6=R6
                 	.DEF R0X7=R7
                 	.DEF R0X8=R8
                 	.DEF R0X9=R9
                 	.DEF R0XA=R10
                 	.DEF R0XB=R11
                 	.DEF R0XC=R12
                 	.DEF R0XD=R13
                 	.DEF R0XE=R14
                 	.DEF R0XF=R15
                 	.DEF R0X10=R16
                 	.DEF R0X11=R17
                 	.DEF R0X12=R18
                 	.DEF R0X13=R19
                 	.DEF R0X14=R20
                 	.DEF R0X15=R21
                 	.DEF R0X16=R22
                 	.DEF R0X17=R23
                 	.DEF R0X18=R24
                 	.DEF R0X19=R25
                 	.DEF R0X1A=R26
                 	.DEF R0X1B=R27
                 	.DEF R0X1C=R28
                 	.DEF R0X1D=R29
                 	.DEF R0X1E=R30
                 	.DEF R0X1F=R31
                 
                 	.EQU __SRAM_START=0x0060
                 	.EQU __SRAM_END=0x085F
                 	.EQU __DSTACK_SIZE=0x0200
                 	.EQU __HEAP_SIZE=0x0000
                 	.EQU __CLEAR_SRAM_SIZE=__SRAM_END-__SRAM_START+1
                 
                 	.MACRO __CPD1N
                 	CPI  R30,LOW(@0)
                 	LDI  R26,HIGH(@0)
                 	CPC  R31,R26
                 	LDI  R26,BYTE3(@0)
                 	CPC  R22,R26
                 	LDI  R26,BYTE4(@0)
                 	CPC  R23,R26
                 	.ENDM
                 
                 	.MACRO __CPD2N
                 	CPI  R26,LOW(@0)
                 	LDI  R30,HIGH(@0)
                 	CPC  R27,R30
                 	LDI  R30,BYTE3(@0)
                 	CPC  R24,R30
                 	LDI  R30,BYTE4(@0)
                 	CPC  R25,R30
                 	.ENDM
                 
                 	.MACRO __CPWRR
                 	CP   R@0,R@2
                 	CPC  R@1,R@3
                 	.ENDM
                 
                 	.MACRO __CPWRN
                 	CPI  R@0,LOW(@2)
                 	LDI  R30,HIGH(@2)
                 	CPC  R@1,R30
                 	.ENDM
                 
                 	.MACRO __ADDB1MN
                 	SUBI R30,LOW(-@0-(@1))
                 	.ENDM
                 
                 	.MACRO __ADDB2MN
                 	SUBI R26,LOW(-@0-(@1))
                 	.ENDM
                 
                 	.MACRO __ADDW1MN
                 	SUBI R30,LOW(-@0-(@1))
                 	SBCI R31,HIGH(-@0-(@1))
                 	.ENDM
                 
                 	.MACRO __ADDW2MN
                 	SUBI R26,LOW(-@0-(@1))
                 	SBCI R27,HIGH(-@0-(@1))
                 	.ENDM
                 
                 	.MACRO __ADDW1FN
                 	SUBI R30,LOW(-2*@0-(@1))
                 	SBCI R31,HIGH(-2*@0-(@1))
                 	.ENDM
                 
                 	.MACRO __ADDD1FN
                 	SUBI R30,LOW(-2*@0-(@1))
                 	SBCI R31,HIGH(-2*@0-(@1))
                 	SBCI R22,BYTE3(-2*@0-(@1))
                 	.ENDM
                 
                 	.MACRO __ADDD1N
                 	SUBI R30,LOW(-@0)
                 	SBCI R31,HIGH(-@0)
                 	SBCI R22,BYTE3(-@0)
                 	SBCI R23,BYTE4(-@0)
                 	.ENDM
                 
                 	.MACRO __ADDD2N
                 	SUBI R26,LOW(-@0)
                 	SBCI R27,HIGH(-@0)
                 	SBCI R24,BYTE3(-@0)
                 	SBCI R25,BYTE4(-@0)
                 	.ENDM
                 
                 	.MACRO __SUBD1N
                 	SUBI R30,LOW(@0)
                 	SBCI R31,HIGH(@0)
                 	SBCI R22,BYTE3(@0)
                 	SBCI R23,BYTE4(@0)
                 	.ENDM
                 
                 	.MACRO __SUBD2N
                 	SUBI R26,LOW(@0)
                 	SBCI R27,HIGH(@0)
                 	SBCI R24,BYTE3(@0)
                 	SBCI R25,BYTE4(@0)
                 	.ENDM
                 
                 	.MACRO __ANDBMNN
                 	LDS  R30,@0+(@1)
                 	ANDI R30,LOW(@2)
                 	STS  @0+(@1),R30
                 	.ENDM
                 
                 	.MACRO __ANDWMNN
                 	LDS  R30,@0+(@1)
                 	ANDI R30,LOW(@2)
                 	STS  @0+(@1),R30
                 	LDS  R30,@0+(@1)+1
                 	ANDI R30,HIGH(@2)
                 	STS  @0+(@1)+1,R30
                 	.ENDM
                 
                 	.MACRO __ANDD1N
                 	ANDI R30,LOW(@0)
                 	ANDI R31,HIGH(@0)
                 	ANDI R22,BYTE3(@0)
                 	ANDI R23,BYTE4(@0)
                 	.ENDM
                 
                 	.MACRO __ANDD2N
                 	ANDI R26,LOW(@0)
                 	ANDI R27,HIGH(@0)
                 	ANDI R24,BYTE3(@0)
                 	ANDI R25,BYTE4(@0)
                 	.ENDM
                 
                 	.MACRO __ORBMNN
                 	LDS  R30,@0+(@1)
                 	ORI  R30,LOW(@2)
                 	STS  @0+(@1),R30
                 	.ENDM
                 
                 	.MACRO __ORWMNN
                 	LDS  R30,@0+(@1)
                 	ORI  R30,LOW(@2)
                 	STS  @0+(@1),R30
                 	LDS  R30,@0+(@1)+1
                 	ORI  R30,HIGH(@2)
                 	STS  @0+(@1)+1,R30
                 	.ENDM
                 
                 	.MACRO __ORD1N
                 	ORI  R30,LOW(@0)
                 	ORI  R31,HIGH(@0)
                 	ORI  R22,BYTE3(@0)
                 	ORI  R23,BYTE4(@0)
                 	.ENDM
                 
                 	.MACRO __ORD2N
                 	ORI  R26,LOW(@0)
                 	ORI  R27,HIGH(@0)
                 	ORI  R24,BYTE3(@0)
                 	ORI  R25,BYTE4(@0)
                 	.ENDM
                 
                 	.MACRO __DELAY_USB
                 	LDI  R24,LOW(@0)
                 __DELAY_USB_LOOP:
                 	DEC  R24
                 	BRNE __DELAY_USB_LOOP
                 	.ENDM
                 
                 	.MACRO __DELAY_USW
                 	LDI  R24,LOW(@0)
                 	LDI  R25,HIGH(@0)
                 __DELAY_USW_LOOP:
                 	SBIW R24,1
                 	BRNE __DELAY_USW_LOOP
                 	.ENDM
                 
                 	.MACRO __GETD1S
                 	LDD  R30,Y+@0
                 	LDD  R31,Y+@0+1
                 	LDD  R22,Y+@0+2
                 	LDD  R23,Y+@0+3
                 	.ENDM
                 
                 	.MACRO __GETD2S
                 	LDD  R26,Y+@0
                 	LDD  R27,Y+@0+1
                 	LDD  R24,Y+@0+2
                 	LDD  R25,Y+@0+3
                 	.ENDM
                 
                 	.MACRO __PUTD1S
                 	STD  Y+@0,R30
                 	STD  Y+@0+1,R31
                 	STD  Y+@0+2,R22
                 	STD  Y+@0+3,R23
                 	.ENDM
                 
                 	.MACRO __PUTD2S
                 	STD  Y+@0,R26
                 	STD  Y+@0+1,R27
                 	STD  Y+@0+2,R24
                 	STD  Y+@0+3,R25
                 	.ENDM
                 
                 	.MACRO __PUTDZ2
                 	STD  Z+@0,R26
                 	STD  Z+@0+1,R27
                 	STD  Z+@0+2,R24
                 	STD  Z+@0+3,R25
                 	.ENDM
                 
                 	.MACRO __CLRD1S
                 	STD  Y+@0,R30
                 	STD  Y+@0+1,R30
                 	STD  Y+@0+2,R30
                 	STD  Y+@0+3,R30
                 	.ENDM
                 
                 	.MACRO __POINTB1MN
                 	LDI  R30,LOW(@0+(@1))
                 	.ENDM
                 
                 	.MACRO __POINTW1MN
                 	LDI  R30,LOW(@0+(@1))
                 	LDI  R31,HIGH(@0+(@1))
                 	.ENDM
                 
                 	.MACRO __POINTD1M
                 	LDI  R30,LOW(@0)
                 	LDI  R31,HIGH(@0)
                 	LDI  R22,BYTE3(@0)
                 	LDI  R23,BYTE4(@0)
                 	.ENDM
                 
                 	.MACRO __POINTW1FN
                 	LDI  R30,LOW(2*@0+(@1))
                 	LDI  R31,HIGH(2*@0+(@1))
                 	.ENDM
                 
                 	.MACRO __POINTD1FN
                 	LDI  R30,LOW(2*@0+(@1))
                 	LDI  R31,HIGH(2*@0+(@1))
                 	LDI  R22,BYTE3(2*@0+(@1))
                 	LDI  R23,BYTE4(2*@0+(@1))
                 	.ENDM
                 
                 	.MACRO __POINTB2MN
                 	LDI  R26,LOW(@0+(@1))
                 	.ENDM
                 
                 	.MACRO __POINTW2MN
                 	LDI  R26,LOW(@0+(@1))
                 	LDI  R27,HIGH(@0+(@1))
                 	.ENDM
                 
                 	.MACRO __POINTW2FN
                 	LDI  R26,LOW(2*@0+(@1))
                 	LDI  R27,HIGH(2*@0+(@1))
                 	.ENDM
                 
                 	.MACRO __POINTD2FN
                 	LDI  R26,LOW(2*@0+(@1))
                 	LDI  R27,HIGH(2*@0+(@1))
                 	LDI  R24,BYTE3(2*@0+(@1))
                 	LDI  R25,BYTE4(2*@0+(@1))
                 	.ENDM
                 
                 	.MACRO __POINTBRM
                 	LDI  R@0,LOW(@1)
                 	.ENDM
                 
                 	.MACRO __POINTWRM
                 	LDI  R@0,LOW(@2)
                 	LDI  R@1,HIGH(@2)
                 	.ENDM
                 
                 	.MACRO __POINTBRMN
                 	LDI  R@0,LOW(@1+(@2))
                 	.ENDM
                 
                 	.MACRO __POINTWRMN
                 	LDI  R@0,LOW(@2+(@3))
                 	LDI  R@1,HIGH(@2+(@3))
                 	.ENDM
                 
                 	.MACRO __POINTWRFN
                 	LDI  R@0,LOW(@2*2+(@3))
                 	LDI  R@1,HIGH(@2*2+(@3))
                 	.ENDM
                 
                 	.MACRO __GETD1N
                 	LDI  R30,LOW(@0)
                 	LDI  R31,HIGH(@0)
                 	LDI  R22,BYTE3(@0)
                 	LDI  R23,BYTE4(@0)
                 	.ENDM
                 
                 	.MACRO __GETD2N
                 	LDI  R26,LOW(@0)
                 	LDI  R27,HIGH(@0)
                 	LDI  R24,BYTE3(@0)
                 	LDI  R25,BYTE4(@0)
                 	.ENDM
                 
                 	.MACRO __GETB1MN
                 	LDS  R30,@0+(@1)
                 	.ENDM
                 
                 	.MACRO __GETB1HMN
                 	LDS  R31,@0+(@1)
                 	.ENDM
                 
                 	.MACRO __GETW1MN
                 	LDS  R30,@0+(@1)
                 	LDS  R31,@0+(@1)+1
                 	.ENDM
                 
                 	.MACRO __GETD1MN
                 	LDS  R30,@0+(@1)
                 	LDS  R31,@0+(@1)+1
                 	LDS  R22,@0+(@1)+2
                 	LDS  R23,@0+(@1)+3
                 	.ENDM
                 
                 	.MACRO __GETBRMN
                 	LDS  R@0,@1+(@2)
                 	.ENDM
                 
                 	.MACRO __GETWRMN
                 	LDS  R@0,@2+(@3)
                 	LDS  R@1,@2+(@3)+1
                 	.ENDM
                 
                 	.MACRO __GETWRZ
                 	LDD  R@0,Z+@2
                 	LDD  R@1,Z+@2+1
                 	.ENDM
                 
                 	.MACRO __GETD2Z
                 	LDD  R26,Z+@0
                 	LDD  R27,Z+@0+1
                 	LDD  R24,Z+@0+2
                 	LDD  R25,Z+@0+3
                 	.ENDM
                 
                 	.MACRO __GETB2MN
                 	LDS  R26,@0+(@1)
                 	.ENDM
                 
                 	.MACRO __GETW2MN
                 	LDS  R26,@0+(@1)
                 	LDS  R27,@0+(@1)+1
                 	.ENDM
                 
                 	.MACRO __GETD2MN
                 	LDS  R26,@0+(@1)
                 	LDS  R27,@0+(@1)+1
                 	LDS  R24,@0+(@1)+2
                 	LDS  R25,@0+(@1)+3
                 	.ENDM
                 
                 	.MACRO __PUTB1MN
                 	STS  @0+(@1),R30
                 	.ENDM
                 
                 	.MACRO __PUTW1MN
                 	STS  @0+(@1),R30
                 	STS  @0+(@1)+1,R31
                 	.ENDM
                 
                 	.MACRO __PUTD1MN
                 	STS  @0+(@1),R30
                 	STS  @0+(@1)+1,R31
                 	STS  @0+(@1)+2,R22
                 	STS  @0+(@1)+3,R23
                 	.ENDM
                 
                 	.MACRO __PUTB1EN
                 	LDI  R26,LOW(@0+(@1))
                 	LDI  R27,HIGH(@0+(@1))
                 	CALL __EEPROMWRB
                 	.ENDM
                 
                 	.MACRO __PUTW1EN
                 	LDI  R26,LOW(@0+(@1))
                 	LDI  R27,HIGH(@0+(@1))
                 	CALL __EEPROMWRW
                 	.ENDM
                 
                 	.MACRO __PUTD1EN
                 	LDI  R26,LOW(@0+(@1))
                 	LDI  R27,HIGH(@0+(@1))
                 	CALL __EEPROMWRD
                 	.ENDM
                 
                 	.MACRO __PUTBR0MN
                 	STS  @0+(@1),R0
                 	.ENDM
                 
                 	.MACRO __PUTBMRN
                 	STS  @0+(@1),R@2
                 	.ENDM
                 
                 	.MACRO __PUTWMRN
                 	STS  @0+(@1),R@2
                 	STS  @0+(@1)+1,R@3
                 	.ENDM
                 
                 	.MACRO __PUTBZR
                 	STD  Z+@1,R@0
                 	.ENDM
                 
                 	.MACRO __PUTWZR
                 	STD  Z+@2,R@0
                 	STD  Z+@2+1,R@1
                 	.ENDM
                 
                 	.MACRO __GETW1R
                 	MOV  R30,R@0
                 	MOV  R31,R@1
                 	.ENDM
                 
                 	.MACRO __GETW2R
                 	MOV  R26,R@0
                 	MOV  R27,R@1
                 	.ENDM
                 
                 	.MACRO __GETWRN
                 	LDI  R@0,LOW(@2)
                 	LDI  R@1,HIGH(@2)
                 	.ENDM
                 
                 	.MACRO __PUTW1R
                 	MOV  R@0,R30
                 	MOV  R@1,R31
                 	.ENDM
                 
                 	.MACRO __PUTW2R
                 	MOV  R@0,R26
                 	MOV  R@1,R27
                 	.ENDM
                 
                 	.MACRO __ADDWRN
                 	SUBI R@0,LOW(-@2)
                 	SBCI R@1,HIGH(-@2)
                 	.ENDM
                 
                 	.MACRO __ADDWRR
                 	ADD  R@0,R@2
                 	ADC  R@1,R@3
                 	.ENDM
                 
                 	.MACRO __SUBWRN
                 	SUBI R@0,LOW(@2)
                 	SBCI R@1,HIGH(@2)
                 	.ENDM
                 
                 	.MACRO __SUBWRR
                 	SUB  R@0,R@2
                 	SBC  R@1,R@3
                 	.ENDM
                 
                 	.MACRO __ANDWRN
                 	ANDI R@0,LOW(@2)
                 	ANDI R@1,HIGH(@2)
                 	.ENDM
                 
                 	.MACRO __ANDWRR
                 	AND  R@0,R@2
                 	AND  R@1,R@3
                 	.ENDM
                 
                 	.MACRO __ORWRN
                 	ORI  R@0,LOW(@2)
                 	ORI  R@1,HIGH(@2)
                 	.ENDM
                 
                 	.MACRO __ORWRR
                 	OR   R@0,R@2
                 	OR   R@1,R@3
                 	.ENDM
                 
                 	.MACRO __EORWRR
                 	EOR  R@0,R@2
                 	EOR  R@1,R@3
                 	.ENDM
                 
                 	.MACRO __GETWRS
                 	LDD  R@0,Y+@2
                 	LDD  R@1,Y+@2+1
                 	.ENDM
                 
                 	.MACRO __PUTBSR
                 	STD  Y+@1,R@0
                 	.ENDM
                 
                 	.MACRO __PUTWSR
                 	STD  Y+@2,R@0
                 	STD  Y+@2+1,R@1
                 	.ENDM
                 
                 	.MACRO __MOVEWRR
                 	MOV  R@0,R@2
                 	MOV  R@1,R@3
                 	.ENDM
                 
                 	.MACRO __INWR
                 	IN   R@0,@2
                 	IN   R@1,@2+1
                 	.ENDM
                 
                 	.MACRO __OUTWR
                 	OUT  @2+1,R@1
                 	OUT  @2,R@0
                 	.ENDM
                 
                 	.MACRO __CALL1MN
                 	LDS  R30,@0+(@1)
                 	LDS  R31,@0+(@1)+1
                 	ICALL
                 	.ENDM
                 
                 	.MACRO __CALL1FN
                 	LDI  R30,LOW(2*@0+(@1))
                 	LDI  R31,HIGH(2*@0+(@1))
                 	CALL __GETW1PF
                 	ICALL
                 	.ENDM
                 
                 	.MACRO __CALL2EN
                 	PUSH R26
                 	PUSH R27
                 	LDI  R26,LOW(@0+(@1))
                 	LDI  R27,HIGH(@0+(@1))
                 	CALL __EEPROMRDW
                 	POP  R27
                 	POP  R26
                 	ICALL
                 	.ENDM
                 
                 	.MACRO __CALL2EX
                 	SUBI R26,LOW(-@0)
                 	SBCI R27,HIGH(-@0)
                 	CALL __EEPROMRDD
                 	ICALL
                 	.ENDM
                 
                 	.MACRO __GETW1STACK
                 	IN   R30,SPL
                 	IN   R31,SPH
                 	ADIW R30,@0+1
                 	LD   R0,Z+
                 	LD   R31,Z
                 	MOV  R30,R0
                 	.ENDM
                 
                 	.MACRO __GETD1STACK
                 	IN   R30,SPL
                 	IN   R31,SPH
                 	ADIW R30,@0+1
                 	LD   R0,Z+
                 	LD   R1,Z+
                 	LD   R22,Z
                 	MOVW R30,R0
                 	.ENDM
                 
                 	.MACRO __NBST
                 	BST  R@0,@1
                 	IN   R30,SREG
                 	LDI  R31,0x40
                 	EOR  R30,R31
                 	OUT  SREG,R30
                 	.ENDM
                 
                 
                 	.MACRO __PUTB1SN
                 	LDD  R26,Y+@0
                 	LDD  R27,Y+@0+1
                 	SUBI R26,LOW(-@1)
                 	SBCI R27,HIGH(-@1)
                 	ST   X,R30
                 	.ENDM
                 
                 	.MACRO __PUTW1SN
                 	LDD  R26,Y+@0
                 	LDD  R27,Y+@0+1
                 	SUBI R26,LOW(-@1)
                 	SBCI R27,HIGH(-@1)
                 	ST   X+,R30
                 	ST   X,R31
                 	.ENDM
                 
                 	.MACRO __PUTD1SN
                 	LDD  R26,Y+@0
                 	LDD  R27,Y+@0+1
                 	SUBI R26,LOW(-@1)
                 	SBCI R27,HIGH(-@1)
                 	CALL __PUTDP1
                 	.ENDM
                 
                 	.MACRO __PUTB1SNS
                 	LDD  R26,Y+@0
                 	LDD  R27,Y+@0+1
                 	ADIW R26,@1
                 	ST   X,R30
                 	.ENDM
                 
                 	.MACRO __PUTW1SNS
                 	LDD  R26,Y+@0
                 	LDD  R27,Y+@0+1
                 	ADIW R26,@1
                 	ST   X+,R30
                 	ST   X,R31
                 	.ENDM
                 
                 	.MACRO __PUTD1SNS
                 	LDD  R26,Y+@0
                 	LDD  R27,Y+@0+1
                 	ADIW R26,@1
                 	CALL __PUTDP1
                 	.ENDM
                 
                 	.MACRO __PUTB1PMN
                 	LDS  R26,@0
                 	LDS  R27,@0+1
                 	SUBI R26,LOW(-@1)
                 	SBCI R27,HIGH(-@1)
                 	ST   X,R30
                 	.ENDM
                 
                 	.MACRO __PUTW1PMN
                 	LDS  R26,@0
                 	LDS  R27,@0+1
                 	SUBI R26,LOW(-@1)
                 	SBCI R27,HIGH(-@1)
                 	ST   X+,R30
                 	ST   X,R31
                 	.ENDM
                 
                 	.MACRO __PUTD1PMN
                 	LDS  R26,@0
                 	LDS  R27,@0+1
                 	SUBI R26,LOW(-@1)
                 	SBCI R27,HIGH(-@1)
                 	CALL __PUTDP1
                 	.ENDM
                 
                 	.MACRO __PUTB1PMNS
                 	LDS  R26,@0
                 	LDS  R27,@0+1
                 	ADIW R26,@1
                 	ST   X,R30
                 	.ENDM
                 
                 	.MACRO __PUTW1PMNS
                 	LDS  R26,@0
                 	LDS  R27,@0+1
                 	ADIW R26,@1
                 	ST   X+,R30
                 	ST   X,R31
                 	.ENDM
                 
                 	.MACRO __PUTD1PMNS
                 	LDS  R26,@0
                 	LDS  R27,@0+1
                 	ADIW R26,@1
                 	CALL __PUTDP1
                 	.ENDM
                 
                 	.MACRO __PUTB1RN
                 	MOVW R26,R@0
                 	SUBI R26,LOW(-@1)
                 	SBCI R27,HIGH(-@1)
                 	ST   X,R30
                 	.ENDM
                 
                 	.MACRO __PUTW1RN
                 	MOVW R26,R@0
                 	SUBI R26,LOW(-@1)
                 	SBCI R27,HIGH(-@1)
                 	ST   X+,R30
                 	ST   X,R31
                 	.ENDM
                 
                 	.MACRO __PUTD1RN
                 	MOVW R26,R@0
                 	SUBI R26,LOW(-@1)
                 	SBCI R27,HIGH(-@1)
                 	CALL __PUTDP1
                 	.ENDM
                 
                 	.MACRO __PUTB1RNS
                 	MOVW R26,R@0
                 	ADIW R26,@1
                 	ST   X,R30
                 	.ENDM
                 
                 	.MACRO __PUTW1RNS
                 	MOVW R26,R@0
                 	ADIW R26,@1
                 	ST   X+,R30
                 	ST   X,R31
                 	.ENDM
                 
                 	.MACRO __PUTD1RNS
                 	MOVW R26,R@0
                 	ADIW R26,@1
                 	CALL __PUTDP1
                 	.ENDM
                 
                 	.MACRO __PUTB1RON
                 	MOV  R26,R@0
                 	MOV  R27,R@1
                 	SUBI R26,LOW(-@2)
                 	SBCI R27,HIGH(-@2)
                 	ST   X,R30
                 	.ENDM
                 
                 	.MACRO __PUTW1RON
                 	MOV  R26,R@0
                 	MOV  R27,R@1
                 	SUBI R26,LOW(-@2)
                 	SBCI R27,HIGH(-@2)
                 	ST   X+,R30
                 	ST   X,R31
                 	.ENDM
                 
                 	.MACRO __PUTD1RON
                 	MOV  R26,R@0
                 	MOV  R27,R@1
                 	SUBI R26,LOW(-@2)
                 	SBCI R27,HIGH(-@2)
                 	CALL __PUTDP1
                 	.ENDM
                 
                 	.MACRO __PUTB1RONS
                 	MOV  R26,R@0
                 	MOV  R27,R@1
                 	ADIW R26,@2
                 	ST   X,R30
                 	.ENDM
                 
                 	.MACRO __PUTW1RONS
                 	MOV  R26,R@0
                 	MOV  R27,R@1
                 	ADIW R26,@2
                 	ST   X+,R30
                 	ST   X,R31
                 	.ENDM
                 
                 	.MACRO __PUTD1RONS
                 	MOV  R26,R@0
                 	MOV  R27,R@1
                 	ADIW R26,@2
                 	CALL __PUTDP1
                 	.ENDM
                 
                 
                 	.MACRO __GETB1SX
                 	MOVW R30,R28
                 	SUBI R30,LOW(-@0)
                 	SBCI R31,HIGH(-@0)
                 	LD   R30,Z
                 	.ENDM
                 
                 	.MACRO __GETB1HSX
                 	MOVW R30,R28
                 	SUBI R30,LOW(-@0)
                 	SBCI R31,HIGH(-@0)
                 	LD   R31,Z
                 	.ENDM
                 
                 	.MACRO __GETW1SX
                 	MOVW R30,R28
                 	SUBI R30,LOW(-@0)
                 	SBCI R31,HIGH(-@0)
                 	LD   R0,Z+
                 	LD   R31,Z
                 	MOV  R30,R0
                 	.ENDM
                 
                 	.MACRO __GETD1SX
                 	MOVW R30,R28
                 	SUBI R30,LOW(-@0)
                 	SBCI R31,HIGH(-@0)
                 	LD   R0,Z+
                 	LD   R1,Z+
                 	LD   R22,Z+
                 	LD   R23,Z
                 	MOVW R30,R0
                 	.ENDM
                 
                 	.MACRO __GETB2SX
                 	MOVW R26,R28
                 	SUBI R26,LOW(-@0)
                 	SBCI R27,HIGH(-@0)
                 	LD   R26,X
                 	.ENDM
                 
                 	.MACRO __GETW2SX
                 	MOVW R26,R28
                 	SUBI R26,LOW(-@0)
                 	SBCI R27,HIGH(-@0)
                 	LD   R0,X+
                 	LD   R27,X
                 	MOV  R26,R0
                 	.ENDM
                 
                 	.MACRO __GETD2SX
                 	MOVW R26,R28
                 	SUBI R26,LOW(-@0)
                 	SBCI R27,HIGH(-@0)
                 	LD   R0,X+
                 	LD   R1,X+
                 	LD   R24,X+
                 	LD   R25,X
                 	MOVW R26,R0
                 	.ENDM
                 
                 	.MACRO __GETBRSX
                 	MOVW R30,R28
                 	SUBI R30,LOW(-@1)
                 	SBCI R31,HIGH(-@1)
                 	LD   R@0,Z
                 	.ENDM
                 
                 	.MACRO __GETWRSX
                 	MOVW R30,R28
                 	SUBI R30,LOW(-@2)
                 	SBCI R31,HIGH(-@2)
                 	LD   R@0,Z+
                 	LD   R@1,Z
                 	.ENDM
                 
                 	.MACRO __GETBRSX2
                 	MOVW R26,R28
                 	SUBI R26,LOW(-@1)
                 	SBCI R27,HIGH(-@1)
                 	LD   R@0,X
                 	.ENDM
                 
                 	.MACRO __GETWRSX2
                 	MOVW R26,R28
                 	SUBI R26,LOW(-@2)
                 	SBCI R27,HIGH(-@2)
                 	LD   R@0,X+
                 	LD   R@1,X
                 	.ENDM
                 
                 	.MACRO __LSLW8SX
                 	MOVW R30,R28
                 	SUBI R30,LOW(-@0)
                 	SBCI R31,HIGH(-@0)
                 	LD   R31,Z
                 	CLR  R30
                 	.ENDM
                 
                 	.MACRO __PUTB1SX
                 	MOVW R26,R28
                 	SUBI R26,LOW(-@0)
                 	SBCI R27,HIGH(-@0)
                 	ST   X,R30
                 	.ENDM
                 
                 	.MACRO __PUTW1SX
                 	MOVW R26,R28
                 	SUBI R26,LOW(-@0)
                 	SBCI R27,HIGH(-@0)
                 	ST   X+,R30
                 	ST   X,R31
                 	.ENDM
                 
                 	.MACRO __PUTD1SX
                 	MOVW R26,R28
                 	SUBI R26,LOW(-@0)
                 	SBCI R27,HIGH(-@0)
                 	ST   X+,R30
                 	ST   X+,R31
                 	ST   X+,R22
                 	ST   X,R23
                 	.ENDM
                 
                 	.MACRO __CLRW1SX
                 	MOVW R26,R28
                 	SUBI R26,LOW(-@0)
                 	SBCI R27,HIGH(-@0)
                 	ST   X+,R30
                 	ST   X,R30
                 	.ENDM
                 
                 	.MACRO __CLRD1SX
                 	MOVW R26,R28
                 	SUBI R26,LOW(-@0)
                 	SBCI R27,HIGH(-@0)
                 	ST   X+,R30
                 	ST   X+,R30
                 	ST   X+,R30
                 	ST   X,R30
                 	.ENDM
                 
                 	.MACRO __PUTB2SX
                 	MOVW R30,R28
                 	SUBI R30,LOW(-@0)
                 	SBCI R31,HIGH(-@0)
                 	ST   Z,R26
                 	.ENDM
                 
                 	.MACRO __PUTW2SX
                 	MOVW R30,R28
                 	SUBI R30,LOW(-@0)
                 	SBCI R31,HIGH(-@0)
                 	ST   Z+,R26
                 	ST   Z,R27
                 	.ENDM
                 
                 	.MACRO __PUTD2SX
                 	MOVW R30,R28
                 	SUBI R30,LOW(-@0)
                 	SBCI R31,HIGH(-@0)
                 	ST   Z+,R26
                 	ST   Z+,R27
                 	ST   Z+,R24
                 	ST   Z,R25
                 	.ENDM
                 
                 	.MACRO __PUTBSRX
                 	MOVW R30,R28
                 	SUBI R30,LOW(-@1)
                 	SBCI R31,HIGH(-@1)
                 	ST   Z,R@0
                 	.ENDM
                 
                 	.MACRO __PUTWSRX
                 	MOVW R30,R28
                 	SUBI R30,LOW(-@2)
                 	SBCI R31,HIGH(-@2)
                 	ST   Z+,R@0
                 	ST   Z,R@1
                 	.ENDM
                 
                 	.MACRO __PUTB1SNX
                 	MOVW R26,R28
                 	SUBI R26,LOW(-@0)
                 	SBCI R27,HIGH(-@0)
                 	LD   R0,X+
                 	LD   R27,X
                 	MOV  R26,R0
                 	SUBI R26,LOW(-@1)
                 	SBCI R27,HIGH(-@1)
                 	ST   X,R30
                 	.ENDM
                 
                 	.MACRO __PUTW1SNX
                 	MOVW R26,R28
                 	SUBI R26,LOW(-@0)
                 	SBCI R27,HIGH(-@0)
                 	LD   R0,X+
                 	LD   R27,X
                 	MOV  R26,R0
                 	SUBI R26,LOW(-@1)
                 	SBCI R27,HIGH(-@1)
                 	ST   X+,R30
                 	ST   X,R31
                 	.ENDM
                 
                 	.MACRO __PUTD1SNX
                 	MOVW R26,R28
                 	SUBI R26,LOW(-@0)
                 	SBCI R27,HIGH(-@0)
                 	LD   R0,X+
                 	LD   R27,X
                 	MOV  R26,R0
                 	SUBI R26,LOW(-@1)
                 	SBCI R27,HIGH(-@1)
                 	ST   X+,R30
                 	ST   X+,R31
                 	ST   X+,R22
                 	ST   X,R23
                 	.ENDM
                 
                 	.MACRO __MULBRR
                 	MULS R@0,R@1
                 	MOVW R30,R0
                 	.ENDM
                 
                 	.MACRO __MULBRRU
                 	MUL  R@0,R@1
                 	MOVW R30,R0
                 	.ENDM
                 
                 	.MACRO __MULBRR0
                 	MULS R@0,R@1
                 	.ENDM
                 
                 	.MACRO __MULBRRU0
                 	MUL  R@0,R@1
                 	.ENDM
                 
                 	.MACRO __MULBNWRU
                 	LDI  R26,@2
                 	MUL  R26,R@0
                 	MOVW R30,R0
                 	MUL  R26,R@1
                 	ADD  R31,R0
                 	.ENDM
                 
                 ;NAME DEFINITIONS FOR GLOBAL VARIABLES ALLOCATED TO REGISTERS
                 	.DEF _key_pressed=R5
                 	.DEF _value1=R6
                 	.DEF _value1_msb=R7
                 	.DEF _value2=R8
                 	.DEF _value2_msb=R9
                 	.DEF _command_pressed=R4
                 	.DEF _command=R11
                 	.DEF _i=R10
                 	.DEF _counter=R13
                 
                 	.CSEG
                 	.ORG 0x00
                 
                 ;START OF CODE MARKER
                 __START_OF_CODE:
                 
                 ;INTERRUPT VECTORS
000000 940c 0033 	JMP  __RESET
000002 940c 0000 	JMP  0x00
000004 940c 0000 	JMP  0x00
000006 940c 0000 	JMP  0x00
000008 940c 0000 	JMP  0x00
00000a 940c 0000 	JMP  0x00
00000c 940c 0000 	JMP  0x00
00000e 940c 0000 	JMP  0x00
000010 940c 0000 	JMP  0x00
000012 940c 0000 	JMP  0x00
000014 940c 0000 	JMP  0x00
000016 940c 0000 	JMP  0x00
000018 940c 0000 	JMP  0x00
00001a 940c 0000 	JMP  0x00
00001c 940c 0000 	JMP  0x00
00001e 940c 0000 	JMP  0x00
000020 940c 0000 	JMP  0x00
000022 940c 0000 	JMP  0x00
000024 940c 0000 	JMP  0x00
000026 940c 0000 	JMP  0x00
000028 940c 0000 	JMP  0x00
                 
                 ;GLOBAL REGISTER VARIABLES INITIALIZATION
                 __REG_VARS:
00002a 0000
00002b 0000      	.DB  0x0,0x0,0x0,0x0
00002c 0000
00002d 0000      	.DB  0x0,0x0,0x0,0x0
00002e 0000      	.DB  0x0,0x0
                 
                 
                 __GLOBAL_INI_TBL:
00002f 000a      	.DW  0x0A
000030 0004      	.DW  0x04
000031 0054      	.DW  __REG_VARS*2
                 
                 _0xFFFFFFFF:
000032 0000      	.DW  0
                 
                 #define __GLOBAL_INI_TBL_PRESENT 1
                 
                 __RESET:
000033 94f8      	CLI
000034 27ee      	CLR  R30
000035 bbec      	OUT  EECR,R30
                 
                 ;INTERRUPT VECTORS ARE PLACED
                 ;AT THE START OF FLASH
000036 e0f1      	LDI  R31,1
000037 bffb      	OUT  GICR,R31
000038 bfeb      	OUT  GICR,R30
000039 bfe5      	OUT  MCUCR,R30
                 
                 ;CLEAR R2-R14
00003a e08d      	LDI  R24,(14-2)+1
00003b e0a2      	LDI  R26,2
00003c 27bb      	CLR  R27
                 __CLEAR_REG:
00003d 93ed      	ST   X+,R30
00003e 958a      	DEC  R24
00003f f7e9      	BRNE __CLEAR_REG
                 
                 ;CLEAR SRAM
000040 e080      	LDI  R24,LOW(__CLEAR_SRAM_SIZE)
000041 e098      	LDI  R25,HIGH(__CLEAR_SRAM_SIZE)
000042 e6a0      	LDI  R26,__SRAM_START
                 __CLEAR_SRAM:
000043 93ed      	ST   X+,R30
000044 9701      	SBIW R24,1
000045 f7e9      	BRNE __CLEAR_SRAM
                 
                 ;GLOBAL VARIABLES INITIALIZATION
000046 e5ee      	LDI  R30,LOW(__GLOBAL_INI_TBL*2)
000047 e0f0      	LDI  R31,HIGH(__GLOBAL_INI_TBL*2)
                 __GLOBAL_INI_NEXT:
000048 9185      	LPM  R24,Z+
000049 9195      	LPM  R25,Z+
00004a 9700      	SBIW R24,0
00004b f061      	BREQ __GLOBAL_INI_END
00004c 91a5      	LPM  R26,Z+
00004d 91b5      	LPM  R27,Z+
00004e 9005      	LPM  R0,Z+
00004f 9015      	LPM  R1,Z+
000050 01bf      	MOVW R22,R30
000051 01f0      	MOVW R30,R0
                 __GLOBAL_INI_LOOP:
000052 9005      	LPM  R0,Z+
000053 920d      	ST   X+,R0
000054 9701      	SBIW R24,1
000055 f7e1      	BRNE __GLOBAL_INI_LOOP
000056 01fb      	MOVW R30,R22
000057 cff0      	RJMP __GLOBAL_INI_NEXT
                 __GLOBAL_INI_END:
                 
                 ;HARDWARE STACK POINTER INITIALIZATION
000058 e5ef      	LDI  R30,LOW(__SRAM_END-__HEAP_SIZE)
000059 bfed      	OUT  SPL,R30
00005a e0e8      	LDI  R30,HIGH(__SRAM_END-__HEAP_SIZE)
00005b bfee      	OUT  SPH,R30
                 
                 ;DATA STACK POINTER INITIALIZATION
00005c e6c0      	LDI  R28,LOW(__SRAM_START+__DSTACK_SIZE)
00005d e0d2      	LDI  R29,HIGH(__SRAM_START+__DSTACK_SIZE)
                 
00005e 940c 0195 	JMP  _main
                 
                 	.ESEG
                 	.ORG 0
                 
                 	.DSEG
                 	.ORG 0x260
                 
                 	.CSEG
                 ;/*******************************************************
                 ;This program was created by the
                 ;CodeWizardAVR V3.12 Advanced
                 ;Automatic Program Generator
                 ;© Copyright 1998-2014 Pavel Haiduc, HP InfoTech s.r.l.
                 ;http://www.hpinfotech.com
                 ;
                 ;Project :
                 ;Version :
                 ;Date    : 6/28/2022
                 ;Author  :
                 ;Company :
                 ;Comments:
                 ;
                 ;
                 ;Chip type               : ATmega32
                 ;Program type            : Application
                 ;AVR Core Clock frequency: 8.000000 MHz
                 ;Memory model            : Small
                 ;External RAM size       : 0
                 ;Data Stack size         : 512
                 ;*******************************************************/
                 ;
                 ;#include <mega32.h>
                 	#ifndef __SLEEP_DEFINED__
                 	#define __SLEEP_DEFINED__
                 	.EQU __se_bit=0x80
                 	.EQU __sm_mask=0x70
                 	.EQU __sm_powerdown=0x20
                 	.EQU __sm_powersave=0x30
                 	.EQU __sm_standby=0x60
                 	.EQU __sm_ext_standby=0x70
                 	.EQU __sm_adc_noise_red=0x10
                 	.SET power_ctrl_reg=mcucr
                 	#endif
                 ;#include <delay.h>
                 ;#define EN PORTC.2
                 ;#define RW PORTC.1
                 ;#define RS PORTC.0
                 ;#define lcd PORTD
                 ;
                 ;
                 ;unsigned char key_pressed;
                 ;int value1;
                 ;int value2;
                 ;//unsigned int value3;
                 ;unsigned char command_pressed = 0;
                 ;unsigned char command = 0;
                 ;unsigned char i;
                 ;unsigned char temp[16];
                 ;unsigned char counter = 0;
                 ;
                 ;
                 ;
                 ;void lcd_command(unsigned char data){
                 ; 0000 002C void lcd_command(unsigned char data){
                 
                 	.CSEG
                 _lcd_command:
                 ; .FSTART _lcd_command
                 ; 0000 002D     lcd = data;
000060 93aa      	ST   -Y,R26
                 ;	data -> Y+0
000061 81e8      	LD   R30,Y
000062 bbe2      	OUT  0x12,R30
                 ; 0000 002E     RS = 0;
000063 98a8      	CBI  0x15,0
                 ; 0000 002F     RW = 0;
000064 d14b      	RCALL SUBOPT_0x0
                 ; 0000 0030     EN = 0;
                 ; 0000 0031     delay_ms(2);
                 ; 0000 0032     EN = 1;
                 ; 0000 0033     RS = 0;
                 ; 0000 0034     RW = 0;
                 ; 0000 0035 
                 ; 0000 0036 }
000065 c0b0      	RJMP _0x2000001
                 ; .FEND
                 ;
                 ;void lcd_data(unsigned char data){
                 ; 0000 0038 void lcd_data(unsigned char data){
                 _lcd_data:
                 ; .FSTART _lcd_data
                 ; 0000 0039     lcd = data;
000066 93aa      	ST   -Y,R26
                 ;	data -> Y+0
000067 81e8      	LD   R30,Y
000068 bbe2      	OUT  0x12,R30
                 ; 0000 003A     RS = 1;
000069 9aa8      	SBI  0x15,0
                 ; 0000 003B     RW = 0;
00006a d145      	RCALL SUBOPT_0x0
                 ; 0000 003C     EN = 0;
                 ; 0000 003D     delay_ms(2);
                 ; 0000 003E     EN = 1;
                 ; 0000 003F     RS = 0;
                 ; 0000 0040     RW = 0;
                 ; 0000 0041 }
00006b c0aa      	RJMP _0x2000001
                 ; .FEND
                 ;
                 ;void lcd_init(void){
                 ; 0000 0043 void lcd_init(void){
                 _lcd_init:
                 ; .FSTART _lcd_init
                 ; 0000 0044     lcd_command(0x38);//function set
00006c e3a8      	LDI  R26,LOW(56)
00006d dff2      	RCALL _lcd_command
                 ; 0000 0045     lcd_command(0b1100);//on/off display
00006e e0ac      	LDI  R26,LOW(12)
00006f dff0      	RCALL _lcd_command
                 ; 0000 0046     lcd_command(0b110);//inc
000070 e0a6      	LDI  R26,LOW(6)
000071 dfee      	RCALL _lcd_command
                 ; 0000 0047     lcd_command(0x01);//clear
                 ; 0000 0048 }
                 ; .FEND
                 ;
                 ;void lcd_clear(void){
                 ; 0000 004A void lcd_clear(void){
                 _lcd_clear:
                 ; .FSTART _lcd_clear
                 ; 0000 004B    lcd_command(0x01);
                 _0x2000002:
000072 e0a1      	LDI  R26,LOW(1)
000073 dfec      	RCALL _lcd_command
                 ; 0000 004C 
                 ; 0000 004D }
000074 9508      	RET
                 ; .FEND
                 ;
                 ;void lcd_write_number(int number){
                 ; 0000 004F void lcd_write_number(int number){
                 _lcd_write_number:
                 ; .FSTART _lcd_write_number
                 ; 0000 0050     lcd_clear();
000075 93ba      	ST   -Y,R27
000076 93aa      	ST   -Y,R26
                 ;	number -> Y+0
000077 dffa      	RCALL _lcd_clear
                 ; 0000 0051     if (number<0){
000078 81a9      	LDD  R26,Y+1
000079 23aa      	TST  R26
00007a f412      	BRPL _0x1B
                 ; 0000 0052         lcd_data('-');
00007b e2ad      	LDI  R26,LOW(45)
00007c dfe9      	RCALL _lcd_data
                 ; 0000 0053     }
                 ; 0000 0054     counter = 0;
                 _0x1B:
00007d 24dd      	CLR  R13
                 ; 0000 0055     while(number!=0 ){
                 _0x1C:
00007e 81e8      	LD   R30,Y
00007f 81f9      	LDD  R31,Y+1
000080 9730      	SBIW R30,0
000081 f0b9      	BREQ _0x1E
                 ; 0000 0056         temp[counter] = number%10;
000082 2ded      	MOV  R30,R13
000083 e0f0      	LDI  R31,0
000084 5ae0      	SUBI R30,LOW(-_temp)
000085 4ffd      	SBCI R31,HIGH(-_temp)
000086 01bf      	MOVW R22,R30
000087 81a8      	LD   R26,Y
000088 81b9      	LDD  R27,Y+1
000089 e0ea      	LDI  R30,LOW(10)
00008a e0f0      	LDI  R31,HIGH(10)
00008b 940e 01fb 	CALL __MODW21
00008d 01db      	MOVW R26,R22
00008e 93ec      	ST   X,R30
                 ; 0000 0057         number = number/10;
00008f 81a8      	LD   R26,Y
000090 81b9      	LDD  R27,Y+1
000091 e0ea      	LDI  R30,LOW(10)
000092 e0f0      	LDI  R31,HIGH(10)
000093 940e 01f6 	CALL __DIVW21
000095 83e8      	ST   Y,R30
000096 83f9      	STD  Y+1,R31
                 ; 0000 0058         counter++;
000097 94d3      	INC  R13
                 ; 0000 0059     }
000098 cfe5      	RJMP _0x1C
                 _0x1E:
                 ; 0000 005A     for (i = 0;i<counter;i++){
000099 24aa      	CLR  R10
                 _0x20:
00009a 14ad      	CP   R10,R13
00009b f4a0      	BRSH _0x21
                 ; 0000 005B         lcd_data('0'+temp[counter-i-1]);
00009c 2dad      	MOV  R26,R13
00009d 27bb      	CLR  R27
00009e 2dea      	MOV  R30,R10
00009f e0f0      	LDI  R31,0
0000a0 1bae      	SUB  R26,R30
0000a1 0bbf      	SBC  R27,R31
0000a2 e0e1      	LDI  R30,LOW(1)
0000a3 e0f0      	LDI  R31,HIGH(1)
0000a4 940e 0217 	CALL __SWAPW12
0000a6 1bea      	SUB  R30,R26
0000a7 0bfb      	SBC  R31,R27
0000a8 5ae0      	SUBI R30,LOW(-_temp)
0000a9 4ffd      	SBCI R31,HIGH(-_temp)
0000aa 81e0      	LD   R30,Z
0000ab 5de0      	SUBI R30,-LOW(48)
0000ac 2fae      	MOV  R26,R30
0000ad dfb8      	RCALL _lcd_data
                 ; 0000 005C     }
0000ae 94a3      	INC  R10
0000af cfea      	RJMP _0x20
                 _0x21:
                 ; 0000 005D 
                 ; 0000 005E }
0000b0 9622      	ADIW R28,2
0000b1 9508      	RET
                 ; .FEND
                 ;
                 ;void calculator (unsigned char key){
                 ; 0000 0060 void calculator (unsigned char key){
                 _calculator:
                 ; .FSTART _calculator
                 ; 0000 0061     if (key >=20){          // command sent
0000b2 93aa      	ST   -Y,R26
                 ;	key -> Y+0
0000b3 81a8      	LD   R26,Y
0000b4 31a4      	CPI  R26,LOW(0x14)
0000b5 f0e0      	BRLO _0x22
                 ; 0000 0062         command_pressed = 1;
0000b6 e0e1      	LDI  R30,LOW(1)
0000b7 2e4e      	MOV  R4,R30
                 ; 0000 0063         command = key;
0000b8 80b8      	LDD  R11,Y+0
                 ; 0000 0064         if (command == 20){    //       /
0000b9 e1e4      	LDI  R30,LOW(20)
0000ba 15eb      	CP   R30,R11
0000bb f419      	BRNE _0x23
                 ; 0000 0065           lcd_clear();
0000bc dfb5      	RCALL _lcd_clear
                 ; 0000 0066           lcd_data(253);
0000bd efad      	LDI  R26,LOW(253)
0000be dfa7      	RCALL _lcd_data
                 ; 0000 0067         }
                 ; 0000 0068         if (command == 21){    //       *
                 _0x23:
0000bf e1e5      	LDI  R30,LOW(21)
0000c0 15eb      	CP   R30,R11
0000c1 f419      	BRNE _0x24
                 ; 0000 0069           lcd_clear();
0000c2 dfaf      	RCALL _lcd_clear
                 ; 0000 006A           lcd_data('*');
0000c3 e2aa      	LDI  R26,LOW(42)
0000c4 dfa1      	RCALL _lcd_data
                 ; 0000 006B         }
                 ; 0000 006C         if (command == 22){    //       -
                 _0x24:
0000c5 e1e6      	LDI  R30,LOW(22)
0000c6 15eb      	CP   R30,R11
0000c7 f419      	BRNE _0x25
                 ; 0000 006D           lcd_clear();
0000c8 dfa9      	RCALL _lcd_clear
                 ; 0000 006E           lcd_data('-');
0000c9 e2ad      	LDI  R26,LOW(45)
0000ca df9b      	RCALL _lcd_data
                 ; 0000 006F         }
                 ; 0000 0070         if (command == 23){    //       +
                 _0x25:
0000cb e1e7      	LDI  R30,LOW(23)
0000cc 15eb      	CP   R30,R11
0000cd f419      	BRNE _0x26
                 ; 0000 0071           lcd_clear();
0000ce dfa3      	RCALL _lcd_clear
                 ; 0000 0072           lcd_data('+');
0000cf e2ab      	LDI  R26,LOW(43)
0000d0 df95      	RCALL _lcd_data
                 ; 0000 0073         }
                 ; 0000 0074 
                 ; 0000 0075 
                 ; 0000 0076     }else if (key == 19){         // on/c
                 _0x26:
0000d1 c044      	RJMP _0x27
                 _0x22:
0000d2 81a8      	LD   R26,Y
0000d3 31a3      	CPI  R26,LOW(0x13)
0000d4 f441      	BRNE _0x28
                 ; 0000 0077          lcd_clear ();
0000d5 df9c      	RCALL _lcd_clear
                 ; 0000 0078          value1 = 0;
0000d6 2466      	CLR  R6
0000d7 2477      	CLR  R7
                 ; 0000 0079          value2 = 0;
0000d8 2488      	CLR  R8
0000d9 2499      	CLR  R9
                 ; 0000 007A          command_pressed = 0;
0000da 2444      	CLR  R4
                 ; 0000 007B          command = 0;
0000db 24bb      	CLR  R11
                 ; 0000 007C 
                 ; 0000 007D 
                 ; 0000 007E     }else if (key == 18){          // =
0000dc c039      	RJMP _0x29
                 _0x28:
0000dd 81a8      	LD   R26,Y
0000de 31a2      	CPI  R26,LOW(0x12)
0000df f539      	BRNE _0x2A
                 ; 0000 007F          //if (command==0){
                 ; 0000 0080 
                 ; 0000 0081          //}
                 ; 0000 0082          if (command == 20){           //   /
0000e0 e1e4      	LDI  R30,LOW(20)
0000e1 15eb      	CP   R30,R11
0000e2 f439      	BRNE _0x2B
                 ; 0000 0083            value1 = value1/value2;
0000e3 01f4      	MOVW R30,R8
0000e4 01d3      	MOVW R26,R6
0000e5 940e 01f6 	CALL __DIVW21
0000e7 013f      	MOVW R6,R30
                 ; 0000 0084            value2 = 0;
0000e8 2488      	CLR  R8
0000e9 2499      	CLR  R9
                 ; 0000 0085          }
                 ; 0000 0086 
                 ; 0000 0087          if (command == 21){           //   *
                 _0x2B:
0000ea e1e5      	LDI  R30,LOW(21)
0000eb 15eb      	CP   R30,R11
0000ec f439      	BRNE _0x2C
                 ; 0000 0088             value1 = value1* value2;
0000ed 01f4      	MOVW R30,R8
0000ee 01d3      	MOVW R26,R6
0000ef 940e 01de 	CALL __MULW12
0000f1 013f      	MOVW R6,R30
                 ; 0000 0089             value2 = 0;
0000f2 2488      	CLR  R8
0000f3 2499      	CLR  R9
                 ; 0000 008A          }
                 ; 0000 008B 
                 ; 0000 008C          if (command == 22){          //    -
                 _0x2C:
0000f4 e1e6      	LDI  R30,LOW(22)
0000f5 15eb      	CP   R30,R11
0000f6 f421      	BRNE _0x2D
                 ; 0000 008D             value1 = value1 - value2;
                +
0000f7 1868     +SUB R6 , R8
0000f8 0879     +SBC R7 , R9
                 	__SUBWRR 6,7,8,9
                 ; 0000 008E             value2 = 0;
0000f9 2488      	CLR  R8
0000fa 2499      	CLR  R9
                 ; 0000 008F          }
                 ; 0000 0090 
                 ; 0000 0091          if (command == 23){           //   +
                 _0x2D:
0000fb e1e7      	LDI  R30,LOW(23)
0000fc 15eb      	CP   R30,R11
0000fd f421      	BRNE _0x2E
                 ; 0000 0092             value1 = value1 + value2;
                +
0000fe 0c68     +ADD R6 , R8
0000ff 1c79     +ADC R7 , R9
                 	__ADDWRR 6,7,8,9
                 ; 0000 0093             value2 = 0;
000100 2488      	CLR  R8
000101 2499      	CLR  R9
                 ; 0000 0094 
                 ; 0000 0095          }
                 ; 0000 0096          lcd_write_number(value1);
                 _0x2E:
000102 01d3      	MOVW R26,R6
000103 df71      	RCALL _lcd_write_number
                 ; 0000 0097          command_pressed = 0;
000104 2444      	CLR  R4
                 ; 0000 0098          command = 0;
000105 24bb      	CLR  R11
                 ; 0000 0099     }else if (key < 10 ) {                        // numbers
000106 c00f      	RJMP _0x2F
                 _0x2A:
000107 81a8      	LD   R26,Y
000108 30aa      	CPI  R26,LOW(0xA)
000109 f460      	BRSH _0x30
                 ; 0000 009A         if (command_pressed == 0){   // value 1
00010a 2044      	TST  R4
00010b f429      	BRNE _0x31
                 ; 0000 009B             value1 = value1*10+key;
00010c 01f3      	MOVW R30,R6
00010d d0ac      	RCALL SUBOPT_0x1
00010e 013f      	MOVW R6,R30
                 ; 0000 009C             lcd_write_number(value1);
00010f 01d3      	MOVW R26,R6
000110 c004      	RJMP _0x58
                 ; 0000 009D         }else{                       //value2
                 _0x31:
                 ; 0000 009E             value2 = value2*10+key;
000111 01f4      	MOVW R30,R8
000112 d0a7      	RCALL SUBOPT_0x1
000113 014f      	MOVW R8,R30
                 ; 0000 009F             lcd_write_number(value2);
000114 01d4      	MOVW R26,R8
                 _0x58:
000115 df5f      	RCALL _lcd_write_number
                 ; 0000 00A0         }
                 ; 0000 00A1 
                 ; 0000 00A2     }
                 ; 0000 00A3 
                 ; 0000 00A4 }
                 _0x30:
                 _0x2F:
                 _0x29:
                 _0x27:
                 _0x2000001:
000116 9621      	ADIW R28,1
000117 9508      	RET
                 ; .FEND
                 ;
                 ;
                 ;
                 ;
                 ;void GET_KEY (void){
                 ; 0000 00A9 void GET_KEY (void){
                 _GET_KEY:
                 ; .FSTART _GET_KEY
                 ; 0000 00AA     key_pressed = 50;   //
000118 e3e2      	LDI  R30,LOW(50)
000119 2e5e      	MOV  R5,R30
                 ; 0000 00AB     PORTA=0XFE;
00011a efee      	LDI  R30,LOW(254)
00011b bbeb      	OUT  0x1B,R30
                 ; 0000 00AC     if(PINB.0==0)
00011c 99b0      	SBIC 0x16,0
00011d c005      	RJMP _0x33
                 ; 0000 00AD             {
                 ; 0000 00AE             delay_ms(100);
00011e d0a5      	RCALL SUBOPT_0x2
                 ; 0000 00AF             if(PINB.0==0)
00011f 99b0      	SBIC 0x16,0
000120 c002      	RJMP _0x34
                 ; 0000 00B0                 {
                 ; 0000 00B1                     //while (PINB.0==0){}
                 ; 0000 00B2                     key_pressed=7;
000121 e0e7      	LDI  R30,LOW(7)
000122 2e5e      	MOV  R5,R30
                 ; 0000 00B3                 }
                 ; 0000 00B4             }
                 _0x34:
                 ; 0000 00B5      if(PINB.1==0)
                 _0x33:
000123 99b1      	SBIC 0x16,1
000124 c005      	RJMP _0x35
                 ; 0000 00B6             {
                 ; 0000 00B7             delay_ms(100);
000125 d09e      	RCALL SUBOPT_0x2
                 ; 0000 00B8             if(PINB.1==0)
000126 99b1      	SBIC 0x16,1
000127 c002      	RJMP _0x36
                 ; 0000 00B9                 {
                 ; 0000 00BA                     //while (PINB.1==0){}
                 ; 0000 00BB                     key_pressed=8;
000128 e0e8      	LDI  R30,LOW(8)
000129 2e5e      	MOV  R5,R30
                 ; 0000 00BC                 }
                 ; 0000 00BD             }
                 _0x36:
                 ; 0000 00BE 
                 ; 0000 00BF      if(PINB.2==0)
                 _0x35:
00012a 99b2      	SBIC 0x16,2
00012b c005      	RJMP _0x37
                 ; 0000 00C0             {
                 ; 0000 00C1             delay_ms(100);
00012c d097      	RCALL SUBOPT_0x2
                 ; 0000 00C2             if(PINB.2==0)
00012d 99b2      	SBIC 0x16,2
00012e c002      	RJMP _0x38
                 ; 0000 00C3                 {
                 ; 0000 00C4                     //while (PINB.2==0){}
                 ; 0000 00C5                     key_pressed=9;
00012f e0e9      	LDI  R30,LOW(9)
000130 2e5e      	MOV  R5,R30
                 ; 0000 00C6                 }
                 ; 0000 00C7             }
                 _0x38:
                 ; 0000 00C8 
                 ; 0000 00C9      if(PINB.3==0)
                 _0x37:
000131 99b3      	SBIC 0x16,3
000132 c005      	RJMP _0x39
                 ; 0000 00CA             {
                 ; 0000 00CB             delay_ms(100);
000133 d090      	RCALL SUBOPT_0x2
                 ; 0000 00CC             if(PINB.3==0)
000134 99b3      	SBIC 0x16,3
000135 c002      	RJMP _0x3A
                 ; 0000 00CD                 {
                 ; 0000 00CE                     //while (PINB.3==0){}
                 ; 0000 00CF                     key_pressed=20;  //      /
000136 e1e4      	LDI  R30,LOW(20)
000137 2e5e      	MOV  R5,R30
                 ; 0000 00D0                 }
                 ; 0000 00D1             }
                 _0x3A:
                 ; 0000 00D2 
                 ; 0000 00D3 
                 ; 0000 00D4 
                 ; 0000 00D5       PORTA=0XFD;
                 _0x39:
000138 efed      	LDI  R30,LOW(253)
000139 bbeb      	OUT  0x1B,R30
                 ; 0000 00D6       if(PINB.0==0)
00013a 99b0      	SBIC 0x16,0
00013b c005      	RJMP _0x3B
                 ; 0000 00D7             {
                 ; 0000 00D8             delay_ms(100);
00013c d087      	RCALL SUBOPT_0x2
                 ; 0000 00D9             if(PINB.0==0)
00013d 99b0      	SBIC 0x16,0
00013e c002      	RJMP _0x3C
                 ; 0000 00DA                 {
                 ; 0000 00DB                     //while (PINB.0==0){}
                 ; 0000 00DC                     key_pressed=4;
00013f e0e4      	LDI  R30,LOW(4)
000140 2e5e      	MOV  R5,R30
                 ; 0000 00DD                 }
                 ; 0000 00DE             }
                 _0x3C:
                 ; 0000 00DF      if(PINB.1==0)
                 _0x3B:
000141 99b1      	SBIC 0x16,1
000142 c005      	RJMP _0x3D
                 ; 0000 00E0             {
                 ; 0000 00E1             delay_ms(100);
000143 d080      	RCALL SUBOPT_0x2
                 ; 0000 00E2             if(PINB.1==0)
000144 99b1      	SBIC 0x16,1
000145 c002      	RJMP _0x3E
                 ; 0000 00E3                 {
                 ; 0000 00E4                     //while (PINB.1==0){}
                 ; 0000 00E5                     key_pressed=5;
000146 e0e5      	LDI  R30,LOW(5)
000147 2e5e      	MOV  R5,R30
                 ; 0000 00E6                 }
                 ; 0000 00E7             }
                 _0x3E:
                 ; 0000 00E8 
                 ; 0000 00E9      if(PINB.2==0)
                 _0x3D:
000148 99b2      	SBIC 0x16,2
000149 c005      	RJMP _0x3F
                 ; 0000 00EA             {
                 ; 0000 00EB             delay_ms(100);
00014a d079      	RCALL SUBOPT_0x2
                 ; 0000 00EC             if(PINB.2==0)
00014b 99b2      	SBIC 0x16,2
00014c c002      	RJMP _0x40
                 ; 0000 00ED                 {
                 ; 0000 00EE                     //while (PINB.2==0){}
                 ; 0000 00EF                     key_pressed=6;
00014d e0e6      	LDI  R30,LOW(6)
00014e 2e5e      	MOV  R5,R30
                 ; 0000 00F0                 }
                 ; 0000 00F1             }
                 _0x40:
                 ; 0000 00F2 
                 ; 0000 00F3      if(PINB.3==0)
                 _0x3F:
00014f 99b3      	SBIC 0x16,3
000150 c005      	RJMP _0x41
                 ; 0000 00F4             {
                 ; 0000 00F5             delay_ms(100);
000151 d072      	RCALL SUBOPT_0x2
                 ; 0000 00F6             if(PINB.3==0)
000152 99b3      	SBIC 0x16,3
000153 c002      	RJMP _0x42
                 ; 0000 00F7                 {
                 ; 0000 00F8                     //while (PINB.2==0){}
                 ; 0000 00F9                     key_pressed=21;     //   *
000154 e1e5      	LDI  R30,LOW(21)
000155 2e5e      	MOV  R5,R30
                 ; 0000 00FA                 }
                 ; 0000 00FB             }
                 _0x42:
                 ; 0000 00FC 
                 ; 0000 00FD       PORTA=0XFB;
                 _0x41:
000156 efeb      	LDI  R30,LOW(251)
000157 bbeb      	OUT  0x1B,R30
                 ; 0000 00FE       if(PINB.0==0)
000158 99b0      	SBIC 0x16,0
000159 c005      	RJMP _0x43
                 ; 0000 00FF             {
                 ; 0000 0100             delay_ms(100);
00015a d069      	RCALL SUBOPT_0x2
                 ; 0000 0101             if(PINB.0==0)
00015b 99b0      	SBIC 0x16,0
00015c c002      	RJMP _0x44
                 ; 0000 0102                 {
                 ; 0000 0103                     //while (PINB.0==0){}
                 ; 0000 0104                     key_pressed=1;
00015d e0e1      	LDI  R30,LOW(1)
00015e 2e5e      	MOV  R5,R30
                 ; 0000 0105                 }
                 ; 0000 0106             }
                 _0x44:
                 ; 0000 0107      if(PINB.1==0)
                 _0x43:
00015f 99b1      	SBIC 0x16,1
000160 c005      	RJMP _0x45
                 ; 0000 0108             {
                 ; 0000 0109             delay_ms(100);
000161 d062      	RCALL SUBOPT_0x2
                 ; 0000 010A             if(PINB.1==0)
000162 99b1      	SBIC 0x16,1
000163 c002      	RJMP _0x46
                 ; 0000 010B                 {
                 ; 0000 010C                     //while (PINB.1==0){}
                 ; 0000 010D                     key_pressed=2;
000164 e0e2      	LDI  R30,LOW(2)
000165 2e5e      	MOV  R5,R30
                 ; 0000 010E                 }
                 ; 0000 010F             }
                 _0x46:
                 ; 0000 0110 
                 ; 0000 0111      if(PINB.2==0)
                 _0x45:
000166 99b2      	SBIC 0x16,2
000167 c005      	RJMP _0x47
                 ; 0000 0112             {
                 ; 0000 0113             delay_ms(100);
000168 d05b      	RCALL SUBOPT_0x2
                 ; 0000 0114             if(PINB.2==0)
000169 99b2      	SBIC 0x16,2
00016a c002      	RJMP _0x48
                 ; 0000 0115                 {
                 ; 0000 0116                     //while (PINB.2==0){}
                 ; 0000 0117                     key_pressed=3;
00016b e0e3      	LDI  R30,LOW(3)
00016c 2e5e      	MOV  R5,R30
                 ; 0000 0118                 }
                 ; 0000 0119             }
                 _0x48:
                 ; 0000 011A 
                 ; 0000 011B      if(PINB.3==0)
                 _0x47:
00016d 99b3      	SBIC 0x16,3
00016e c005      	RJMP _0x49
                 ; 0000 011C             {
                 ; 0000 011D             delay_ms(100);
00016f d054      	RCALL SUBOPT_0x2
                 ; 0000 011E             if(PINB.3==0)
000170 99b3      	SBIC 0x16,3
000171 c002      	RJMP _0x4A
                 ; 0000 011F                 {
                 ; 0000 0120                    // while (PINB.3==0){}
                 ; 0000 0121                     key_pressed=22;   //     -
000172 e1e6      	LDI  R30,LOW(22)
000173 2e5e      	MOV  R5,R30
                 ; 0000 0122                 }
                 ; 0000 0123             }
                 _0x4A:
                 ; 0000 0124 
                 ; 0000 0125 
                 ; 0000 0126      PORTA=0XF7;
                 _0x49:
000174 efe7      	LDI  R30,LOW(247)
000175 bbeb      	OUT  0x1B,R30
                 ; 0000 0127      if(PINB.0==0)
000176 99b0      	SBIC 0x16,0
000177 c005      	RJMP _0x4B
                 ; 0000 0128             {
                 ; 0000 0129             delay_ms(100);
000178 d04b      	RCALL SUBOPT_0x2
                 ; 0000 012A             if(PINB.0==0)
000179 99b0      	SBIC 0x16,0
00017a c002      	RJMP _0x4C
                 ; 0000 012B                 {
                 ; 0000 012C                     //while (PINB.0==0){}
                 ; 0000 012D                     key_pressed=19;  //      on/c
00017b e1e3      	LDI  R30,LOW(19)
00017c 2e5e      	MOV  R5,R30
                 ; 0000 012E                 }
                 ; 0000 012F             }
                 _0x4C:
                 ; 0000 0130      if(PINB.1==0)
                 _0x4B:
00017d 99b1      	SBIC 0x16,1
00017e c003      	RJMP _0x4D
                 ; 0000 0131             {
                 ; 0000 0132             delay_ms(100);
00017f d044      	RCALL SUBOPT_0x2
                 ; 0000 0133             if(PINB.1==0)
000180 9bb1      	SBIS 0x16,1
                 ; 0000 0134                 {
                 ; 0000 0135                     //while (PINB.1==0){}
                 ; 0000 0136                     key_pressed=0;
000181 2455      	CLR  R5
                 ; 0000 0137                 }
                 ; 0000 0138             }
                 ; 0000 0139 
                 ; 0000 013A      if(PINB.2==0)
                 _0x4D:
000182 99b2      	SBIC 0x16,2
000183 c005      	RJMP _0x4F
                 ; 0000 013B             {
                 ; 0000 013C             delay_ms(100);
000184 d03f      	RCALL SUBOPT_0x2
                 ; 0000 013D             if(PINB.2==0)
000185 99b2      	SBIC 0x16,2
000186 c002      	RJMP _0x50
                 ; 0000 013E                 {
                 ; 0000 013F                     //while (PINB.2==0){}
                 ; 0000 0140                     key_pressed=18;    //    =
000187 e1e2      	LDI  R30,LOW(18)
000188 2e5e      	MOV  R5,R30
                 ; 0000 0141                 }
                 ; 0000 0142             }
                 _0x50:
                 ; 0000 0143 
                 ; 0000 0144      if(PINB.3==0)
                 _0x4F:
000189 99b3      	SBIC 0x16,3
00018a c005      	RJMP _0x51
                 ; 0000 0145             {
                 ; 0000 0146             delay_ms(100);
00018b d038      	RCALL SUBOPT_0x2
                 ; 0000 0147             if(PINB.3==0)
00018c 99b3      	SBIC 0x16,3
00018d c002      	RJMP _0x52
                 ; 0000 0148                 {
                 ; 0000 0149                     //while (PINB.3==0){}
                 ; 0000 014A                     key_pressed=23;     //     +
00018e e1e7      	LDI  R30,LOW(23)
00018f 2e5e      	MOV  R5,R30
                 ; 0000 014B                 }
                 ; 0000 014C             }
                 _0x52:
                 ; 0000 014D        calculator(key_pressed);
                 _0x51:
000190 2da5      	MOV  R26,R5
000191 df20      	RCALL _calculator
                 ; 0000 014E        PORTA=0XF0;
000192 efe0      	LDI  R30,LOW(240)
000193 bbeb      	OUT  0x1B,R30
                 ; 0000 014F 
                 ; 0000 0150 
                 ; 0000 0151 
                 ; 0000 0152 }
000194 9508      	RET
                 ; .FEND
                 ;
                 ;
                 ;
                 ;void main(void)
                 ; 0000 0157 {
                 _main:
                 ; .FSTART _main
                 ; 0000 0158 // Declare your local variables here
                 ; 0000 0159 
                 ; 0000 015A // Input/Output Ports initialization
                 ; 0000 015B // Port A initialization
                 ; 0000 015C // Function: Bit7=In Bit6=In Bit5=In Bit4=In Bit3=Out Bit2=Out Bit1=Out Bit0=Out
                 ; 0000 015D DDRA=(0<<DDA7) | (0<<DDA6) | (0<<DDA5) | (0<<DDA4) | (1<<DDA3) | (1<<DDA2) | (1<<DDA1) | (1<<DDA0);
000195 e0ef      	LDI  R30,LOW(15)
000196 bbea      	OUT  0x1A,R30
                 ; 0000 015E // State: Bit7=T Bit6=T Bit5=T Bit4=T Bit3=0 Bit2=0 Bit1=0 Bit0=0
                 ; 0000 015F PORTA=(0<<PORTA7) | (0<<PORTA6) | (0<<PORTA5) | (0<<PORTA4) | (0<<PORTA3) | (0<<PORTA2) | (0<<PORTA1) | (0<<PORTA0);
000197 e0e0      	LDI  R30,LOW(0)
000198 bbeb      	OUT  0x1B,R30
                 ; 0000 0160 
                 ; 0000 0161 // Port B initialization
                 ; 0000 0162 // Function: Bit7=In Bit6=In Bit5=In Bit4=In Bit3=In Bit2=In Bit1=In Bit0=In
                 ; 0000 0163 DDRB=(0<<DDB7) | (0<<DDB6) | (0<<DDB5) | (0<<DDB4) | (0<<DDB3) | (0<<DDB2) | (0<<DDB1) | (0<<DDB0);
000199 bbe7      	OUT  0x17,R30
                 ; 0000 0164 // State: Bit7=T Bit6=T Bit5=T Bit4=T Bit3=P Bit2=P Bit1=P Bit0=P
                 ; 0000 0165 PORTB=(0<<PORTB7) | (0<<PORTB6) | (0<<PORTB5) | (0<<PORTB4) | (1<<PORTB3) | (1<<PORTB2) | (1<<PORTB1) | (1<<PORTB0);
00019a e0ef      	LDI  R30,LOW(15)
00019b bbe8      	OUT  0x18,R30
                 ; 0000 0166 
                 ; 0000 0167 // Port C initialization
                 ; 0000 0168 // Function: Bit7=In Bit6=In Bit5=In Bit4=In Bit3=In Bit2=Out Bit1=Out Bit0=Out
                 ; 0000 0169 DDRC=(0<<DDC7) | (0<<DDC6) | (0<<DDC5) | (0<<DDC4) | (0<<DDC3) | (1<<DDC2) | (1<<DDC1) | (1<<DDC0);
00019c e0e7      	LDI  R30,LOW(7)
00019d bbe4      	OUT  0x14,R30
                 ; 0000 016A // State: Bit7=T Bit6=T Bit5=T Bit4=T Bit3=T Bit2=1 Bit1=0 Bit0=0
                 ; 0000 016B PORTC=(0<<PORTC7) | (0<<PORTC6) | (0<<PORTC5) | (0<<PORTC4) | (0<<PORTC3) | (1<<PORTC2) | (0<<PORTC1) | (0<<PORTC0);
00019e e0e4      	LDI  R30,LOW(4)
00019f bbe5      	OUT  0x15,R30
                 ; 0000 016C 
                 ; 0000 016D // Port D initialization
                 ; 0000 016E // Function: Bit7=Out Bit6=Out Bit5=Out Bit4=Out Bit3=Out Bit2=Out Bit1=Out Bit0=Out
                 ; 0000 016F DDRD=(1<<DDD7) | (1<<DDD6) | (1<<DDD5) | (1<<DDD4) | (1<<DDD3) | (1<<DDD2) | (1<<DDD1) | (1<<DDD0);
0001a0 efef      	LDI  R30,LOW(255)
0001a1 bbe1      	OUT  0x11,R30
                 ; 0000 0170 // State: Bit7=0 Bit6=0 Bit5=0 Bit4=0 Bit3=0 Bit2=0 Bit1=0 Bit0=0
                 ; 0000 0171 PORTD=(0<<PORTD7) | (0<<PORTD6) | (0<<PORTD5) | (0<<PORTD4) | (0<<PORTD3) | (0<<PORTD2) | (0<<PORTD1) | (0<<PORTD0);
0001a2 e0e0      	LDI  R30,LOW(0)
0001a3 bbe2      	OUT  0x12,R30
                 ; 0000 0172 lcd_init();
0001a4 dec7      	RCALL _lcd_init
                 ; 0000 0173 while (1)
                 _0x53:
                 ; 0000 0174       {
                 ; 0000 0175         if ((PINB&0x0F) != 0x0F){
0001a5 b3e6      	IN   R30,0x16
0001a6 70ef      	ANDI R30,LOW(0xF)
0001a7 30ef      	CPI  R30,LOW(0xF)
0001a8 f029      	BREQ _0x56
                 ; 0000 0176             GET_KEY();
0001a9 df6e      	RCALL _GET_KEY
                 ; 0000 0177             //PORTA.4 = ~PORTA.4;
                 ; 0000 0178             delay_ms(200);
0001aa eca8      	LDI  R26,LOW(200)
0001ab e0b0      	LDI  R27,0
0001ac 940e 01c8 	CALL _delay_ms
                 ; 0000 0179         }
                 ; 0000 017A 
                 ; 0000 017B       }
                 _0x56:
0001ae cff6      	RJMP _0x53
                 ; 0000 017C }
                 _0x57:
0001af cfff      	RJMP _0x57
                 ; .FEND
                 
                 	.DSEG
                 _temp:
000260           	.BYTE 0x10
                 
                 	.CSEG
                 ;OPTIMIZER ADDED SUBROUTINE, CALLED 2 TIMES, CODE SIZE REDUCTION:4 WORDS
                 SUBOPT_0x0:
0001b0 98a9      	CBI  0x15,1
0001b1 98aa      	CBI  0x15,2
0001b2 e0a2      	LDI  R26,LOW(2)
0001b3 e0b0      	LDI  R27,0
0001b4 940e 01c8 	CALL _delay_ms
0001b6 9aaa      	SBI  0x15,2
0001b7 98a8      	CBI  0x15,0
0001b8 98a9      	CBI  0x15,1
0001b9 9508      	RET
                 
                 ;OPTIMIZER ADDED SUBROUTINE, CALLED 2 TIMES, CODE SIZE REDUCTION:4 WORDS
                 SUBOPT_0x1:
0001ba e0aa      	LDI  R26,LOW(10)
0001bb e0b0      	LDI  R27,HIGH(10)
0001bc 940e 01de 	CALL __MULW12
0001be 01df      	MOVW R26,R30
0001bf 81e8      	LD   R30,Y
0001c0 e0f0      	LDI  R31,0
0001c1 0fea      	ADD  R30,R26
0001c2 1ffb      	ADC  R31,R27
0001c3 9508      	RET
                 
                 ;OPTIMIZER ADDED SUBROUTINE, CALLED 16 TIMES, CODE SIZE REDUCTION:27 WORDS
                 SUBOPT_0x2:
0001c4 e6a4      	LDI  R26,LOW(100)
0001c5 e0b0      	LDI  R27,0
0001c6 940c 01c8 	JMP  _delay_ms
                 
                 
                 	.CSEG
                 _delay_ms:
0001c8 9610      	adiw r26,0
0001c9 f039      	breq __delay_ms1
                 __delay_ms0:
                +
0001ca ed80     +LDI R24 , LOW ( 0x7D0 )
0001cb e097     +LDI R25 , HIGH ( 0x7D0 )
                +__DELAY_USW_LOOP :
0001cc 9701     +SBIW R24 , 1
0001cd f7f1     +BRNE __DELAY_USW_LOOP
                 	__DELAY_USW 0x7D0
0001ce 95a8      	wdr
0001cf 9711      	sbiw r26,1
0001d0 f7c9      	brne __delay_ms0
                 __delay_ms1:
0001d1 9508      	ret
                 
                 __ANEGW1:
0001d2 95f1      	NEG  R31
0001d3 95e1      	NEG  R30
0001d4 40f0      	SBCI R31,0
0001d5 9508      	RET
                 
                 __MULW12U:
0001d6 9ffa      	MUL  R31,R26
0001d7 2df0      	MOV  R31,R0
0001d8 9feb      	MUL  R30,R27
0001d9 0df0      	ADD  R31,R0
0001da 9fea      	MUL  R30,R26
0001db 2de0      	MOV  R30,R0
0001dc 0df1      	ADD  R31,R1
0001dd 9508      	RET
                 
                 __MULW12:
0001de d02a      	RCALL __CHKSIGNW
0001df dff6      	RCALL __MULW12U
0001e0 f40e      	BRTC __MULW121
0001e1 dff0      	RCALL __ANEGW1
                 __MULW121:
0001e2 9508      	RET
                 
                 __DIVW21U:
0001e3 2400      	CLR  R0
0001e4 2411      	CLR  R1
0001e5 e190      	LDI  R25,16
                 __DIVW21U1:
0001e6 0faa      	LSL  R26
0001e7 1fbb      	ROL  R27
0001e8 1c00      	ROL  R0
0001e9 1c11      	ROL  R1
0001ea 1a0e      	SUB  R0,R30
0001eb 0a1f      	SBC  R1,R31
0001ec f418      	BRCC __DIVW21U2
0001ed 0e0e      	ADD  R0,R30
0001ee 1e1f      	ADC  R1,R31
0001ef c001      	RJMP __DIVW21U3
                 __DIVW21U2:
0001f0 60a1      	SBR  R26,1
                 __DIVW21U3:
0001f1 959a      	DEC  R25
0001f2 f799      	BRNE __DIVW21U1
0001f3 01fd      	MOVW R30,R26
0001f4 01d0      	MOVW R26,R0
0001f5 9508      	RET
                 
                 __DIVW21:
0001f6 d012      	RCALL __CHKSIGNW
0001f7 dfeb      	RCALL __DIVW21U
0001f8 f40e      	BRTC __DIVW211
0001f9 dfd8      	RCALL __ANEGW1
                 __DIVW211:
0001fa 9508      	RET
                 
                 __MODW21:
0001fb 94e8      	CLT
0001fc ffb7      	SBRS R27,7
0001fd c004      	RJMP __MODW211
0001fe 95a0      	COM  R26
0001ff 95b0      	COM  R27
000200 9611      	ADIW R26,1
000201 9468      	SET
                 __MODW211:
000202 fdf7      	SBRC R31,7
000203 dfce      	RCALL __ANEGW1
000204 dfde      	RCALL __DIVW21U
000205 01fd      	MOVW R30,R26
000206 f40e      	BRTC __MODW212
000207 dfca      	RCALL __ANEGW1
                 __MODW212:
000208 9508      	RET
                 
                 __CHKSIGNW:
000209 94e8      	CLT
00020a fff7      	SBRS R31,7
00020b c002      	RJMP __CHKSW1
00020c dfc5      	RCALL __ANEGW1
00020d 9468      	SET
                 __CHKSW1:
00020e ffb7      	SBRS R27,7
00020f c006      	RJMP __CHKSW2
000210 95a0      	COM  R26
000211 95b0      	COM  R27
000212 9611      	ADIW R26,1
000213 f800      	BLD  R0,0
000214 9403      	INC  R0
000215 fa00      	BST  R0,0
                 __CHKSW2:
000216 9508      	RET
                 
                 __SWAPW12:
000217 2e1b      	MOV  R1,R27
000218 2fbf      	MOV  R27,R31
000219 2df1      	MOV  R31,R1
                 
                 __SWAPB12:
00021a 2e1a      	MOV  R1,R26
00021b 2fae      	MOV  R26,R30
00021c 2de1      	MOV  R30,R1
00021d 9508      	RET
                 
                 ;END OF CODE MARKER
                 __END_OF_CODE:


RESOURCE USE INFORMATION
------------------------

Notice:
The register and instruction counts are symbol table hit counts,
and hence implicitly used resources are not counted, eg, the
'lpm' instruction without operands implicitly uses r0 and z,
none of which are counted.

x,y,z are separate entities in the symbol table and are
counted separately from r26..r31 here.

.dseg memory usage only counts static data declared with .byte

ATmega32 register use summary:
r0 :  15 r1 :  10 r2 :   0 r3 :   0 r4 :   4 r5 :  18 r6 :  11 r7 :   3 
r8 :  12 r9 :   7 r10:   4 r11:  11 r12:   0 r13:   5 r14:   0 r15:   0 
r16:   0 r17:   0 r18:   0 r19:   0 r20:   0 r21:   0 r22:   4 r23:   0 
r24:   9 r25:   5 r26:  60 r27:  21 r28:   3 r29:   1 r30: 134 r31:  28 
x  :   4 y  :  22 z  :   8 
Registers used: 23 out of 35 (65.7%)

ATmega32 instruction use summary:
.lds  :   0 .lds.l:   0 .sts  :   0 .sts.l:   0 adc   :   3 add   :   5 
adiw  :   5 and   :   0 andi  :   1 asr   :   0 bclr  :   0 bld   :   1 
brbc  :   0 brbs  :   0 brcc  :   1 brcs  :   0 break :   0 breq  :   4 
brge  :   0 brhc  :   0 brhs  :   0 brid  :   0 brie  :   0 brlo  :   1 
brlt  :   0 brmi  :   0 brne  :  17 brpl  :   1 brsh  :   2 brtc  :   3 
brts  :   0 brvc  :   0 brvs  :   0 bset  :   0 bst   :   1 call  :   8 
cbi   :   5 cbr   :   0 clc   :   0 clh   :   0 cli   :   1 cln   :   0 
clr   :  24 cls   :   0 clt   :   2 clv   :   0 clz   :   0 com   :   4 
cp    :   9 cpc   :   0 cpi   :   5 cpse  :   0 dec   :   2 des   :   0 
eor   :   0 fmul  :   0 fmuls :   0 fmulsu:   0 icall :   0 ijmp  :   0 
in    :   1 inc   :   3 jmp   :  23 ld    :  11 ldd   :   5 ldi   :  78 
lds   :   0 lpm   :   7 lsl   :   1 lsr   :   0 mov   :  30 movw  :  22 
mul   :   3 muls  :   0 mulsu :   0 neg   :   2 nop   :   0 or    :   0 
ori   :   0 out   :  21 pop   :   0 push  :   0 rcall :  51 ret   :  15 
reti  :   0 rjmp  :  46 rol   :   3 ror   :   0 sbc   :   4 sbci  :   3 
sbi   :   2 sbic  :  31 sbis  :   1 sbiw  :   6 sbr   :   1 sbrc  :   1 
sbrs  :   3 sec   :   0 seh   :   0 sei   :   0 sen   :   0 ser   :   0 
ses   :   0 set   :   2 sev   :   0 sez   :   0 sleep :   0 spm   :   0 
st    :  10 std   :   1 sts   :   0 sub   :   4 subi  :   3 swap  :   0 
tst   :   2 wdr   :   1 
Instructions used: 55 out of 116 (47.4%)

ATmega32 memory use summary [bytes]:
Segment   Begin    End      Code   Data   Used    Size   Use%
---------------------------------------------------------------
[.cseg] 0x000000 0x00043c   1066     18   1084   32768   3.3%
[.dseg] 0x000060 0x000270      0     16     16    2048   0.8%
[.eseg] 0x000000 0x000000      0      0      0    1024   0.0%

Assembly complete, 0 errors, 9 warnings
