
AVRASM ver. 2.1.30  D:\term8\Micro\HWs\Final Project\4\Debug\List\freq.asm Thu Jun 30 20:14:06 2022

D:\term8\Micro\HWs\Final Project\4\Debug\List\freq.asm(1088): warning: Register r5 already defined by the .DEF directive
D:\term8\Micro\HWs\Final Project\4\Debug\List\freq.asm(1089): warning: Register r4 already defined by the .DEF directive
D:\term8\Micro\HWs\Final Project\4\Debug\List\freq.asm(1090): warning: Register r7 already defined by the .DEF directive
D:\term8\Micro\HWs\Final Project\4\Debug\List\freq.asm(1091): warning: Register r6 already defined by the .DEF directive
D:\term8\Micro\HWs\Final Project\4\Debug\List\freq.asm(1092): warning: Register r8 already defined by the .DEF directive
D:\term8\Micro\HWs\Final Project\4\Debug\List\freq.asm(1093): warning: Register r9 already defined by the .DEF directive
D:\term8\Micro\HWs\Final Project\4\Debug\List\freq.asm(1094): warning: Register r11 already defined by the .DEF directive
                 
                 
                 ;CodeVisionAVR C Compiler V3.12 Advanced
                 ;(C) Copyright 1998-2014 Pavel Haiduc, HP InfoTech s.r.l.
                 ;http://www.hpinfotech.com
                 
                 ;Build configuration    : Debug
                 ;Chip type              : ATmega32
                 ;Program type           : Application
                 ;Clock frequency        : 8.000000 MHz
                 ;Memory model           : Small
                 ;Optimize for           : Size
                 ;(s)printf features     : int, width
                 ;(s)scanf features      : int, width
                 ;External RAM size      : 0
                 ;Data Stack size        : 512 byte(s)
                 ;Heap size              : 0 byte(s)
                 ;Promote 'char' to 'int': Yes
                 ;'char' is unsigned     : Yes
                 ;8 bit enums            : Yes
                 ;Global 'const' stored in FLASH: Yes
                 ;Enhanced function parameter passing: Yes
                 ;Enhanced core instructions: On
                 ;Automatic register allocation for global variables: On
                 ;Smart register allocation: On
                 
                 	#define _MODEL_SMALL_
                 
                 	#pragma AVRPART ADMIN PART_NAME ATmega32
                 	#pragma AVRPART MEMORY PROG_FLASH 32768
                 	#pragma AVRPART MEMORY EEPROM 1024
                 	#pragma AVRPART MEMORY INT_SRAM SIZE 2048
                 	#pragma AVRPART MEMORY INT_SRAM START_ADDR 0x60
                 
                 	#define CALL_SUPPORTED 1
                 
                 	.LISTMAC
                 	.EQU UDRE=0x5
                 	.EQU RXC=0x7
                 	.EQU USR=0xB
                 	.EQU UDR=0xC
                 	.EQU SPSR=0xE
                 	.EQU SPDR=0xF
                 	.EQU EERE=0x0
                 	.EQU EEWE=0x1
                 	.EQU EEMWE=0x2
                 	.EQU EECR=0x1C
                 	.EQU EEDR=0x1D
                 	.EQU EEARL=0x1E
                 	.EQU EEARH=0x1F
                 	.EQU WDTCR=0x21
                 	.EQU MCUCR=0x35
                 	.EQU GICR=0x3B
                 	.EQU SPL=0x3D
                 	.EQU SPH=0x3E
                 	.EQU SREG=0x3F
                 
                 	.DEF R0X0=R0
                 	.DEF R0X1=R1
                 	.DEF R0X2=R2
                 	.DEF R0X3=R3
                 	.DEF R0X4=R4
                 	.DEF R0X5=R5
                 	.DEF R0X6=R6
                 	.DEF R0X7=R7
                 	.DEF R0X8=R8
                 	.DEF R0X9=R9
                 	.DEF R0XA=R10
                 	.DEF R0XB=R11
                 	.DEF R0XC=R12
                 	.DEF R0XD=R13
                 	.DEF R0XE=R14
                 	.DEF R0XF=R15
                 	.DEF R0X10=R16
                 	.DEF R0X11=R17
                 	.DEF R0X12=R18
                 	.DEF R0X13=R19
                 	.DEF R0X14=R20
                 	.DEF R0X15=R21
                 	.DEF R0X16=R22
                 	.DEF R0X17=R23
                 	.DEF R0X18=R24
                 	.DEF R0X19=R25
                 	.DEF R0X1A=R26
                 	.DEF R0X1B=R27
                 	.DEF R0X1C=R28
                 	.DEF R0X1D=R29
                 	.DEF R0X1E=R30
                 	.DEF R0X1F=R31
                 
                 	.EQU __SRAM_START=0x0060
                 	.EQU __SRAM_END=0x085F
                 	.EQU __DSTACK_SIZE=0x0200
                 	.EQU __HEAP_SIZE=0x0000
                 	.EQU __CLEAR_SRAM_SIZE=__SRAM_END-__SRAM_START+1
                 
                 	.MACRO __CPD1N
                 	CPI  R30,LOW(@0)
                 	LDI  R26,HIGH(@0)
                 	CPC  R31,R26
                 	LDI  R26,BYTE3(@0)
                 	CPC  R22,R26
                 	LDI  R26,BYTE4(@0)
                 	CPC  R23,R26
                 	.ENDM
                 
                 	.MACRO __CPD2N
                 	CPI  R26,LOW(@0)
                 	LDI  R30,HIGH(@0)
                 	CPC  R27,R30
                 	LDI  R30,BYTE3(@0)
                 	CPC  R24,R30
                 	LDI  R30,BYTE4(@0)
                 	CPC  R25,R30
                 	.ENDM
                 
                 	.MACRO __CPWRR
                 	CP   R@0,R@2
                 	CPC  R@1,R@3
                 	.ENDM
                 
                 	.MACRO __CPWRN
                 	CPI  R@0,LOW(@2)
                 	LDI  R30,HIGH(@2)
                 	CPC  R@1,R30
                 	.ENDM
                 
                 	.MACRO __ADDB1MN
                 	SUBI R30,LOW(-@0-(@1))
                 	.ENDM
                 
                 	.MACRO __ADDB2MN
                 	SUBI R26,LOW(-@0-(@1))
                 	.ENDM
                 
                 	.MACRO __ADDW1MN
                 	SUBI R30,LOW(-@0-(@1))
                 	SBCI R31,HIGH(-@0-(@1))
                 	.ENDM
                 
                 	.MACRO __ADDW2MN
                 	SUBI R26,LOW(-@0-(@1))
                 	SBCI R27,HIGH(-@0-(@1))
                 	.ENDM
                 
                 	.MACRO __ADDW1FN
                 	SUBI R30,LOW(-2*@0-(@1))
                 	SBCI R31,HIGH(-2*@0-(@1))
                 	.ENDM
                 
                 	.MACRO __ADDD1FN
                 	SUBI R30,LOW(-2*@0-(@1))
                 	SBCI R31,HIGH(-2*@0-(@1))
                 	SBCI R22,BYTE3(-2*@0-(@1))
                 	.ENDM
                 
                 	.MACRO __ADDD1N
                 	SUBI R30,LOW(-@0)
                 	SBCI R31,HIGH(-@0)
                 	SBCI R22,BYTE3(-@0)
                 	SBCI R23,BYTE4(-@0)
                 	.ENDM
                 
                 	.MACRO __ADDD2N
                 	SUBI R26,LOW(-@0)
                 	SBCI R27,HIGH(-@0)
                 	SBCI R24,BYTE3(-@0)
                 	SBCI R25,BYTE4(-@0)
                 	.ENDM
                 
                 	.MACRO __SUBD1N
                 	SUBI R30,LOW(@0)
                 	SBCI R31,HIGH(@0)
                 	SBCI R22,BYTE3(@0)
                 	SBCI R23,BYTE4(@0)
                 	.ENDM
                 
                 	.MACRO __SUBD2N
                 	SUBI R26,LOW(@0)
                 	SBCI R27,HIGH(@0)
                 	SBCI R24,BYTE3(@0)
                 	SBCI R25,BYTE4(@0)
                 	.ENDM
                 
                 	.MACRO __ANDBMNN
                 	LDS  R30,@0+(@1)
                 	ANDI R30,LOW(@2)
                 	STS  @0+(@1),R30
                 	.ENDM
                 
                 	.MACRO __ANDWMNN
                 	LDS  R30,@0+(@1)
                 	ANDI R30,LOW(@2)
                 	STS  @0+(@1),R30
                 	LDS  R30,@0+(@1)+1
                 	ANDI R30,HIGH(@2)
                 	STS  @0+(@1)+1,R30
                 	.ENDM
                 
                 	.MACRO __ANDD1N
                 	ANDI R30,LOW(@0)
                 	ANDI R31,HIGH(@0)
                 	ANDI R22,BYTE3(@0)
                 	ANDI R23,BYTE4(@0)
                 	.ENDM
                 
                 	.MACRO __ANDD2N
                 	ANDI R26,LOW(@0)
                 	ANDI R27,HIGH(@0)
                 	ANDI R24,BYTE3(@0)
                 	ANDI R25,BYTE4(@0)
                 	.ENDM
                 
                 	.MACRO __ORBMNN
                 	LDS  R30,@0+(@1)
                 	ORI  R30,LOW(@2)
                 	STS  @0+(@1),R30
                 	.ENDM
                 
                 	.MACRO __ORWMNN
                 	LDS  R30,@0+(@1)
                 	ORI  R30,LOW(@2)
                 	STS  @0+(@1),R30
                 	LDS  R30,@0+(@1)+1
                 	ORI  R30,HIGH(@2)
                 	STS  @0+(@1)+1,R30
                 	.ENDM
                 
                 	.MACRO __ORD1N
                 	ORI  R30,LOW(@0)
                 	ORI  R31,HIGH(@0)
                 	ORI  R22,BYTE3(@0)
                 	ORI  R23,BYTE4(@0)
                 	.ENDM
                 
                 	.MACRO __ORD2N
                 	ORI  R26,LOW(@0)
                 	ORI  R27,HIGH(@0)
                 	ORI  R24,BYTE3(@0)
                 	ORI  R25,BYTE4(@0)
                 	.ENDM
                 
                 	.MACRO __DELAY_USB
                 	LDI  R24,LOW(@0)
                 __DELAY_USB_LOOP:
                 	DEC  R24
                 	BRNE __DELAY_USB_LOOP
                 	.ENDM
                 
                 	.MACRO __DELAY_USW
                 	LDI  R24,LOW(@0)
                 	LDI  R25,HIGH(@0)
                 __DELAY_USW_LOOP:
                 	SBIW R24,1
                 	BRNE __DELAY_USW_LOOP
                 	.ENDM
                 
                 	.MACRO __GETD1S
                 	LDD  R30,Y+@0
                 	LDD  R31,Y+@0+1
                 	LDD  R22,Y+@0+2
                 	LDD  R23,Y+@0+3
                 	.ENDM
                 
                 	.MACRO __GETD2S
                 	LDD  R26,Y+@0
                 	LDD  R27,Y+@0+1
                 	LDD  R24,Y+@0+2
                 	LDD  R25,Y+@0+3
                 	.ENDM
                 
                 	.MACRO __PUTD1S
                 	STD  Y+@0,R30
                 	STD  Y+@0+1,R31
                 	STD  Y+@0+2,R22
                 	STD  Y+@0+3,R23
                 	.ENDM
                 
                 	.MACRO __PUTD2S
                 	STD  Y+@0,R26
                 	STD  Y+@0+1,R27
                 	STD  Y+@0+2,R24
                 	STD  Y+@0+3,R25
                 	.ENDM
                 
                 	.MACRO __PUTDZ2
                 	STD  Z+@0,R26
                 	STD  Z+@0+1,R27
                 	STD  Z+@0+2,R24
                 	STD  Z+@0+3,R25
                 	.ENDM
                 
                 	.MACRO __CLRD1S
                 	STD  Y+@0,R30
                 	STD  Y+@0+1,R30
                 	STD  Y+@0+2,R30
                 	STD  Y+@0+3,R30
                 	.ENDM
                 
                 	.MACRO __POINTB1MN
                 	LDI  R30,LOW(@0+(@1))
                 	.ENDM
                 
                 	.MACRO __POINTW1MN
                 	LDI  R30,LOW(@0+(@1))
                 	LDI  R31,HIGH(@0+(@1))
                 	.ENDM
                 
                 	.MACRO __POINTD1M
                 	LDI  R30,LOW(@0)
                 	LDI  R31,HIGH(@0)
                 	LDI  R22,BYTE3(@0)
                 	LDI  R23,BYTE4(@0)
                 	.ENDM
                 
                 	.MACRO __POINTW1FN
                 	LDI  R30,LOW(2*@0+(@1))
                 	LDI  R31,HIGH(2*@0+(@1))
                 	.ENDM
                 
                 	.MACRO __POINTD1FN
                 	LDI  R30,LOW(2*@0+(@1))
                 	LDI  R31,HIGH(2*@0+(@1))
                 	LDI  R22,BYTE3(2*@0+(@1))
                 	LDI  R23,BYTE4(2*@0+(@1))
                 	.ENDM
                 
                 	.MACRO __POINTB2MN
                 	LDI  R26,LOW(@0+(@1))
                 	.ENDM
                 
                 	.MACRO __POINTW2MN
                 	LDI  R26,LOW(@0+(@1))
                 	LDI  R27,HIGH(@0+(@1))
                 	.ENDM
                 
                 	.MACRO __POINTW2FN
                 	LDI  R26,LOW(2*@0+(@1))
                 	LDI  R27,HIGH(2*@0+(@1))
                 	.ENDM
                 
                 	.MACRO __POINTD2FN
                 	LDI  R26,LOW(2*@0+(@1))
                 	LDI  R27,HIGH(2*@0+(@1))
                 	LDI  R24,BYTE3(2*@0+(@1))
                 	LDI  R25,BYTE4(2*@0+(@1))
                 	.ENDM
                 
                 	.MACRO __POINTBRM
                 	LDI  R@0,LOW(@1)
                 	.ENDM
                 
                 	.MACRO __POINTWRM
                 	LDI  R@0,LOW(@2)
                 	LDI  R@1,HIGH(@2)
                 	.ENDM
                 
                 	.MACRO __POINTBRMN
                 	LDI  R@0,LOW(@1+(@2))
                 	.ENDM
                 
                 	.MACRO __POINTWRMN
                 	LDI  R@0,LOW(@2+(@3))
                 	LDI  R@1,HIGH(@2+(@3))
                 	.ENDM
                 
                 	.MACRO __POINTWRFN
                 	LDI  R@0,LOW(@2*2+(@3))
                 	LDI  R@1,HIGH(@2*2+(@3))
                 	.ENDM
                 
                 	.MACRO __GETD1N
                 	LDI  R30,LOW(@0)
                 	LDI  R31,HIGH(@0)
                 	LDI  R22,BYTE3(@0)
                 	LDI  R23,BYTE4(@0)
                 	.ENDM
                 
                 	.MACRO __GETD2N
                 	LDI  R26,LOW(@0)
                 	LDI  R27,HIGH(@0)
                 	LDI  R24,BYTE3(@0)
                 	LDI  R25,BYTE4(@0)
                 	.ENDM
                 
                 	.MACRO __GETB1MN
                 	LDS  R30,@0+(@1)
                 	.ENDM
                 
                 	.MACRO __GETB1HMN
                 	LDS  R31,@0+(@1)
                 	.ENDM
                 
                 	.MACRO __GETW1MN
                 	LDS  R30,@0+(@1)
                 	LDS  R31,@0+(@1)+1
                 	.ENDM
                 
                 	.MACRO __GETD1MN
                 	LDS  R30,@0+(@1)
                 	LDS  R31,@0+(@1)+1
                 	LDS  R22,@0+(@1)+2
                 	LDS  R23,@0+(@1)+3
                 	.ENDM
                 
                 	.MACRO __GETBRMN
                 	LDS  R@0,@1+(@2)
                 	.ENDM
                 
                 	.MACRO __GETWRMN
                 	LDS  R@0,@2+(@3)
                 	LDS  R@1,@2+(@3)+1
                 	.ENDM
                 
                 	.MACRO __GETWRZ
                 	LDD  R@0,Z+@2
                 	LDD  R@1,Z+@2+1
                 	.ENDM
                 
                 	.MACRO __GETD2Z
                 	LDD  R26,Z+@0
                 	LDD  R27,Z+@0+1
                 	LDD  R24,Z+@0+2
                 	LDD  R25,Z+@0+3
                 	.ENDM
                 
                 	.MACRO __GETB2MN
                 	LDS  R26,@0+(@1)
                 	.ENDM
                 
                 	.MACRO __GETW2MN
                 	LDS  R26,@0+(@1)
                 	LDS  R27,@0+(@1)+1
                 	.ENDM
                 
                 	.MACRO __GETD2MN
                 	LDS  R26,@0+(@1)
                 	LDS  R27,@0+(@1)+1
                 	LDS  R24,@0+(@1)+2
                 	LDS  R25,@0+(@1)+3
                 	.ENDM
                 
                 	.MACRO __PUTB1MN
                 	STS  @0+(@1),R30
                 	.ENDM
                 
                 	.MACRO __PUTW1MN
                 	STS  @0+(@1),R30
                 	STS  @0+(@1)+1,R31
                 	.ENDM
                 
                 	.MACRO __PUTD1MN
                 	STS  @0+(@1),R30
                 	STS  @0+(@1)+1,R31
                 	STS  @0+(@1)+2,R22
                 	STS  @0+(@1)+3,R23
                 	.ENDM
                 
                 	.MACRO __PUTB1EN
                 	LDI  R26,LOW(@0+(@1))
                 	LDI  R27,HIGH(@0+(@1))
                 	CALL __EEPROMWRB
                 	.ENDM
                 
                 	.MACRO __PUTW1EN
                 	LDI  R26,LOW(@0+(@1))
                 	LDI  R27,HIGH(@0+(@1))
                 	CALL __EEPROMWRW
                 	.ENDM
                 
                 	.MACRO __PUTD1EN
                 	LDI  R26,LOW(@0+(@1))
                 	LDI  R27,HIGH(@0+(@1))
                 	CALL __EEPROMWRD
                 	.ENDM
                 
                 	.MACRO __PUTBR0MN
                 	STS  @0+(@1),R0
                 	.ENDM
                 
                 	.MACRO __PUTBMRN
                 	STS  @0+(@1),R@2
                 	.ENDM
                 
                 	.MACRO __PUTWMRN
                 	STS  @0+(@1),R@2
                 	STS  @0+(@1)+1,R@3
                 	.ENDM
                 
                 	.MACRO __PUTBZR
                 	STD  Z+@1,R@0
                 	.ENDM
                 
                 	.MACRO __PUTWZR
                 	STD  Z+@2,R@0
                 	STD  Z+@2+1,R@1
                 	.ENDM
                 
                 	.MACRO __GETW1R
                 	MOV  R30,R@0
                 	MOV  R31,R@1
                 	.ENDM
                 
                 	.MACRO __GETW2R
                 	MOV  R26,R@0
                 	MOV  R27,R@1
                 	.ENDM
                 
                 	.MACRO __GETWRN
                 	LDI  R@0,LOW(@2)
                 	LDI  R@1,HIGH(@2)
                 	.ENDM
                 
                 	.MACRO __PUTW1R
                 	MOV  R@0,R30
                 	MOV  R@1,R31
                 	.ENDM
                 
                 	.MACRO __PUTW2R
                 	MOV  R@0,R26
                 	MOV  R@1,R27
                 	.ENDM
                 
                 	.MACRO __ADDWRN
                 	SUBI R@0,LOW(-@2)
                 	SBCI R@1,HIGH(-@2)
                 	.ENDM
                 
                 	.MACRO __ADDWRR
                 	ADD  R@0,R@2
                 	ADC  R@1,R@3
                 	.ENDM
                 
                 	.MACRO __SUBWRN
                 	SUBI R@0,LOW(@2)
                 	SBCI R@1,HIGH(@2)
                 	.ENDM
                 
                 	.MACRO __SUBWRR
                 	SUB  R@0,R@2
                 	SBC  R@1,R@3
                 	.ENDM
                 
                 	.MACRO __ANDWRN
                 	ANDI R@0,LOW(@2)
                 	ANDI R@1,HIGH(@2)
                 	.ENDM
                 
                 	.MACRO __ANDWRR
                 	AND  R@0,R@2
                 	AND  R@1,R@3
                 	.ENDM
                 
                 	.MACRO __ORWRN
                 	ORI  R@0,LOW(@2)
                 	ORI  R@1,HIGH(@2)
                 	.ENDM
                 
                 	.MACRO __ORWRR
                 	OR   R@0,R@2
                 	OR   R@1,R@3
                 	.ENDM
                 
                 	.MACRO __EORWRR
                 	EOR  R@0,R@2
                 	EOR  R@1,R@3
                 	.ENDM
                 
                 	.MACRO __GETWRS
                 	LDD  R@0,Y+@2
                 	LDD  R@1,Y+@2+1
                 	.ENDM
                 
                 	.MACRO __PUTBSR
                 	STD  Y+@1,R@0
                 	.ENDM
                 
                 	.MACRO __PUTWSR
                 	STD  Y+@2,R@0
                 	STD  Y+@2+1,R@1
                 	.ENDM
                 
                 	.MACRO __MOVEWRR
                 	MOV  R@0,R@2
                 	MOV  R@1,R@3
                 	.ENDM
                 
                 	.MACRO __INWR
                 	IN   R@0,@2
                 	IN   R@1,@2+1
                 	.ENDM
                 
                 	.MACRO __OUTWR
                 	OUT  @2+1,R@1
                 	OUT  @2,R@0
                 	.ENDM
                 
                 	.MACRO __CALL1MN
                 	LDS  R30,@0+(@1)
                 	LDS  R31,@0+(@1)+1
                 	ICALL
                 	.ENDM
                 
                 	.MACRO __CALL1FN
                 	LDI  R30,LOW(2*@0+(@1))
                 	LDI  R31,HIGH(2*@0+(@1))
                 	CALL __GETW1PF
                 	ICALL
                 	.ENDM
                 
                 	.MACRO __CALL2EN
                 	PUSH R26
                 	PUSH R27
                 	LDI  R26,LOW(@0+(@1))
                 	LDI  R27,HIGH(@0+(@1))
                 	CALL __EEPROMRDW
                 	POP  R27
                 	POP  R26
                 	ICALL
                 	.ENDM
                 
                 	.MACRO __CALL2EX
                 	SUBI R26,LOW(-@0)
                 	SBCI R27,HIGH(-@0)
                 	CALL __EEPROMRDD
                 	ICALL
                 	.ENDM
                 
                 	.MACRO __GETW1STACK
                 	IN   R30,SPL
                 	IN   R31,SPH
                 	ADIW R30,@0+1
                 	LD   R0,Z+
                 	LD   R31,Z
                 	MOV  R30,R0
                 	.ENDM
                 
                 	.MACRO __GETD1STACK
                 	IN   R30,SPL
                 	IN   R31,SPH
                 	ADIW R30,@0+1
                 	LD   R0,Z+
                 	LD   R1,Z+
                 	LD   R22,Z
                 	MOVW R30,R0
                 	.ENDM
                 
                 	.MACRO __NBST
                 	BST  R@0,@1
                 	IN   R30,SREG
                 	LDI  R31,0x40
                 	EOR  R30,R31
                 	OUT  SREG,R30
                 	.ENDM
                 
                 
                 	.MACRO __PUTB1SN
                 	LDD  R26,Y+@0
                 	LDD  R27,Y+@0+1
                 	SUBI R26,LOW(-@1)
                 	SBCI R27,HIGH(-@1)
                 	ST   X,R30
                 	.ENDM
                 
                 	.MACRO __PUTW1SN
                 	LDD  R26,Y+@0
                 	LDD  R27,Y+@0+1
                 	SUBI R26,LOW(-@1)
                 	SBCI R27,HIGH(-@1)
                 	ST   X+,R30
                 	ST   X,R31
                 	.ENDM
                 
                 	.MACRO __PUTD1SN
                 	LDD  R26,Y+@0
                 	LDD  R27,Y+@0+1
                 	SUBI R26,LOW(-@1)
                 	SBCI R27,HIGH(-@1)
                 	CALL __PUTDP1
                 	.ENDM
                 
                 	.MACRO __PUTB1SNS
                 	LDD  R26,Y+@0
                 	LDD  R27,Y+@0+1
                 	ADIW R26,@1
                 	ST   X,R30
                 	.ENDM
                 
                 	.MACRO __PUTW1SNS
                 	LDD  R26,Y+@0
                 	LDD  R27,Y+@0+1
                 	ADIW R26,@1
                 	ST   X+,R30
                 	ST   X,R31
                 	.ENDM
                 
                 	.MACRO __PUTD1SNS
                 	LDD  R26,Y+@0
                 	LDD  R27,Y+@0+1
                 	ADIW R26,@1
                 	CALL __PUTDP1
                 	.ENDM
                 
                 	.MACRO __PUTB1PMN
                 	LDS  R26,@0
                 	LDS  R27,@0+1
                 	SUBI R26,LOW(-@1)
                 	SBCI R27,HIGH(-@1)
                 	ST   X,R30
                 	.ENDM
                 
                 	.MACRO __PUTW1PMN
                 	LDS  R26,@0
                 	LDS  R27,@0+1
                 	SUBI R26,LOW(-@1)
                 	SBCI R27,HIGH(-@1)
                 	ST   X+,R30
                 	ST   X,R31
                 	.ENDM
                 
                 	.MACRO __PUTD1PMN
                 	LDS  R26,@0
                 	LDS  R27,@0+1
                 	SUBI R26,LOW(-@1)
                 	SBCI R27,HIGH(-@1)
                 	CALL __PUTDP1
                 	.ENDM
                 
                 	.MACRO __PUTB1PMNS
                 	LDS  R26,@0
                 	LDS  R27,@0+1
                 	ADIW R26,@1
                 	ST   X,R30
                 	.ENDM
                 
                 	.MACRO __PUTW1PMNS
                 	LDS  R26,@0
                 	LDS  R27,@0+1
                 	ADIW R26,@1
                 	ST   X+,R30
                 	ST   X,R31
                 	.ENDM
                 
                 	.MACRO __PUTD1PMNS
                 	LDS  R26,@0
                 	LDS  R27,@0+1
                 	ADIW R26,@1
                 	CALL __PUTDP1
                 	.ENDM
                 
                 	.MACRO __PUTB1RN
                 	MOVW R26,R@0
                 	SUBI R26,LOW(-@1)
                 	SBCI R27,HIGH(-@1)
                 	ST   X,R30
                 	.ENDM
                 
                 	.MACRO __PUTW1RN
                 	MOVW R26,R@0
                 	SUBI R26,LOW(-@1)
                 	SBCI R27,HIGH(-@1)
                 	ST   X+,R30
                 	ST   X,R31
                 	.ENDM
                 
                 	.MACRO __PUTD1RN
                 	MOVW R26,R@0
                 	SUBI R26,LOW(-@1)
                 	SBCI R27,HIGH(-@1)
                 	CALL __PUTDP1
                 	.ENDM
                 
                 	.MACRO __PUTB1RNS
                 	MOVW R26,R@0
                 	ADIW R26,@1
                 	ST   X,R30
                 	.ENDM
                 
                 	.MACRO __PUTW1RNS
                 	MOVW R26,R@0
                 	ADIW R26,@1
                 	ST   X+,R30
                 	ST   X,R31
                 	.ENDM
                 
                 	.MACRO __PUTD1RNS
                 	MOVW R26,R@0
                 	ADIW R26,@1
                 	CALL __PUTDP1
                 	.ENDM
                 
                 	.MACRO __PUTB1RON
                 	MOV  R26,R@0
                 	MOV  R27,R@1
                 	SUBI R26,LOW(-@2)
                 	SBCI R27,HIGH(-@2)
                 	ST   X,R30
                 	.ENDM
                 
                 	.MACRO __PUTW1RON
                 	MOV  R26,R@0
                 	MOV  R27,R@1
                 	SUBI R26,LOW(-@2)
                 	SBCI R27,HIGH(-@2)
                 	ST   X+,R30
                 	ST   X,R31
                 	.ENDM
                 
                 	.MACRO __PUTD1RON
                 	MOV  R26,R@0
                 	MOV  R27,R@1
                 	SUBI R26,LOW(-@2)
                 	SBCI R27,HIGH(-@2)
                 	CALL __PUTDP1
                 	.ENDM
                 
                 	.MACRO __PUTB1RONS
                 	MOV  R26,R@0
                 	MOV  R27,R@1
                 	ADIW R26,@2
                 	ST   X,R30
                 	.ENDM
                 
                 	.MACRO __PUTW1RONS
                 	MOV  R26,R@0
                 	MOV  R27,R@1
                 	ADIW R26,@2
                 	ST   X+,R30
                 	ST   X,R31
                 	.ENDM
                 
                 	.MACRO __PUTD1RONS
                 	MOV  R26,R@0
                 	MOV  R27,R@1
                 	ADIW R26,@2
                 	CALL __PUTDP1
                 	.ENDM
                 
                 
                 	.MACRO __GETB1SX
                 	MOVW R30,R28
                 	SUBI R30,LOW(-@0)
                 	SBCI R31,HIGH(-@0)
                 	LD   R30,Z
                 	.ENDM
                 
                 	.MACRO __GETB1HSX
                 	MOVW R30,R28
                 	SUBI R30,LOW(-@0)
                 	SBCI R31,HIGH(-@0)
                 	LD   R31,Z
                 	.ENDM
                 
                 	.MACRO __GETW1SX
                 	MOVW R30,R28
                 	SUBI R30,LOW(-@0)
                 	SBCI R31,HIGH(-@0)
                 	LD   R0,Z+
                 	LD   R31,Z
                 	MOV  R30,R0
                 	.ENDM
                 
                 	.MACRO __GETD1SX
                 	MOVW R30,R28
                 	SUBI R30,LOW(-@0)
                 	SBCI R31,HIGH(-@0)
                 	LD   R0,Z+
                 	LD   R1,Z+
                 	LD   R22,Z+
                 	LD   R23,Z
                 	MOVW R30,R0
                 	.ENDM
                 
                 	.MACRO __GETB2SX
                 	MOVW R26,R28
                 	SUBI R26,LOW(-@0)
                 	SBCI R27,HIGH(-@0)
                 	LD   R26,X
                 	.ENDM
                 
                 	.MACRO __GETW2SX
                 	MOVW R26,R28
                 	SUBI R26,LOW(-@0)
                 	SBCI R27,HIGH(-@0)
                 	LD   R0,X+
                 	LD   R27,X
                 	MOV  R26,R0
                 	.ENDM
                 
                 	.MACRO __GETD2SX
                 	MOVW R26,R28
                 	SUBI R26,LOW(-@0)
                 	SBCI R27,HIGH(-@0)
                 	LD   R0,X+
                 	LD   R1,X+
                 	LD   R24,X+
                 	LD   R25,X
                 	MOVW R26,R0
                 	.ENDM
                 
                 	.MACRO __GETBRSX
                 	MOVW R30,R28
                 	SUBI R30,LOW(-@1)
                 	SBCI R31,HIGH(-@1)
                 	LD   R@0,Z
                 	.ENDM
                 
                 	.MACRO __GETWRSX
                 	MOVW R30,R28
                 	SUBI R30,LOW(-@2)
                 	SBCI R31,HIGH(-@2)
                 	LD   R@0,Z+
                 	LD   R@1,Z
                 	.ENDM
                 
                 	.MACRO __GETBRSX2
                 	MOVW R26,R28
                 	SUBI R26,LOW(-@1)
                 	SBCI R27,HIGH(-@1)
                 	LD   R@0,X
                 	.ENDM
                 
                 	.MACRO __GETWRSX2
                 	MOVW R26,R28
                 	SUBI R26,LOW(-@2)
                 	SBCI R27,HIGH(-@2)
                 	LD   R@0,X+
                 	LD   R@1,X
                 	.ENDM
                 
                 	.MACRO __LSLW8SX
                 	MOVW R30,R28
                 	SUBI R30,LOW(-@0)
                 	SBCI R31,HIGH(-@0)
                 	LD   R31,Z
                 	CLR  R30
                 	.ENDM
                 
                 	.MACRO __PUTB1SX
                 	MOVW R26,R28
                 	SUBI R26,LOW(-@0)
                 	SBCI R27,HIGH(-@0)
                 	ST   X,R30
                 	.ENDM
                 
                 	.MACRO __PUTW1SX
                 	MOVW R26,R28
                 	SUBI R26,LOW(-@0)
                 	SBCI R27,HIGH(-@0)
                 	ST   X+,R30
                 	ST   X,R31
                 	.ENDM
                 
                 	.MACRO __PUTD1SX
                 	MOVW R26,R28
                 	SUBI R26,LOW(-@0)
                 	SBCI R27,HIGH(-@0)
                 	ST   X+,R30
                 	ST   X+,R31
                 	ST   X+,R22
                 	ST   X,R23
                 	.ENDM
                 
                 	.MACRO __CLRW1SX
                 	MOVW R26,R28
                 	SUBI R26,LOW(-@0)
                 	SBCI R27,HIGH(-@0)
                 	ST   X+,R30
                 	ST   X,R30
                 	.ENDM
                 
                 	.MACRO __CLRD1SX
                 	MOVW R26,R28
                 	SUBI R26,LOW(-@0)
                 	SBCI R27,HIGH(-@0)
                 	ST   X+,R30
                 	ST   X+,R30
                 	ST   X+,R30
                 	ST   X,R30
                 	.ENDM
                 
                 	.MACRO __PUTB2SX
                 	MOVW R30,R28
                 	SUBI R30,LOW(-@0)
                 	SBCI R31,HIGH(-@0)
                 	ST   Z,R26
                 	.ENDM
                 
                 	.MACRO __PUTW2SX
                 	MOVW R30,R28
                 	SUBI R30,LOW(-@0)
                 	SBCI R31,HIGH(-@0)
                 	ST   Z+,R26
                 	ST   Z,R27
                 	.ENDM
                 
                 	.MACRO __PUTD2SX
                 	MOVW R30,R28
                 	SUBI R30,LOW(-@0)
                 	SBCI R31,HIGH(-@0)
                 	ST   Z+,R26
                 	ST   Z+,R27
                 	ST   Z+,R24
                 	ST   Z,R25
                 	.ENDM
                 
                 	.MACRO __PUTBSRX
                 	MOVW R30,R28
                 	SUBI R30,LOW(-@1)
                 	SBCI R31,HIGH(-@1)
                 	ST   Z,R@0
                 	.ENDM
                 
                 	.MACRO __PUTWSRX
                 	MOVW R30,R28
                 	SUBI R30,LOW(-@2)
                 	SBCI R31,HIGH(-@2)
                 	ST   Z+,R@0
                 	ST   Z,R@1
                 	.ENDM
                 
                 	.MACRO __PUTB1SNX
                 	MOVW R26,R28
                 	SUBI R26,LOW(-@0)
                 	SBCI R27,HIGH(-@0)
                 	LD   R0,X+
                 	LD   R27,X
                 	MOV  R26,R0
                 	SUBI R26,LOW(-@1)
                 	SBCI R27,HIGH(-@1)
                 	ST   X,R30
                 	.ENDM
                 
                 	.MACRO __PUTW1SNX
                 	MOVW R26,R28
                 	SUBI R26,LOW(-@0)
                 	SBCI R27,HIGH(-@0)
                 	LD   R0,X+
                 	LD   R27,X
                 	MOV  R26,R0
                 	SUBI R26,LOW(-@1)
                 	SBCI R27,HIGH(-@1)
                 	ST   X+,R30
                 	ST   X,R31
                 	.ENDM
                 
                 	.MACRO __PUTD1SNX
                 	MOVW R26,R28
                 	SUBI R26,LOW(-@0)
                 	SBCI R27,HIGH(-@0)
                 	LD   R0,X+
                 	LD   R27,X
                 	MOV  R26,R0
                 	SUBI R26,LOW(-@1)
                 	SBCI R27,HIGH(-@1)
                 	ST   X+,R30
                 	ST   X+,R31
                 	ST   X+,R22
                 	ST   X,R23
                 	.ENDM
                 
                 	.MACRO __MULBRR
                 	MULS R@0,R@1
                 	MOVW R30,R0
                 	.ENDM
                 
                 	.MACRO __MULBRRU
                 	MUL  R@0,R@1
                 	MOVW R30,R0
                 	.ENDM
                 
                 	.MACRO __MULBRR0
                 	MULS R@0,R@1
                 	.ENDM
                 
                 	.MACRO __MULBRRU0
                 	MUL  R@0,R@1
                 	.ENDM
                 
                 	.MACRO __MULBNWRU
                 	LDI  R26,@2
                 	MUL  R26,R@0
                 	MOVW R30,R0
                 	MUL  R26,R@1
                 	ADD  R31,R0
                 	.ENDM
                 
                 ;NAME DEFINITIONS FOR GLOBAL VARIABLES ALLOCATED TO REGISTERS
                 	.DEF _i=R5
                 	.DEF _num_counter=R4
                 	.DEF _swap1=R7
                 	.DEF _swap2=R6
                 	.DEF _final=R8
                 	.DEF _final_msb=R9
                 	.DEF _counter=R11
                 
                 	.CSEG
                 	.ORG 0x00
                 
                 ;START OF CODE MARKER
                 __START_OF_CODE:
                 
                 ;INTERRUPT VECTORS
000000 940c 0032 	JMP  __RESET
000002 940c 0000 	JMP  0x00
000004 940c 0000 	JMP  0x00
000006 940c 0000 	JMP  0x00
000008 940c 0000 	JMP  0x00
00000a 940c 0000 	JMP  0x00
00000c 940c 0000 	JMP  0x00
00000e 940c 0000 	JMP  0x00
000010 940c 0000 	JMP  0x00
000012 940c 0000 	JMP  0x00
000014 940c 00b3 	JMP  _timer0_comp_isr
000016 940c 0000 	JMP  0x00
000018 940c 0000 	JMP  0x00
00001a 940c 0000 	JMP  0x00
00001c 940c 0000 	JMP  0x00
00001e 940c 0000 	JMP  0x00
000020 940c 0000 	JMP  0x00
000022 940c 0000 	JMP  0x00
000024 940c 0000 	JMP  0x00
000026 940c 0000 	JMP  0x00
000028 940c 0000 	JMP  0x00
                 
                 ;GLOBAL REGISTER VARIABLES INITIALIZATION
                 __REG_VARS:
00002a 0000
00002b 0000      	.DB  0x0,0x0,0x0,0x0
00002c 0000
00002d 0000      	.DB  0x0,0x0,0x0,0x0
                 
                 
                 __GLOBAL_INI_TBL:
00002e 0008      	.DW  0x08
00002f 0004      	.DW  0x04
000030 0054      	.DW  __REG_VARS*2
                 
                 _0xFFFFFFFF:
000031 0000      	.DW  0
                 
                 #define __GLOBAL_INI_TBL_PRESENT 1
                 
                 __RESET:
000032 94f8      	CLI
000033 27ee      	CLR  R30
000034 bbec      	OUT  EECR,R30
                 
                 ;INTERRUPT VECTORS ARE PLACED
                 ;AT THE START OF FLASH
000035 e0f1      	LDI  R31,1
000036 bffb      	OUT  GICR,R31
000037 bfeb      	OUT  GICR,R30
000038 bfe5      	OUT  MCUCR,R30
                 
                 ;CLEAR R2-R14
000039 e08d      	LDI  R24,(14-2)+1
00003a e0a2      	LDI  R26,2
00003b 27bb      	CLR  R27
                 __CLEAR_REG:
00003c 93ed      	ST   X+,R30
00003d 958a      	DEC  R24
00003e f7e9      	BRNE __CLEAR_REG
                 
                 ;CLEAR SRAM
00003f e080      	LDI  R24,LOW(__CLEAR_SRAM_SIZE)
000040 e098      	LDI  R25,HIGH(__CLEAR_SRAM_SIZE)
000041 e6a0      	LDI  R26,__SRAM_START
                 __CLEAR_SRAM:
000042 93ed      	ST   X+,R30
000043 9701      	SBIW R24,1
000044 f7e9      	BRNE __CLEAR_SRAM
                 
                 ;GLOBAL VARIABLES INITIALIZATION
000045 e5ec      	LDI  R30,LOW(__GLOBAL_INI_TBL*2)
000046 e0f0      	LDI  R31,HIGH(__GLOBAL_INI_TBL*2)
                 __GLOBAL_INI_NEXT:
000047 9185      	LPM  R24,Z+
000048 9195      	LPM  R25,Z+
000049 9700      	SBIW R24,0
00004a f061      	BREQ __GLOBAL_INI_END
00004b 91a5      	LPM  R26,Z+
00004c 91b5      	LPM  R27,Z+
00004d 9005      	LPM  R0,Z+
00004e 9015      	LPM  R1,Z+
00004f 01bf      	MOVW R22,R30
000050 01f0      	MOVW R30,R0
                 __GLOBAL_INI_LOOP:
000051 9005      	LPM  R0,Z+
000052 920d      	ST   X+,R0
000053 9701      	SBIW R24,1
000054 f7e1      	BRNE __GLOBAL_INI_LOOP
000055 01fb      	MOVW R30,R22
000056 cff0      	RJMP __GLOBAL_INI_NEXT
                 __GLOBAL_INI_END:
                 
                 ;HARDWARE STACK POINTER INITIALIZATION
000057 e5ef      	LDI  R30,LOW(__SRAM_END-__HEAP_SIZE)
000058 bfed      	OUT  SPL,R30
000059 e0e8      	LDI  R30,HIGH(__SRAM_END-__HEAP_SIZE)
00005a bfee      	OUT  SPH,R30
                 
                 ;DATA STACK POINTER INITIALIZATION
00005b e6c0      	LDI  R28,LOW(__SRAM_START+__DSTACK_SIZE)
00005c e0d2      	LDI  R29,HIGH(__SRAM_START+__DSTACK_SIZE)
                 
00005d 940c 00f2 	JMP  _main
                 
                 	.ESEG
                 	.ORG 0
                 
                 	.DSEG
                 	.ORG 0x260
                 
                 	.CSEG
                 ;/*******************************************************
                 ;This program was created by the
                 ;CodeWizardAVR V3.12 Advanced
                 ;Automatic Program Generator
                 ;© Copyright 1998-2014 Pavel Haiduc, HP InfoTech s.r.l.
                 ;http://www.hpinfotech.com
                 ;
                 ;Project :
                 ;Version :
                 ;Date    : 6/29/2022
                 ;Author  :
                 ;Company :
                 ;Comments:
                 ;
                 ;
                 ;Chip type               : ATmega32
                 ;Program type            : Application
                 ;AVR Core Clock frequency: 8.000000 MHz
                 ;Memory model            : Small
                 ;External RAM size       : 0
                 ;Data Stack size         : 512
                 ;*******************************************************/
                 ;
                 ;#include <mega32.h>
                 	#ifndef __SLEEP_DEFINED__
                 	#define __SLEEP_DEFINED__
                 	.EQU __se_bit=0x80
                 	.EQU __sm_mask=0x70
                 	.EQU __sm_powerdown=0x20
                 	.EQU __sm_powersave=0x30
                 	.EQU __sm_standby=0x60
                 	.EQU __sm_ext_standby=0x70
                 	.EQU __sm_adc_noise_red=0x10
                 	.SET power_ctrl_reg=mcucr
                 	#endif
                 ;#include <delay.h>
                 ;#define EN PORTC.2
                 ;#define RW PORTC.1
                 ;#define RS PORTC.0
                 ;#define lcd PORTD
                 ;unsigned char i;
                 ;unsigned char temp[16];
                 ;unsigned char num_counter = 0;
                 ;unsigned char swap1,swap2;
                 ;unsigned int final;
                 ;
                 ;void lcd_command(unsigned char data){
                 ; 0000 0024 void lcd_command(unsigned char data){
                 
                 	.CSEG
                 _lcd_command:
                 ; .FSTART _lcd_command
                 ; 0000 0025     lcd = data;
00005f 93aa      	ST   -Y,R26
                 ;	data -> Y+0
000060 81e8      	LD   R30,Y
000061 bbe2      	OUT  0x12,R30
                 ; 0000 0026     RS = 0;
000062 98a8      	CBI  0x15,0
                 ; 0000 0027     RW = 0;
000063 c004      	RJMP _0x2000001
                 ; 0000 0028     EN = 0;
                 ; 0000 0029     delay_ms(2);
                 ; 0000 002A     EN = 1;
                 ; 0000 002B     RS = 0;
                 ; 0000 002C     RW = 0;
                 ; 0000 002D 
                 ; 0000 002E }
                 ; .FEND
                 ;
                 ;void lcd_data(unsigned char data){
                 ; 0000 0030 void lcd_data(unsigned char data){
                 _lcd_data:
                 ; .FSTART _lcd_data
                 ; 0000 0031     lcd = data;
000064 93aa      	ST   -Y,R26
                 ;	data -> Y+0
000065 81e8      	LD   R30,Y
000066 bbe2      	OUT  0x12,R30
                 ; 0000 0032     RS = 1;
000067 9aa8      	SBI  0x15,0
                 ; 0000 0033     RW = 0;
                 _0x2000001:
000068 98a9      	CBI  0x15,1
                 ; 0000 0034     EN = 0;
000069 98aa      	CBI  0x15,2
                 ; 0000 0035     delay_ms(2);
00006a e0a2      	LDI  R26,LOW(2)
00006b e0b0      	LDI  R27,0
00006c 940e 0118 	CALL _delay_ms
                 ; 0000 0036     EN = 1;
00006e 9aaa      	SBI  0x15,2
                 ; 0000 0037     RS = 0;
00006f 98a8      	CBI  0x15,0
                 ; 0000 0038     RW = 0;
000070 98a9      	CBI  0x15,1
                 ; 0000 0039 }
000071 9621      	ADIW R28,1
000072 9508      	RET
                 ; .FEND
                 ;
                 ;void lcd_init(void){
                 ; 0000 003B void lcd_init(void){
                 _lcd_init:
                 ; .FSTART _lcd_init
                 ; 0000 003C     lcd_command(0x38);//function set
000073 e3a8      	LDI  R26,LOW(56)
000074 dfea      	RCALL _lcd_command
                 ; 0000 003D     lcd_command(0b1100);//on/off display
000075 e0ac      	LDI  R26,LOW(12)
000076 dfe8      	RCALL _lcd_command
                 ; 0000 003E     lcd_command(0b110);//inc
000077 e0a6      	LDI  R26,LOW(6)
000078 dfe6      	RCALL _lcd_command
                 ; 0000 003F     lcd_command(0x01);//clear
000079 e0a1      	LDI  R26,LOW(1)
00007a dfe4      	RCALL _lcd_command
                 ; 0000 0040 }
00007b 9508      	RET
                 ; .FEND
                 ;
                 ;void lcd_show(unsigned int number){
                 ; 0000 0042 void lcd_show(unsigned int number){
                 _lcd_show:
                 ; .FSTART _lcd_show
                 ; 0000 0043 
                 ; 0000 0044 
                 ; 0000 0045     num_counter = 0;
00007c 93ba      	ST   -Y,R27
00007d 93aa      	ST   -Y,R26
                 ;	number -> Y+0
00007e 2444      	CLR  R4
                 ; 0000 0046     while(number!=0 ){
                 _0x1B:
00007f 81e8      	LD   R30,Y
000080 81f9      	LDD  R31,Y+1
000081 9730      	SBIW R30,0
000082 f0b9      	BREQ _0x1D
                 ; 0000 0047         temp[num_counter] = number%10;
000083 2de4      	MOV  R30,R4
000084 e0f0      	LDI  R31,0
000085 5ae0      	SUBI R30,LOW(-_temp)
000086 4ffd      	SBCI R31,HIGH(-_temp)
000087 01bf      	MOVW R22,R30
000088 81a8      	LD   R26,Y
000089 81b9      	LDD  R27,Y+1
00008a e0ea      	LDI  R30,LOW(10)
00008b e0f0      	LDI  R31,HIGH(10)
00008c 940e 0135 	CALL __MODW21U
00008e 01db      	MOVW R26,R22
00008f 93ec      	ST   X,R30
                 ; 0000 0048         number = number/10;
000090 81a8      	LD   R26,Y
000091 81b9      	LDD  R27,Y+1
000092 e0ea      	LDI  R30,LOW(10)
000093 e0f0      	LDI  R31,HIGH(10)
000094 940e 0122 	CALL __DIVW21U
000096 83e8      	ST   Y,R30
000097 83f9      	STD  Y+1,R31
                 ; 0000 0049         num_counter++;
000098 9443      	INC  R4
                 ; 0000 004A     }
000099 cfe5      	RJMP _0x1B
                 _0x1D:
                 ; 0000 004B     for (i = 0;i<num_counter;i++){
00009a 2455      	CLR  R5
                 _0x1F:
00009b 1454      	CP   R5,R4
00009c f4a0      	BRSH _0x20
                 ; 0000 004C         lcd_data('0'+temp[num_counter-i-1]);
00009d 2da4      	MOV  R26,R4
00009e 27bb      	CLR  R27
00009f 2de5      	MOV  R30,R5
0000a0 e0f0      	LDI  R31,0
0000a1 1bae      	SUB  R26,R30
0000a2 0bbf      	SBC  R27,R31
0000a3 e0e1      	LDI  R30,LOW(1)
0000a4 e0f0      	LDI  R31,HIGH(1)
0000a5 940e 0138 	CALL __SWAPW12
0000a7 1bea      	SUB  R30,R26
0000a8 0bfb      	SBC  R31,R27
0000a9 5ae0      	SUBI R30,LOW(-_temp)
0000aa 4ffd      	SBCI R31,HIGH(-_temp)
0000ab 81e0      	LD   R30,Z
0000ac 5de0      	SUBI R30,-LOW(48)
0000ad 2fae      	MOV  R26,R30
0000ae dfb5      	RCALL _lcd_data
                 ; 0000 004D     }
0000af 9453      	INC  R5
0000b0 cfea      	RJMP _0x1F
                 _0x20:
                 ; 0000 004E 
                 ; 0000 004F 
                 ; 0000 0050 }
0000b1 9622      	ADIW R28,2
0000b2 9508      	RET
                 ; .FEND
                 ;
                 ;// Declare your global variables here
                 ;unsigned char counter = 0;
                 ;// Timer 0 output compare interrupt service routine
                 ;interrupt [TIM0_COMP] void timer0_comp_isr(void)
                 ; 0000 0056 {
                 _timer0_comp_isr:
                 ; .FSTART _timer0_comp_isr
0000b3 920a      	ST   -Y,R0
0000b4 921a      	ST   -Y,R1
0000b5 92fa      	ST   -Y,R15
0000b6 936a      	ST   -Y,R22
0000b7 937a      	ST   -Y,R23
0000b8 938a      	ST   -Y,R24
0000b9 939a      	ST   -Y,R25
0000ba 93aa      	ST   -Y,R26
0000bb 93ba      	ST   -Y,R27
0000bc 93ea      	ST   -Y,R30
0000bd 93fa      	ST   -Y,R31
0000be b7ef      	IN   R30,SREG
0000bf 93ea      	ST   -Y,R30
                 ; 0000 0057     if(counter==125){
0000c0 e7ed      	LDI  R30,LOW(125)
0000c1 15eb      	CP   R30,R11
0000c2 f501      	BRNE _0x21
                 ; 0000 0058         counter =0;
0000c3 24bb      	CLR  R11
                 ; 0000 0059         lcd_command(0x01);
0000c4 e0a1      	LDI  R26,LOW(1)
0000c5 df99      	RCALL _lcd_command
                 ; 0000 005A         swap1 = TCNT1L;
0000c6 b47c      	IN   R7,44
                 ; 0000 005B         swap2 = TCNT1H;
0000c7 b46d      	IN   R6,45
                 ; 0000 005C         final = (swap1 + swap2<<8);
0000c8 2da7      	MOV  R26,R7
0000c9 27bb      	CLR  R27
0000ca 27ee      	CLR  R30
0000cb 0da6      	ADD  R26,R6
0000cc 1fbe      	ADC  R27,R30
0000cd 01fd      	MOVW R30,R26
0000ce 2ffe      	MOV  R31,R30
0000cf e0e0      	LDI  R30,0
0000d0 014f      	MOVW R8,R30
                 ; 0000 005D         lcd_show(final / 1000);
0000d1 01d4      	MOVW R26,R8
0000d2 eee8      	LDI  R30,LOW(1000)
0000d3 e0f3      	LDI  R31,HIGH(1000)
0000d4 940e 0122 	CALL __DIVW21U
0000d6 01df      	MOVW R26,R30
0000d7 dfa4      	RCALL _lcd_show
                 ; 0000 005E         lcd_show(final % 1000);
0000d8 01d4      	MOVW R26,R8
0000d9 eee8      	LDI  R30,LOW(1000)
0000da e0f3      	LDI  R31,HIGH(1000)
0000db 940e 0135 	CALL __MODW21U
0000dd 01df      	MOVW R26,R30
0000de df9d      	RCALL _lcd_show
                 ; 0000 005F 
                 ; 0000 0060         TCNT1H = 0;
0000df e0e0      	LDI  R30,LOW(0)
0000e0 bded      	OUT  0x2D,R30
                 ; 0000 0061         TCNT1L = 0;
0000e1 bdec      	OUT  0x2C,R30
                 ; 0000 0062 
                 ; 0000 0063     }else{
0000e2 c001      	RJMP _0x22
                 _0x21:
                 ; 0000 0064         counter++;
0000e3 94b3      	INC  R11
                 ; 0000 0065     }
                 _0x22:
                 ; 0000 0066 
                 ; 0000 0067 }
0000e4 91e9      	LD   R30,Y+
0000e5 bfef      	OUT  SREG,R30
0000e6 91f9      	LD   R31,Y+
0000e7 91e9      	LD   R30,Y+
0000e8 91b9      	LD   R27,Y+
0000e9 91a9      	LD   R26,Y+
0000ea 9199      	LD   R25,Y+
0000eb 9189      	LD   R24,Y+
0000ec 9179      	LD   R23,Y+
0000ed 9169      	LD   R22,Y+
0000ee 90f9      	LD   R15,Y+
0000ef 9019      	LD   R1,Y+
0000f0 9009      	LD   R0,Y+
0000f1 9518      	RETI
                 ; .FEND
                 ;
                 ;void main(void)
                 ; 0000 006A {
                 _main:
                 ; .FSTART _main
                 ; 0000 006B // Declare your local variables here
                 ; 0000 006C 
                 ; 0000 006D // Input/Output Ports initialization
                 ; 0000 006E // Port A initialization
                 ; 0000 006F // Function: Bit7=In Bit6=In Bit5=In Bit4=In Bit3=In Bit2=In Bit1=In Bit0=In
                 ; 0000 0070 DDRA=(0<<DDA7) | (0<<DDA6) | (0<<DDA5) | (0<<DDA4) | (0<<DDA3) | (0<<DDA2) | (0<<DDA1) | (0<<DDA0);
0000f2 e0e0      	LDI  R30,LOW(0)
0000f3 bbea      	OUT  0x1A,R30
                 ; 0000 0071 // State: Bit7=T Bit6=T Bit5=T Bit4=T Bit3=T Bit2=T Bit1=T Bit0=T
                 ; 0000 0072 PORTA=(0<<PORTA7) | (0<<PORTA6) | (0<<PORTA5) | (0<<PORTA4) | (0<<PORTA3) | (0<<PORTA2) | (0<<PORTA1) | (0<<PORTA0);
0000f4 bbeb      	OUT  0x1B,R30
                 ; 0000 0073 
                 ; 0000 0074 // Port B initialization
                 ; 0000 0075 // Function: Bit7=In Bit6=In Bit5=In Bit4=In Bit3=In Bit2=In Bit1=In Bit0=In
                 ; 0000 0076 DDRB=(0<<DDB7) | (0<<DDB6) | (0<<DDB5) | (0<<DDB4) | (0<<DDB3) | (0<<DDB2) | (0<<DDB1) | (0<<DDB0);
0000f5 bbe7      	OUT  0x17,R30
                 ; 0000 0077 // State: Bit7=T Bit6=T Bit5=T Bit4=T Bit3=T Bit2=T Bit1=T Bit0=T
                 ; 0000 0078 PORTB=(0<<PORTB7) | (0<<PORTB6) | (0<<PORTB5) | (0<<PORTB4) | (0<<PORTB3) | (0<<PORTB2) | (0<<PORTB1) | (0<<PORTB0);
0000f6 bbe8      	OUT  0x18,R30
                 ; 0000 0079 
                 ; 0000 007A // Port C initialization
                 ; 0000 007B // Function: Bit7=In Bit6=In Bit5=In Bit4=In Bit3=In Bit2=In Bit1=In Bit0=In
                 ; 0000 007C DDRC=(0<<DDC7) | (0<<DDC6) | (0<<DDC5) | (0<<DDC4) | (0<<DDC3) | (1<<DDC2) | (1<<DDC1) | (1<<DDC0);
0000f7 e0e7      	LDI  R30,LOW(7)
0000f8 bbe4      	OUT  0x14,R30
                 ; 0000 007D // State: Bit7=T Bit6=T Bit5=T Bit4=T Bit3=T Bit2=T Bit1=T Bit0=T
                 ; 0000 007E PORTC=(0<<PORTC7) | (0<<PORTC6) | (0<<PORTC5) | (0<<PORTC4) | (0<<PORTC3) | (1<<PORTC2) | (0<<PORTC1) | (0<<PORTC0);
0000f9 e0e4      	LDI  R30,LOW(4)
0000fa bbe5      	OUT  0x15,R30
                 ; 0000 007F 
                 ; 0000 0080 // Port D initialization
                 ; 0000 0081 // Function: Bit7=In Bit6=In Bit5=In Bit4=In Bit3=In Bit2=In Bit1=In Bit0=In
                 ; 0000 0082 DDRD=(1<<DDD7) | (1<<DDD6) | (1<<DDD5) | (1<<DDD4) | (1<<DDD3) | (1<<DDD2) | (1<<DDD1) | (1<<DDD0);
0000fb efef      	LDI  R30,LOW(255)
0000fc bbe1      	OUT  0x11,R30
                 ; 0000 0083 // State: Bit7=T Bit6=T Bit5=T Bit4=T Bit3=T Bit2=T Bit1=T Bit0=T
                 ; 0000 0084 PORTD=(0<<PORTD7) | (0<<PORTD6) | (0<<PORTD5) | (0<<PORTD4) | (0<<PORTD3) | (0<<PORTD2) | (0<<PORTD1) | (0<<PORTD0);
0000fd e0e0      	LDI  R30,LOW(0)
0000fe bbe2      	OUT  0x12,R30
                 ; 0000 0085 
                 ; 0000 0086 // Timer/Counter 0 initialization
                 ; 0000 0087 // Clock source: System Clock
                 ; 0000 0088 // Clock value: 31.250 kHz
                 ; 0000 0089 // Mode: CTC top=OCR0
                 ; 0000 008A // OC0 output: Disconnected
                 ; 0000 008B // Timer Period: 8 ms
                 ; 0000 008C TCCR0=(0<<WGM00) | (0<<COM01) | (0<<COM00) | (1<<WGM01) | (1<<CS02) | (0<<CS01) | (0<<CS00);
0000ff e0ec      	LDI  R30,LOW(12)
000100 bfe3      	OUT  0x33,R30
                 ; 0000 008D TCNT0=0x00;
000101 e0e0      	LDI  R30,LOW(0)
000102 bfe2      	OUT  0x32,R30
                 ; 0000 008E OCR0=0xF9;
000103 efe9      	LDI  R30,LOW(249)
000104 bfec      	OUT  0x3C,R30
                 ; 0000 008F 
                 ; 0000 0090 // Timer/Counter 1 initialization
                 ; 0000 0091 // Clock source: T1 pin Falling Edge
                 ; 0000 0092 // Mode: Normal top=0xFFFF
                 ; 0000 0093 // OC1A output: Disconnected
                 ; 0000 0094 // OC1B output: Disconnected
                 ; 0000 0095 // Noise Canceler: Off
                 ; 0000 0096 // Input Capture on Falling Edge
                 ; 0000 0097 // Timer1 Overflow Interrupt: Off
                 ; 0000 0098 // Input Capture Interrupt: Off
                 ; 0000 0099 // Compare A Match Interrupt: Off
                 ; 0000 009A // Compare B Match Interrupt: Off
                 ; 0000 009B TCCR1A=(0<<COM1A1) | (0<<COM1A0) | (0<<COM1B1) | (0<<COM1B0) | (0<<WGM11) | (0<<WGM10);
000105 e0e0      	LDI  R30,LOW(0)
000106 bdef      	OUT  0x2F,R30
                 ; 0000 009C TCCR1B=(0<<ICNC1) | (0<<ICES1) | (0<<WGM13) | (0<<WGM12) | (1<<CS12) | (1<<CS11) | (0<<CS10);
000107 e0e6      	LDI  R30,LOW(6)
000108 bdee      	OUT  0x2E,R30
                 ; 0000 009D TCNT1H=0x00;
000109 e0e0      	LDI  R30,LOW(0)
00010a bded      	OUT  0x2D,R30
                 ; 0000 009E TCNT1L=0x00;
00010b bdec      	OUT  0x2C,R30
                 ; 0000 009F ICR1H=0x00;
00010c bde7      	OUT  0x27,R30
                 ; 0000 00A0 ICR1L=0x00;
00010d bde6      	OUT  0x26,R30
                 ; 0000 00A1 OCR1AH=0x00;
00010e bdeb      	OUT  0x2B,R30
                 ; 0000 00A2 OCR1AL=0x00;
00010f bdea      	OUT  0x2A,R30
                 ; 0000 00A3 OCR1BH=0x00;
000110 bde9      	OUT  0x29,R30
                 ; 0000 00A4 OCR1BL=0x00;
000111 bde8      	OUT  0x28,R30
                 ; 0000 00A5 
                 ; 0000 00A6 // Timer(s)/Counter(s) Interrupt(s) initialization
                 ; 0000 00A7 TIMSK=(0<<OCIE2) | (0<<TOIE2) | (0<<TICIE1) | (0<<OCIE1A) | (0<<OCIE1B) | (0<<TOIE1) | (1<<OCIE0) | (0<<TOIE0);
000112 e0e2      	LDI  R30,LOW(2)
000113 bfe9      	OUT  0x39,R30
                 ; 0000 00A8 
                 ; 0000 00A9 // Global enable interrupts
                 ; 0000 00AA #asm("sei")
000114 9478      	sei
                 ; 0000 00AB 
                 ; 0000 00AC lcd_init();
000115 df5d      	RCALL _lcd_init
                 ; 0000 00AD while (1)
                 _0x23:
                 ; 0000 00AE       {
                 ; 0000 00AF       // Place your code here
                 ; 0000 00B0 
                 ; 0000 00B1       }
000116 cfff      	RJMP _0x23
                 ; 0000 00B2 }
                 _0x26:
000117 cfff      	RJMP _0x26
                 ; .FEND
                 
                 	.DSEG
                 _temp:
000260           	.BYTE 0x10
                 
                 	.CSEG
                 
                 	.CSEG
                 _delay_ms:
000118 9610      	adiw r26,0
000119 f039      	breq __delay_ms1
                 __delay_ms0:
                +
00011a ed80     +LDI R24 , LOW ( 0x7D0 )
00011b e097     +LDI R25 , HIGH ( 0x7D0 )
                +__DELAY_USW_LOOP :
00011c 9701     +SBIW R24 , 1
00011d f7f1     +BRNE __DELAY_USW_LOOP
                 	__DELAY_USW 0x7D0
00011e 95a8      	wdr
00011f 9711      	sbiw r26,1
000120 f7c9      	brne __delay_ms0
                 __delay_ms1:
000121 9508      	ret
                 
                 __DIVW21U:
000122 2400      	CLR  R0
000123 2411      	CLR  R1
000124 e190      	LDI  R25,16
                 __DIVW21U1:
000125 0faa      	LSL  R26
000126 1fbb      	ROL  R27
000127 1c00      	ROL  R0
000128 1c11      	ROL  R1
000129 1a0e      	SUB  R0,R30
00012a 0a1f      	SBC  R1,R31
00012b f418      	BRCC __DIVW21U2
00012c 0e0e      	ADD  R0,R30
00012d 1e1f      	ADC  R1,R31
00012e c001      	RJMP __DIVW21U3
                 __DIVW21U2:
00012f 60a1      	SBR  R26,1
                 __DIVW21U3:
000130 959a      	DEC  R25
000131 f799      	BRNE __DIVW21U1
000132 01fd      	MOVW R30,R26
000133 01d0      	MOVW R26,R0
000134 9508      	RET
                 
                 __MODW21U:
000135 dfec      	RCALL __DIVW21U
000136 01fd      	MOVW R30,R26
000137 9508      	RET
                 
                 __SWAPW12:
000138 2e1b      	MOV  R1,R27
000139 2fbf      	MOV  R27,R31
00013a 2df1      	MOV  R31,R1
                 
                 __SWAPB12:
00013b 2e1a      	MOV  R1,R26
00013c 2fae      	MOV  R26,R30
00013d 2de1      	MOV  R30,R1
00013e 9508      	RET
                 
                 ;END OF CODE MARKER
                 __END_OF_CODE:


RESOURCE USE INFORMATION
------------------------

Notice:
The register and instruction counts are symbol table hit counts,
and hence implicitly used resources are not counted, eg, the
'lpm' instruction without operands implicitly uses r0 and z,
none of which are counted.

x,y,z are separate entities in the symbol table and are
counted separately from r26..r31 here.

.dseg memory usage only counts static data declared with .byte

ATmega32 register use summary:
r0 :  11 r1 :  11 r2 :   0 r3 :   0 r4 :   5 r5 :   4 r6 :   2 r7 :   2 
r8 :   3 r9 :   0 r10:   0 r11:   3 r12:   0 r13:   0 r14:   0 r15:   2 
r16:   0 r17:   0 r18:   0 r19:   0 r20:   0 r21:   0 r22:   6 r23:   2 
r24:  11 r25:   7 r26:  37 r27:  16 r28:   3 r29:   1 r30:  96 r31:  23 
x  :   4 y  :  38 z  :   8 
Registers used: 22 out of 35 (62.9%)

ATmega32 instruction use summary:
.lds  :   0 .lds.l:   0 .sts  :   0 .sts.l:   0 adc   :   2 add   :   2 
adiw  :   3 and   :   0 andi  :   0 asr   :   0 bclr  :   0 bld   :   0 
brbc  :   0 brbs  :   0 brcc  :   1 brcs  :   0 break :   0 breq  :   3 
brge  :   0 brhc  :   0 brhs  :   0 brid  :   0 brie  :   0 brlo  :   0 
brlt  :   0 brmi  :   0 brne  :   7 brpl  :   0 brsh  :   1 brtc  :   0 
brts  :   0 brvc  :   0 brvs  :   0 bset  :   0 bst   :   0 call  :   6 
cbi   :   5 cbr   :   0 clc   :   0 clh   :   0 cli   :   1 cln   :   0 
clr   :  10 cls   :   0 clt   :   0 clv   :   0 clz   :   0 com   :   0 
cp    :   2 cpc   :   0 cpi   :   0 cpse  :   0 dec   :   2 des   :   0 
eor   :   0 fmul  :   0 fmuls :   0 fmulsu:   0 icall :   0 ijmp  :   0 
in    :   3 inc   :   3 jmp   :  22 ld    :  18 ldd   :   3 ldi   :  49 
lds   :   0 lpm   :   7 lsl   :   1 lsr   :   0 mov   :  12 movw  :  14 
mul   :   0 muls  :   0 mulsu :   0 neg   :   0 nop   :   0 or    :   0 
ori   :   0 out   :  33 pop   :   0 push  :   0 rcall :  10 ret   :   7 
reti  :   1 rjmp  :   8 rol   :   3 ror   :   0 sbc   :   3 sbci  :   2 
sbi   :   2 sbic  :   0 sbis  :   0 sbiw  :   6 sbr   :   1 sbrc  :   0 
sbrs  :   0 sec   :   0 seh   :   0 sei   :   1 sen   :   0 ser   :   0 
ses   :   0 set   :   0 sev   :   0 sez   :   0 sleep :   0 spm   :   0 
st    :  21 std   :   1 sts   :   0 sub   :   3 subi  :   3 swap  :   0 
tst   :   0 wdr   :   1 
Instructions used: 40 out of 116 (34.5%)

ATmega32 memory use summary [bytes]:
Segment   Begin    End      Code   Data   Used    Size   Use%
---------------------------------------------------------------
[.cseg] 0x000000 0x00027e    622     16    638   32768   1.9%
[.dseg] 0x000060 0x000270      0     16     16    2048   0.8%
[.eseg] 0x000000 0x000000      0      0      0    1024   0.0%

Assembly complete, 0 errors, 7 warnings
